1.1. act -1, pred -1, sxs 1, qlty 1.000
1.2. act -1, pred -1, sxs 1, qlty 1.000
1.3. act -1, pred -1, sxs 1, qlty 1.000
1.4. act -1, pred -1, sxs 1, qlty 1.000
1.5. act -1, pred -1, sxs 1, qlty 1.000
1.6. act -1, pred -1, sxs 1, qlty 1.000
1.7. act -1, pred -1, sxs 1, qlty 1.000
1.8. act -1, pred -1, sxs 1, qlty 1.000
1.9. act -1, pred -1, sxs 1, qlty 1.000
1.10. act -1, pred -1, sxs 1, qlty 1.000
1.11. act -1, pred -1, sxs 1, qlty 1.000
1.12. act -1, pred -1, sxs 1, qlty 1.000
1.13. act -1, pred -1, sxs 1, qlty 1.000
1.14. act -1, pred -1, sxs 1, qlty 1.000
1.15. act -1, pred -1, sxs 1, qlty 1.000
1.16. act -1, pred -1, sxs 1, qlty 1.000
1.17. act -1, pred -1, sxs 1, qlty 0.667
1.18. act -1, pred -1, sxs 1, qlty 1.000
1.19. act -1, pred -1, sxs 1, qlty 0.667
1.20. act -1, pred -1, sxs 1, qlty 0.667
1.21. act -1, pred -1, sxs 1, qlty 0.667
1.22. act -1, pred -1, sxs 1, qlty 1.000
1.23. act -1, pred -1, sxs 1, qlty 0.667
1.24. act -1, pred -1, sxs 1, qlty 1.000
1.25. act -1, pred -1, sxs 1, qlty 1.000
1.26. act -1, pred -1, sxs 1, qlty 0.667
1.27. act -1, pred -1, sxs 1, qlty 1.000
1.28. act -1, pred -1, sxs 1, qlty 1.000
1.29. act -1, pred -1, sxs 1, qlty 1.000
1.30. act -1, pred -1, sxs 1, qlty 1.000
1.31. act -1, pred -1, sxs 1, qlty 1.000
2.1. act -1, pred 1, sxs 0, qlty 1.000
2.2. act -1, pred 1, sxs 0, qlty 1.000
2.3. act -1, pred 1, sxs 0, qlty 1.000
2.4. act -1, pred 1, sxs 0, qlty 1.000
2.5. act -1, pred -1, sxs 1, qlty 1.000
2.6. act -1, pred 1, sxs 0, qlty 1.000
2.7. act -1, pred 1, sxs 0, qlty 1.000
2.8. act -1, pred 1, sxs 0, qlty 1.000
2.9. act -1, pred 1, sxs 0, qlty 1.000
2.10. act -1, pred 1, sxs 0, qlty 1.000
2.11. act -1, pred 1, sxs 0, qlty 1.000
2.12. act -1, pred 1, sxs 0, qlty 1.000
2.13. act -1, pred 1, sxs 0, qlty 1.000
2.14. act -1, pred -1, sxs 1, qlty 1.000
2.15. act -1, pred 1, sxs 0, qlty 1.000
2.16. act -1, pred 1, sxs 0, qlty 1.000
2.17. act -1, pred 1, sxs 0, qlty 1.000
2.18. act -1, pred 1, sxs 0, qlty 1.000
2.19. act -1, pred 1, sxs 0, qlty 1.000
2.20. act -1, pred 1, sxs 0, qlty 1.000
2.21. act -1, pred 1, sxs 0, qlty 1.000
2.22. act -1, pred 1, sxs 0, qlty 1.000
2.23. act -1, pred 1, sxs 0, qlty 1.000
2.24. act -1, pred 1, sxs 0, qlty 1.000
2.25. act -1, pred 1, sxs 0, qlty 1.000
2.26. act -1, pred 1, sxs 0, qlty 1.000
2.27. act -1, pred 1, sxs 0, qlty 1.000
2.28. act -1, pred 1, sxs 0, qlty 1.000
2.29. act -1, pred 1, sxs 0, qlty 1.000
2.30. act -1, pred 1, sxs 0, qlty 1.000
2.31. act -1, pred 1, sxs 0, qlty 1.000
3.1. act 1, pred 1, sxs 1, qlty 1.000
3.2. act 1, pred 1, sxs 1, qlty 1.000
3.3. act 1, pred 1, sxs 1, qlty 1.000
3.4. act 1, pred 1, sxs 1, qlty 1.000
3.5. act 1, pred 1, sxs 1, qlty 1.000
3.6. act 1, pred 1, sxs 1, qlty 1.000
3.7. act 1, pred 1, sxs 1, qlty 1.000
3.8. act 1, pred 1, sxs 1, qlty 1.000
3.9. act 1, pred 1, sxs 1, qlty 1.000
3.10. act 1, pred 1, sxs 1, qlty 1.000
3.11. act 1, pred 1, sxs 1, qlty 1.000
3.12. act 1, pred 1, sxs 1, qlty 1.000
3.13. act 1, pred 1, sxs 1, qlty 1.000
3.14. act 1, pred 1, sxs 1, qlty 1.000
3.15. act 1, pred 1, sxs 1, qlty 1.000
3.16. act 1, pred 1, sxs 1, qlty 1.000
3.17. act 1, pred 1, sxs 1, qlty 1.000
3.18. act 1, pred 1, sxs 1, qlty 1.000
3.19. act 1, pred 1, sxs 1, qlty 1.000
3.20. act 1, pred 1, sxs 1, qlty 1.000
3.21. act 1, pred 1, sxs 1, qlty 1.000
3.22. act 1, pred 1, sxs 1, qlty 1.000
3.23. act 1, pred 1, sxs 1, qlty 1.000
3.24. act 1, pred 1, sxs 1, qlty 1.000
3.25. act 1, pred 1, sxs 1, qlty 1.000
3.26. act 1, pred 1, sxs 1, qlty 1.000
3.27. act 1, pred 1, sxs 1, qlty 1.000
3.28. act 1, pred 1, sxs 1, qlty 1.000
3.29. act 1, pred 1, sxs 1, qlty 1.000
3.30. act 1, pred 1, sxs 1, qlty 1.000
3.31. act 1, pred 1, sxs 1, qlty 1.000
4.1. act -1, pred -1, sxs 1, qlty 1.000
4.2. act -1, pred -1, sxs 1, qlty 0.500
4.3. act -1, pred -1, sxs 1, qlty 1.000
4.4. act -1, pred 1, sxs 0, qlty 1.000
4.5. act -1, pred -1, sxs 1, qlty 0.500
4.6. act -1, pred -1, sxs 1, qlty 0.500
4.7. act -1, pred 1, sxs 0, qlty 1.000
4.8. act -1, pred -1, sxs 1, qlty 1.000
4.9. act -1, pred -1, sxs 1, qlty 1.000
4.10. act -1, pred -1, sxs 1, qlty 1.000
4.11. act -1, pred -1, sxs 1, qlty 1.000
4.12. act -1, pred -1, sxs 1, qlty 1.000
4.13. act -1, pred 1, sxs 0, qlty 1.000
4.14. act -1, pred -1, sxs 1, qlty 1.000
4.15. act -1, pred -1, sxs 1, qlty 1.000
4.16. act -1, pred -1, sxs 1, qlty 1.000
4.17. act -1, pred -1, sxs 1, qlty 1.000
4.18. act -1, pred -1, sxs 1, qlty 1.000
4.19. act -1, pred 1, sxs 0, qlty 1.000
4.20. act -1, pred -1, sxs 1, qlty 1.000
4.21. act -1, pred -1, sxs 1, qlty 1.000
4.22. act -1, pred -1, sxs 1, qlty 0.500
4.23. act -1, pred -1, sxs 1, qlty 1.000
4.24. act -1, pred -1, sxs 1, qlty 1.000
4.25. act -1, pred -1, sxs 1, qlty 1.000
4.26. act -1, pred 1, sxs 0, qlty 1.000
4.27. act -1, pred 1, sxs 0, qlty 1.000
4.28. act -1, pred -1, sxs 1, qlty 1.000
4.29. act -1, pred 1, sxs 0, qlty 1.000
4.30. act -1, pred -1, sxs 1, qlty 1.000
4.31. act -1, pred 1, sxs 0, qlty 1.000
5.1. act -1, pred -1, sxs 1, qlty 0.000
5.2. act -1, pred -1, sxs 1, qlty 0.000
5.3. act -1, pred -1, sxs 1, qlty 0.000
5.4. act -1, pred -1, sxs 1, qlty 0.000
5.5. act -1, pred 1, sxs 0, qlty 1.000
5.6. act -1, pred -1, sxs 1, qlty 0.000
5.7. act -1, pred -1, sxs 1, qlty 0.000
5.8. act -1, pred -1, sxs 1, qlty 0.000
5.9. act -1, pred -1, sxs 1, qlty 0.000
5.10. act -1, pred -1, sxs 1, qlty 0.000
5.11. act -1, pred -1, sxs 1, qlty 0.000
5.12. act -1, pred -1, sxs 1, qlty 0.000
5.13. act -1, pred 1, sxs 0, qlty 1.000
5.14. act -1, pred -1, sxs 1, qlty 0.000
5.15. act -1, pred -1, sxs 1, qlty 0.000
5.16. act -1, pred -1, sxs 1, qlty 0.000
5.17. act -1, pred 1, sxs 0, qlty 1.000
5.18. act -1, pred 1, sxs 0, qlty 1.000
5.19. act -1, pred -1, sxs 1, qlty 0.000
5.20. act -1, pred 1, sxs 0, qlty 1.000
5.21. act -1, pred -1, sxs 1, qlty 1.000
5.22. act -1, pred 1, sxs 0, qlty 1.000
5.23. act -1, pred -1, sxs 1, qlty 0.000
5.24. act -1, pred -1, sxs 1, qlty 1.000
5.25. act -1, pred 1, sxs 0, qlty 1.000
5.26. act -1, pred -1, sxs 1, qlty 0.000
5.27. act -1, pred 1, sxs 0, qlty 1.000
5.28. act -1, pred -1, sxs 1, qlty 0.000
5.29. act -1, pred -1, sxs 1, qlty 0.000
5.30. act -1, pred 1, sxs 0, qlty 1.000
5.31. act -1, pred 1, sxs 0, qlty 1.000
6.1. act -1, pred -1, sxs 1, qlty 1.000
6.2. act -1, pred -1, sxs 1, qlty 0.000
6.3. act -1, pred -1, sxs 1, qlty 0.000
6.4. act -1, pred -1, sxs 1, qlty 1.000
6.5. act -1, pred -1, sxs 1, qlty 1.000
6.6. act -1, pred -1, sxs 1, qlty 1.000
6.7. act -1, pred -1, sxs 1, qlty 1.000
6.8. act -1, pred -1, sxs 1, qlty 1.000
6.9. act -1, pred -1, sxs 1, qlty 0.000
6.10. act -1, pred -1, sxs 1, qlty 0.000
6.11. act -1, pred 1, sxs 0, qlty 1.000
6.12. act -1, pred -1, sxs 1, qlty 1.000
6.13. act -1, pred -1, sxs 1, qlty 0.000
6.14. act -1, pred 1, sxs 0, qlty 1.000
6.15. act -1, pred -1, sxs 1, qlty 0.000
6.16. act -1, pred -1, sxs 1, qlty 0.000
6.17. act -1, pred -1, sxs 1, qlty 0.000
6.18. act -1, pred -1, sxs 1, qlty 0.000
6.19. act -1, pred -1, sxs 1, qlty 1.000
6.20. act -1, pred -1, sxs 1, qlty 1.000
6.21. act -1, pred -1, sxs 1, qlty 0.000
6.22. act -1, pred -1, sxs 1, qlty 1.000
6.23. act -1, pred -1, sxs 1, qlty 1.000
6.24. act -1, pred -1, sxs 1, qlty 0.000
6.25. act -1, pred -1, sxs 1, qlty 1.000
6.26. act -1, pred -1, sxs 1, qlty 0.000
6.27. act -1, pred 1, sxs 0, qlty 1.000
6.28. act -1, pred -1, sxs 1, qlty 0.000
6.29. act -1, pred 1, sxs 0, qlty 1.000
6.30. act -1, pred -1, sxs 1, qlty 1.000
6.31. act -1, pred -1, sxs 1, qlty 0.000
7.1. act -1, pred -1, sxs 1, qlty 0.000
7.2. act -1, pred -1, sxs 1, qlty 0.000
7.3. act -1, pred -1, sxs 1, qlty 0.000
7.4. act -1, pred -1, sxs 1, qlty 1.000
7.5. act -1, pred -1, sxs 1, qlty 0.000
7.6. act -1, pred -1, sxs 1, qlty 0.000
7.7. act -1, pred -1, sxs 1, qlty 1.000
7.8. act -1, pred -1, sxs 1, qlty 0.000
7.9. act -1, pred -1, sxs 1, qlty 0.000
7.10. act -1, pred 1, sxs 0, qlty 1.000
7.11. act -1, pred -1, sxs 1, qlty 0.000
7.12. act -1, pred -1, sxs 1, qlty 0.000
7.13. act -1, pred -1, sxs 1, qlty 0.000
7.14. act -1, pred -1, sxs 1, qlty 0.000
7.15. act -1, pred -1, sxs 1, qlty 0.000
7.16. act -1, pred -1, sxs 1, qlty 0.000
7.17. act -1, pred -1, sxs 1, qlty 0.000
7.18. act -1, pred -1, sxs 1, qlty 0.000
7.19. act -1, pred -1, sxs 1, qlty 1.000
7.20. act -1, pred -1, sxs 1, qlty 0.000
7.21. act -1, pred -1, sxs 1, qlty 1.000
7.22. act -1, pred -1, sxs 1, qlty 0.000
7.23. act -1, pred -1, sxs 1, qlty 0.000
7.24. act -1, pred -1, sxs 1, qlty 0.000
7.25. act -1, pred -1, sxs 1, qlty 1.000
7.26. act -1, pred -1, sxs 1, qlty 0.000
7.27. act -1, pred -1, sxs 1, qlty 1.000
7.28. act -1, pred 1, sxs 0, qlty 1.000
7.29. act -1, pred -1, sxs 1, qlty 0.000
7.30. act -1, pred -1, sxs 1, qlty 0.000
7.31. act -1, pred -1, sxs 1, qlty 0.000
8.1. act -1, pred -1, sxs 1, qlty 0.000
8.2. act -1, pred -1, sxs 1, qlty 0.000
8.3. act -1, pred -1, sxs 1, qlty 0.000
8.4. act -1, pred -1, sxs 1, qlty 1.000
8.5. act -1, pred -1, sxs 1, qlty 1.000
8.6. act -1, pred -1, sxs 1, qlty 1.000
8.7. act -1, pred -1, sxs 1, qlty 0.000
8.8. act -1, pred -1, sxs 1, qlty 1.000
8.9. act -1, pred -1, sxs 1, qlty 0.000
8.10. act -1, pred -1, sxs 1, qlty 0.000
8.11. act -1, pred -1, sxs 1, qlty 1.000
8.12. act -1, pred -1, sxs 1, qlty 0.000
8.13. act -1, pred -1, sxs 1, qlty 1.000
8.14. act -1, pred -1, sxs 1, qlty 1.000
8.15. act -1, pred -1, sxs 1, qlty 1.000
8.16. act -1, pred -1, sxs 1, qlty 1.000
8.17. act -1, pred -1, sxs 1, qlty 1.000
8.18. act -1, pred -1, sxs 1, qlty 0.000
8.19. act -1, pred -1, sxs 1, qlty 0.000
8.20. act -1, pred -1, sxs 1, qlty 1.000
8.21. act -1, pred -1, sxs 1, qlty 0.000
8.22. act -1, pred -1, sxs 1, qlty 1.000
8.23. act -1, pred -1, sxs 1, qlty 1.000
8.24. act -1, pred -1, sxs 1, qlty 0.000
8.25. act -1, pred -1, sxs 1, qlty 0.000
8.26. act -1, pred -1, sxs 1, qlty 1.000
8.27. act -1, pred -1, sxs 1, qlty 0.000
8.28. act -1, pred -1, sxs 1, qlty 1.000
8.29. act -1, pred -1, sxs 1, qlty 1.000
8.30. act -1, pred -1, sxs 1, qlty 0.000
8.31. act -1, pred -1, sxs 1, qlty 0.000
9.1. act -1, pred 1, sxs 0, qlty 0.000
9.2. act -1, pred 1, sxs 0, qlty 1.000
9.3. act -1, pred 1, sxs 0, qlty 1.000
9.4. act -1, pred 1, sxs 0, qlty 0.000
9.5. act -1, pred 1, sxs 0, qlty 0.000
9.6. act -1, pred 1, sxs 0, qlty 0.000
9.7. act -1, pred 1, sxs 0, qlty 1.000
9.8. act -1, pred 1, sxs 0, qlty 0.000
9.9. act -1, pred 1, sxs 0, qlty 0.000
9.10. act -1, pred 1, sxs 0, qlty 1.000
9.11. act -1, pred 1, sxs 0, qlty 0.000
9.12. act -1, pred 1, sxs 0, qlty 0.000
9.13. act -1, pred 1, sxs 0, qlty 0.000
9.14. act -1, pred 1, sxs 0, qlty 0.000
9.15. act -1, pred 1, sxs 0, qlty 1.000
9.16. act -1, pred 1, sxs 0, qlty 0.000
9.17. act -1, pred 1, sxs 0, qlty 0.000
9.18. act -1, pred 1, sxs 0, qlty 1.000
9.19. act -1, pred 1, sxs 0, qlty 0.000
9.20. act -1, pred 1, sxs 0, qlty 1.000
9.21. act -1, pred 1, sxs 0, qlty 0.000
9.22. act -1, pred 1, sxs 0, qlty 0.000
9.23. act -1, pred 1, sxs 0, qlty 0.000
9.24. act -1, pred 1, sxs 0, qlty 1.000
9.25. act -1, pred 1, sxs 0, qlty 1.000
9.26. act -1, pred 1, sxs 0, qlty 1.000
9.27. act -1, pred 1, sxs 0, qlty 1.000
9.28. act -1, pred 1, sxs 0, qlty 1.000
9.29. act -1, pred 1, sxs 0, qlty 0.000
9.30. act -1, pred 1, sxs 0, qlty 0.000
9.31. act -1, pred 1, sxs 0, qlty 1.000
10.1. act 1, pred 1, sxs 1, qlty 1.000
10.2. act 1, pred 1, sxs 1, qlty 1.000
10.3. act 1, pred 1, sxs 1, qlty 1.000
10.4. act 1, pred 1, sxs 1, qlty 1.000
10.5. act 1, pred 1, sxs 1, qlty 1.000
10.6. act 1, pred 1, sxs 1, qlty 1.000
10.7. act 1, pred 1, sxs 1, qlty 1.000
10.8. act 1, pred 1, sxs 1, qlty 1.000
10.9. act 1, pred 1, sxs 1, qlty 1.000
10.10. act 1, pred 1, sxs 1, qlty 1.000
10.11. act 1, pred 1, sxs 1, qlty 1.000
10.12. act 1, pred -1, sxs 0, qlty 1.000
10.13. act 1, pred 1, sxs 1, qlty 1.000
10.14. act 1, pred 1, sxs 1, qlty 1.000
10.15. act 1, pred -1, sxs 0, qlty 1.000
10.16. act 1, pred 1, sxs 1, qlty 1.000
10.17. act 1, pred 1, sxs 1, qlty 1.000
10.18. act 1, pred 1, sxs 1, qlty 1.000
10.19. act 1, pred 1, sxs 1, qlty 1.000
10.20. act 1, pred 1, sxs 1, qlty 1.000
10.21. act 1, pred 1, sxs 1, qlty 0.000
10.22. act 1, pred 1, sxs 1, qlty 1.000
10.23. act 1, pred 1, sxs 1, qlty 0.000
10.24. act 1, pred 1, sxs 1, qlty 1.000
10.25. act 1, pred 1, sxs 1, qlty 1.000
10.26. act 1, pred 1, sxs 1, qlty 1.000
10.27. act 1, pred 1, sxs 1, qlty 1.000
10.28. act 1, pred 1, sxs 1, qlty 1.000
10.29. act 1, pred 1, sxs 1, qlty 1.000
10.30. act 1, pred 1, sxs 1, qlty 1.000
10.31. act 1, pred 1, sxs 1, qlty 1.000
11.1. act -1, pred -1, sxs 1, qlty 0.500
11.2. act -1, pred 1, sxs 0, qlty 0.500
11.3. act -1, pred 1, sxs 0, qlty 0.500
11.4. act -1, pred -1, sxs 1, qlty 0.500
11.5. act -1, pred -1, sxs 1, qlty 0.500
11.6. act -1, pred -1, sxs 1, qlty 0.500
11.7. act -1, pred -1, sxs 1, qlty 1.000
11.8. act -1, pred -1, sxs 1, qlty 0.500
11.9. act -1, pred -1, sxs 1, qlty 0.500
11.10. act -1, pred 1, sxs 0, qlty 0.500
11.11. act -1, pred -1, sxs 1, qlty 1.000
11.12. act -1, pred -1, sxs 1, qlty 0.500
11.13. act -1, pred 1, sxs 0, qlty 1.000
11.14. act -1, pred -1, sxs 1, qlty 0.500
11.15. act -1, pred -1, sxs 1, qlty 1.000
11.16. act -1, pred -1, sxs 1, qlty 1.000
11.17. act -1, pred -1, sxs 1, qlty 1.000
11.18. act -1, pred -1, sxs 1, qlty 0.500
11.19. act -1, pred -1, sxs 1, qlty 0.500
11.20. act -1, pred 1, sxs 0, qlty 0.500
11.21. act -1, pred -1, sxs 1, qlty 0.500
11.22. act -1, pred 1, sxs 0, qlty 1.000
11.23. act -1, pred -1, sxs 1, qlty 1.000
11.24. act -1, pred 1, sxs 0, qlty 1.000
11.25. act -1, pred 1, sxs 0, qlty 0.500
11.26. act -1, pred -1, sxs 1, qlty 0.500
11.27. act -1, pred -1, sxs 1, qlty 0.500
11.28. act -1, pred -1, sxs 1, qlty 1.000
11.29. act -1, pred -1, sxs 1, qlty 1.000
11.30. act -1, pred 1, sxs 0, qlty 1.000
11.31. act -1, pred -1, sxs 1, qlty 0.500
12.1. act -1, pred -1, sxs 1, qlty 0.500
12.2. act -1, pred -1, sxs 1, qlty 0.500
12.3. act -1, pred -1, sxs 1, qlty 1.000
12.4. act -1, pred -1, sxs 1, qlty 0.500
12.5. act -1, pred -1, sxs 1, qlty 0.500
12.6. act -1, pred -1, sxs 1, qlty 1.000
12.7. act -1, pred -1, sxs 1, qlty 0.500
12.8. act -1, pred 1, sxs 0, qlty 0.500
12.9. act -1, pred -1, sxs 1, qlty 1.000
12.10. act -1, pred -1, sxs 1, qlty 0.500
12.11. act -1, pred -1, sxs 1, qlty 0.500
12.12. act -1, pred -1, sxs 1, qlty 1.000
12.13. act -1, pred -1, sxs 1, qlty 0.500
12.14. act -1, pred -1, sxs 1, qlty 0.500
12.15. act -1, pred -1, sxs 1, qlty 0.500
12.16. act -1, pred -1, sxs 1, qlty 0.500
12.17. act -1, pred -1, sxs 1, qlty 0.500
12.18. act -1, pred -1, sxs 1, qlty 0.500
12.19. act -1, pred -1, sxs 1, qlty 1.000
12.20. act -1, pred -1, sxs 1, qlty 0.500
12.21. act -1, pred -1, sxs 1, qlty 1.000
12.22. act -1, pred -1, sxs 1, qlty 0.500
12.23. act -1, pred -1, sxs 1, qlty 0.500
12.24. act -1, pred -1, sxs 1, qlty 0.500
12.25. act -1, pred -1, sxs 1, qlty 0.500
12.26. act -1, pred -1, sxs 1, qlty 0.500
12.27. act -1, pred -1, sxs 1, qlty 0.500
12.28. act -1, pred 1, sxs 0, qlty 1.000
12.29. act -1, pred -1, sxs 1, qlty 0.500
12.30. act -1, pred -1, sxs 1, qlty 1.000
12.31. act -1, pred -1, sxs 1, qlty 0.500
13.1. act -1, pred 1, sxs 0, qlty 1.000
13.2. act -1, pred 1, sxs 0, qlty 1.000
13.3. act -1, pred 1, sxs 0, qlty 1.000
13.4. act -1, pred 1, sxs 0, qlty 1.000
13.5. act -1, pred 1, sxs 0, qlty 1.000
13.6. act -1, pred 1, sxs 0, qlty 1.000
13.7. act -1, pred 1, sxs 0, qlty 1.000
13.8. act -1, pred 1, sxs 0, qlty 1.000
13.9. act -1, pred 1, sxs 0, qlty 1.000
13.10. act -1, pred 1, sxs 0, qlty 1.000
13.11. act -1, pred 1, sxs 0, qlty 1.000
13.12. act -1, pred 1, sxs 0, qlty 0.500
13.13. act -1, pred -1, sxs 1, qlty 1.000
13.14. act -1, pred 1, sxs 0, qlty 0.500
13.15. act -1, pred 1, sxs 0, qlty 1.000
13.16. act -1, pred 1, sxs 0, qlty 1.000
13.17. act -1, pred 1, sxs 0, qlty 1.000
13.18. act -1, pred 1, sxs 0, qlty 0.500
13.19. act -1, pred 1, sxs 0, qlty 1.000
13.20. act -1, pred -1, sxs 1, qlty 1.000
13.21. act -1, pred 1, sxs 0, qlty 0.500
13.22. act -1, pred 1, sxs 0, qlty 1.000
13.23. act -1, pred 1, sxs 0, qlty 1.000
13.24. act -1, pred 1, sxs 0, qlty 1.000
13.25. act -1, pred 1, sxs 0, qlty 1.000
13.26. act -1, pred 1, sxs 0, qlty 1.000
13.27. act -1, pred 1, sxs 0, qlty 1.000
13.28. act -1, pred 1, sxs 0, qlty 1.000
13.29. act -1, pred 1, sxs 0, qlty 0.500
13.30. act -1, pred 1, sxs 0, qlty 1.000
13.31. act -1, pred 1, sxs 0, qlty 1.000
14.1. act 1, pred 1, sxs 1, qlty 0.000
14.2. act 1, pred 1, sxs 1, qlty 0.000
14.3. act 1, pred 1, sxs 1, qlty 0.000
14.4. act 1, pred 1, sxs 1, qlty 0.000
14.5. act 1, pred 1, sxs 1, qlty 1.000
14.6. act 1, pred 1, sxs 1, qlty 1.000
14.7. act 1, pred -1, sxs 0, qlty 1.000
14.8. act 1, pred 1, sxs 1, qlty 0.000
14.9. act 1, pred 1, sxs 1, qlty 0.000
14.10. act 1, pred 1, sxs 1, qlty 0.000
14.11. act 1, pred -1, sxs 0, qlty 1.000
14.12. act 1, pred 1, sxs 1, qlty 0.000
14.13. act 1, pred 1, sxs 1, qlty 1.000
14.14. act 1, pred 1, sxs 1, qlty 1.000
14.15. act 1, pred 1, sxs 1, qlty 0.000
14.16. act 1, pred 1, sxs 1, qlty 1.000
14.17. act 1, pred 1, sxs 1, qlty 0.000
14.18. act 1, pred 1, sxs 1, qlty 1.000
14.19. act 1, pred 1, sxs 1, qlty 0.000
14.20. act 1, pred 1, sxs 1, qlty 0.000
14.21. act 1, pred 1, sxs 1, qlty 0.000
14.22. act 1, pred -1, sxs 0, qlty 1.000
14.23. act 1, pred 1, sxs 1, qlty 0.000
14.24. act 1, pred 1, sxs 1, qlty 0.000
14.25. act 1, pred 1, sxs 1, qlty 0.000
14.26. act 1, pred 1, sxs 1, qlty 1.000
14.27. act 1, pred 1, sxs 1, qlty 1.000
14.28. act 1, pred 1, sxs 1, qlty 0.000
14.29. act 1, pred 1, sxs 1, qlty 1.000
14.30. act 1, pred -1, sxs 0, qlty 1.000
14.31. act 1, pred 1, sxs 1, qlty 0.000
15.1. act -1, pred -1, sxs 1, qlty 1.000
15.2. act -1, pred -1, sxs 1, qlty 0.500
15.3. act -1, pred -1, sxs 1, qlty 0.500
15.4. act -1, pred -1, sxs 1, qlty 0.500
15.5. act -1, pred -1, sxs 1, qlty 1.000
15.6. act -1, pred -1, sxs 1, qlty 1.000
15.7. act -1, pred -1, sxs 1, qlty 0.500
15.8. act -1, pred 1, sxs 0, qlty 1.000
15.9. act -1, pred -1, sxs 1, qlty 1.000
15.10. act -1, pred -1, sxs 1, qlty 1.000
15.11. act -1, pred -1, sxs 1, qlty 0.500
15.12. act -1, pred 1, sxs 0, qlty 0.500
15.13. act -1, pred -1, sxs 1, qlty 0.500
15.14. act -1, pred -1, sxs 1, qlty 0.500
15.15. act -1, pred -1, sxs 1, qlty 1.000
15.16. act -1, pred -1, sxs 1, qlty 0.500
15.17. act -1, pred -1, sxs 1, qlty 1.000
15.18. act -1, pred -1, sxs 1, qlty 1.000
15.19. act -1, pred -1, sxs 1, qlty 1.000
15.20. act -1, pred 1, sxs 0, qlty 0.500
15.21. act -1, pred -1, sxs 1, qlty 1.000
15.22. act -1, pred -1, sxs 1, qlty 0.500
15.23. act -1, pred -1, sxs 1, qlty 0.500
15.24. act -1, pred -1, sxs 1, qlty 1.000
15.25. act -1, pred -1, sxs 1, qlty 1.000
15.26. act -1, pred -1, sxs 1, qlty 0.500
15.27. act -1, pred 1, sxs 0, qlty 1.000
15.28. act -1, pred -1, sxs 1, qlty 1.000
15.29. act -1, pred -1, sxs 1, qlty 0.500
15.30. act -1, pred -1, sxs 1, qlty 0.500
15.31. act -1, pred -1, sxs 1, qlty 0.500
16.1. act -1, pred -1, sxs 1, qlty 1.000
16.2. act -1, pred -1, sxs 1, qlty 1.000
16.3. act -1, pred -1, sxs 1, qlty 0.500
16.4. act -1, pred 1, sxs 0, qlty 0.500
16.5. act -1, pred -1, sxs 1, qlty 0.500
16.6. act -1, pred -1, sxs 1, qlty 0.500
16.7. act -1, pred -1, sxs 1, qlty 1.000
16.8. act -1, pred -1, sxs 1, qlty 1.000
16.9. act -1, pred -1, sxs 1, qlty 0.500
16.10. act -1, pred -1, sxs 1, qlty 0.500
16.11. act -1, pred -1, sxs 1, qlty 0.500
16.12. act -1, pred -1, sxs 1, qlty 1.000
16.13. act -1, pred 1, sxs 0, qlty 1.000
16.14. act -1, pred -1, sxs 1, qlty 0.500
16.15. act -1, pred -1, sxs 1, qlty 0.500
16.16. act -1, pred -1, sxs 1, qlty 0.500
16.17. act -1, pred -1, sxs 1, qlty 0.500
16.18. act -1, pred -1, sxs 1, qlty 1.000
16.19. act -1, pred -1, sxs 1, qlty 0.500
16.20. act -1, pred -1, sxs 1, qlty 0.500
16.21. act -1, pred 1, sxs 0, qlty 0.500
16.22. act -1, pred -1, sxs 1, qlty 0.500
16.23. act -1, pred -1, sxs 1, qlty 1.000
16.24. act -1, pred -1, sxs 1, qlty 0.500
16.25. act -1, pred -1, sxs 1, qlty 0.500
16.26. act -1, pred -1, sxs 1, qlty 1.000
16.27. act -1, pred 1, sxs 0, qlty 0.500
16.28. act -1, pred 1, sxs 0, qlty 0.500
16.29. act -1, pred -1, sxs 1, qlty 1.000
16.30. act -1, pred -1, sxs 1, qlty 0.500
16.31. act -1, pred -1, sxs 1, qlty 0.500
17.1. act -1, pred -1, sxs 1, qlty 0.500
17.2. act -1, pred -1, sxs 1, qlty 0.500
17.3. act -1, pred -1, sxs 1, qlty 1.000
17.4. act -1, pred -1, sxs 1, qlty 1.000
17.5. act -1, pred -1, sxs 1, qlty 0.500
17.6. act -1, pred -1, sxs 1, qlty 1.000
17.7. act -1, pred -1, sxs 1, qlty 1.000
17.8. act -1, pred -1, sxs 1, qlty 1.000
17.9. act -1, pred -1, sxs 1, qlty 1.000
17.10. act -1, pred -1, sxs 1, qlty 0.500
17.11. act -1, pred -1, sxs 1, qlty 0.500
17.12. act -1, pred -1, sxs 1, qlty 1.000
17.13. act -1, pred -1, sxs 1, qlty 0.500
17.14. act -1, pred -1, sxs 1, qlty 0.500
17.15. act -1, pred -1, sxs 1, qlty 1.000
17.16. act -1, pred -1, sxs 1, qlty 1.000
17.17. act -1, pred 1, sxs 0, qlty 0.500
17.18. act -1, pred -1, sxs 1, qlty 0.500
17.19. act -1, pred -1, sxs 1, qlty 1.000
17.20. act -1, pred -1, sxs 1, qlty 1.000
17.21. act -1, pred -1, sxs 1, qlty 0.500
17.22. act -1, pred -1, sxs 1, qlty 1.000
17.23. act -1, pred -1, sxs 1, qlty 0.500
17.24. act -1, pred -1, sxs 1, qlty 1.000
17.25. act -1, pred -1, sxs 1, qlty 1.000
17.26. act -1, pred -1, sxs 1, qlty 1.000
17.27. act -1, pred -1, sxs 1, qlty 1.000
17.28. act -1, pred -1, sxs 1, qlty 1.000
17.29. act -1, pred -1, sxs 1, qlty 0.500
17.30. act -1, pred -1, sxs 1, qlty 1.000
17.31. act -1, pred -1, sxs 1, qlty 1.000
18.1. act -1, pred 1, sxs 0, qlty 0.500
18.2. act -1, pred -1, sxs 1, qlty 1.000
18.3. act -1, pred -1, sxs 1, qlty 0.500
18.4. act -1, pred 1, sxs 0, qlty 0.500
18.5. act -1, pred -1, sxs 1, qlty 1.000
18.6. act -1, pred -1, sxs 1, qlty 1.000
18.7. act -1, pred 1, sxs 0, qlty 1.000
18.8. act -1, pred -1, sxs 1, qlty 0.500
18.9. act -1, pred -1, sxs 1, qlty 1.000
18.10. act -1, pred 1, sxs 0, qlty 0.500
18.11. act -1, pred 1, sxs 0, qlty 0.500
18.12. act -1, pred -1, sxs 1, qlty 1.000
18.13. act -1, pred 1, sxs 0, qlty 1.000
18.14. act -1, pred -1, sxs 1, qlty 0.500
18.15. act -1, pred -1, sxs 1, qlty 1.000
18.16. act -1, pred -1, sxs 1, qlty 1.000
18.17. act -1, pred 1, sxs 0, qlty 0.500
18.18. act -1, pred -1, sxs 1, qlty 1.000
18.19. act -1, pred -1, sxs 1, qlty 1.000
18.20. act -1, pred -1, sxs 1, qlty 1.000
18.21. act -1, pred 1, sxs 0, qlty 0.500
18.22. act -1, pred 1, sxs 0, qlty 0.500
18.23. act -1, pred -1, sxs 1, qlty 0.500
18.24. act -1, pred 1, sxs 0, qlty 0.500
18.25. act -1, pred -1, sxs 1, qlty 0.500
18.26. act -1, pred -1, sxs 1, qlty 1.000
18.27. act -1, pred 1, sxs 0, qlty 0.500
18.28. act -1, pred 1, sxs 0, qlty 1.000
18.29. act -1, pred 1, sxs 0, qlty 0.500
18.30. act -1, pred -1, sxs 1, qlty 1.000
18.31. act -1, pred -1, sxs 1, qlty 1.000
19.1. act 1, pred 1, sxs 1, qlty 1.000
19.2. act 1, pred 1, sxs 1, qlty 1.000
19.3. act 1, pred -1, sxs 0, qlty 0.500
19.4. act 1, pred -1, sxs 0, qlty 0.500
19.5. act 1, pred 1, sxs 1, qlty 0.500
19.6. act 1, pred -1, sxs 0, qlty 1.000
19.7. act 1, pred 1, sxs 1, qlty 1.000
19.8. act 1, pred -1, sxs 0, qlty 0.500
19.9. act 1, pred -1, sxs 0, qlty 1.000
19.10. act 1, pred -1, sxs 0, qlty 0.500
19.11. act 1, pred -1, sxs 0, qlty 1.000
19.12. act 1, pred -1, sxs 0, qlty 1.000
19.13. act 1, pred -1, sxs 0, qlty 0.500
19.14. act 1, pred 1, sxs 1, qlty 1.000
19.15. act 1, pred -1, sxs 0, qlty 0.500
19.16. act 1, pred -1, sxs 0, qlty 1.000
19.17. act 1, pred -1, sxs 0, qlty 1.000
19.18. act 1, pred -1, sxs 0, qlty 1.000
19.19. act 1, pred -1, sxs 0, qlty 1.000
19.20. act 1, pred -1, sxs 0, qlty 0.500
19.21. act 1, pred -1, sxs 0, qlty 1.000
19.22. act 1, pred -1, sxs 0, qlty 0.500
19.23. act 1, pred -1, sxs 0, qlty 1.000
19.24. act 1, pred -1, sxs 0, qlty 0.500
19.25. act 1, pred -1, sxs 0, qlty 1.000
19.26. act 1, pred -1, sxs 0, qlty 1.000
19.27. act 1, pred 1, sxs 1, qlty 1.000
19.28. act 1, pred -1, sxs 0, qlty 0.500
19.29. act 1, pred 1, sxs 1, qlty 1.000
19.30. act 1, pred -1, sxs 0, qlty 0.500
19.31. act 1, pred -1, sxs 0, qlty 0.500
20.1. act 1, pred -1, sxs 0, qlty 0.667
20.2. act 1, pred -1, sxs 0, qlty 1.000
20.3. act 1, pred 1, sxs 1, qlty 1.000
20.4. act 1, pred -1, sxs 0, qlty 0.667
20.5. act 1, pred -1, sxs 0, qlty 1.000
20.6. act 1, pred 1, sxs 1, qlty 1.000
20.7. act 1, pred 1, sxs 1, qlty 0.667
20.8. act 1, pred -1, sxs 0, qlty 0.667
20.9. act 1, pred 1, sxs 1, qlty 1.000
20.10. act 1, pred 1, sxs 1, qlty 1.000
20.11. act 1, pred 1, sxs 1, qlty 0.667
20.12. act 1, pred 1, sxs 1, qlty 1.000
20.13. act 1, pred 1, sxs 1, qlty 1.000
20.14. act 1, pred 1, sxs 1, qlty 0.667
20.15. act 1, pred 1, sxs 1, qlty 1.000
20.16. act 1, pred 1, sxs 1, qlty 1.000
20.17. act 1, pred 1, sxs 1, qlty 1.000
20.18. act 1, pred -1, sxs 0, qlty 1.000
20.19. act 1, pred 1, sxs 1, qlty 0.667
20.20. act 1, pred -1, sxs 0, qlty 0.667
20.21. act 1, pred 1, sxs 1, qlty 0.667
20.22. act 1, pred 1, sxs 1, qlty 0.667
20.23. act 1, pred 1, sxs 1, qlty 0.667
20.24. act 1, pred 1, sxs 1, qlty 0.667
20.25. act 1, pred 1, sxs 1, qlty 0.667
20.26. act 1, pred 1, sxs 1, qlty 0.667
20.27. act 1, pred -1, sxs 0, qlty 0.667
20.28. act 1, pred 1, sxs 1, qlty 0.667
20.29. act 1, pred -1, sxs 0, qlty 0.667
20.30. act 1, pred 1, sxs 1, qlty 0.667
20.31. act 1, pred 1, sxs 1, qlty 1.000
21.1. act -1, pred -1, sxs 1, qlty 0.667
21.2. act -1, pred 1, sxs 0, qlty 0.667
21.3. act -1, pred 1, sxs 0, qlty 0.667
21.4. act -1, pred -1, sxs 1, qlty 0.667
21.5. act -1, pred 1, sxs 0, qlty 0.667
21.6. act -1, pred -1, sxs 1, qlty 0.667
21.7. act -1, pred -1, sxs 1, qlty 0.667
21.8. act -1, pred 1, sxs 0, qlty 0.667
21.9. act -1, pred -1, sxs 1, qlty 0.667
21.10. act -1, pred 1, sxs 0, qlty 0.333
21.11. act -1, pred 1, sxs 0, qlty 0.667
21.12. act -1, pred 1, sxs 0, qlty 0.667
21.13. act -1, pred -1, sxs 1, qlty 1.000
21.14. act -1, pred 1, sxs 0, qlty 0.667
21.15. act -1, pred 1, sxs 0, qlty 0.667
21.16. act -1, pred -1, sxs 1, qlty 0.667
21.17. act -1, pred 1, sxs 0, qlty 0.667
21.18. act -1, pred -1, sxs 1, qlty 0.667
21.19. act -1, pred 1, sxs 0, qlty 0.667
21.20. act -1, pred 1, sxs 0, qlty 0.667
21.21. act -1, pred -1, sxs 1, qlty 0.667
21.22. act -1, pred 1, sxs 0, qlty 0.667
21.23. act -1, pred 1, sxs 0, qlty 0.667
21.24. act -1, pred 1, sxs 0, qlty 0.667
21.25. act -1, pred -1, sxs 1, qlty 0.667
21.26. act -1, pred 1, sxs 0, qlty 0.333
21.27. act -1, pred 1, sxs 0, qlty 0.667
21.28. act -1, pred 1, sxs 0, qlty 0.333
21.29. act -1, pred -1, sxs 1, qlty 0.667
21.30. act -1, pred 1, sxs 0, qlty 0.667
21.31. act -1, pred -1, sxs 1, qlty 0.667
22.1. act -1, pred -1, sxs 1, qlty 0.667
22.2. act -1, pred -1, sxs 1, qlty 0.333
22.3. act -1, pred -1, sxs 1, qlty 0.333
22.4. act -1, pred -1, sxs 1, qlty 0.667
22.5. act -1, pred -1, sxs 1, qlty 0.333
22.6. act -1, pred -1, sxs 1, qlty 0.667
22.7. act -1, pred -1, sxs 1, qlty 0.667
22.8. act -1, pred -1, sxs 1, qlty 0.667
22.9. act -1, pred 1, sxs 0, qlty 0.667
22.10. act -1, pred -1, sxs 1, qlty 0.333
22.11. act -1, pred -1, sxs 1, qlty 0.667
22.12. act -1, pred -1, sxs 1, qlty 0.667
22.13. act -1, pred -1, sxs 1, qlty 0.667
22.14. act -1, pred -1, sxs 1, qlty 0.667
22.15. act -1, pred -1, sxs 1, qlty 0.333
22.16. act -1, pred -1, sxs 1, qlty 0.667
22.17. act -1, pred 1, sxs 0, qlty 0.667
22.18. act -1, pred -1, sxs 1, qlty 0.667
22.19. act -1, pred -1, sxs 1, qlty 0.333
22.20. act -1, pred -1, sxs 1, qlty 0.333
22.21. act -1, pred -1, sxs 1, qlty 0.667
22.22. act -1, pred -1, sxs 1, qlty 0.667
22.23. act -1, pred -1, sxs 1, qlty 0.667
22.24. act -1, pred -1, sxs 1, qlty 1.000
22.25. act -1, pred 1, sxs 0, qlty 0.667
22.26. act -1, pred 1, sxs 0, qlty 0.667
22.27. act -1, pred -1, sxs 1, qlty 0.667
22.28. act -1, pred -1, sxs 1, qlty 0.333
22.29. act -1, pred -1, sxs 1, qlty 0.333
22.30. act -1, pred 1, sxs 0, qlty 0.667
22.31. act -1, pred -1, sxs 1, qlty 0.667
23.1. act -1, pred -1, sxs 1, qlty 0.667
23.2. act -1, pred 1, sxs 0, qlty 1.000
23.3. act -1, pred -1, sxs 1, qlty 1.000
23.4. act -1, pred 1, sxs 0, qlty 1.000
23.5. act -1, pred -1, sxs 1, qlty 0.667
23.6. act -1, pred -1, sxs 1, qlty 0.667
23.7. act -1, pred 1, sxs 0, qlty 0.667
23.8. act -1, pred -1, sxs 1, qlty 0.667
23.9. act -1, pred -1, sxs 1, qlty 0.667
23.10. act -1, pred -1, sxs 1, qlty 1.000
23.11. act -1, pred -1, sxs 1, qlty 0.667
23.12. act -1, pred 1, sxs 0, qlty 1.000
23.13. act -1, pred 1, sxs 0, qlty 0.667
23.14. act -1, pred -1, sxs 1, qlty 1.000
23.15. act -1, pred -1, sxs 1, qlty 0.667
23.16. act -1, pred -1, sxs 1, qlty 0.667
23.17. act -1, pred -1, sxs 1, qlty 0.667
23.18. act -1, pred -1, sxs 1, qlty 0.667
23.19. act -1, pred -1, sxs 1, qlty 0.667
23.20. act -1, pred -1, sxs 1, qlty 0.667
23.21. act -1, pred 1, sxs 0, qlty 1.000
23.22. act -1, pred -1, sxs 1, qlty 0.667
23.23. act -1, pred -1, sxs 1, qlty 0.667
23.24. act -1, pred 1, sxs 0, qlty 0.667
23.25. act -1, pred -1, sxs 1, qlty 0.667
23.26. act -1, pred -1, sxs 1, qlty 0.667
23.27. act -1, pred -1, sxs 1, qlty 0.667
23.28. act -1, pred 1, sxs 0, qlty 0.667
23.29. act -1, pred -1, sxs 1, qlty 0.667
23.30. act -1, pred -1, sxs 1, qlty 0.667
23.31. act -1, pred -1, sxs 1, qlty 0.667
24.1. act -1, pred 1, sxs 0, qlty 1.000
24.2. act -1, pred 1, sxs 0, qlty 1.000
24.3. act -1, pred 1, sxs 0, qlty 0.667
24.4. act -1, pred 1, sxs 0, qlty 0.667
24.5. act -1, pred 1, sxs 0, qlty 0.667
24.6. act -1, pred 1, sxs 0, qlty 0.667
24.7. act -1, pred 1, sxs 0, qlty 0.667
24.8. act -1, pred 1, sxs 0, qlty 1.000
24.9. act -1, pred 1, sxs 0, qlty 1.000
24.10. act -1, pred 1, sxs 0, qlty 0.667
24.11. act -1, pred -1, sxs 1, qlty 1.000
24.12. act -1, pred 1, sxs 0, qlty 0.667
24.13. act -1, pred -1, sxs 1, qlty 0.667
24.14. act -1, pred 1, sxs 0, qlty 0.667
24.15. act -1, pred -1, sxs 1, qlty 0.667
24.16. act -1, pred -1, sxs 1, qlty 1.000
24.17. act -1, pred -1, sxs 1, qlty 1.000
24.18. act -1, pred 1, sxs 0, qlty 1.000
24.19. act -1, pred -1, sxs 1, qlty 1.000
24.20. act -1, pred 1, sxs 0, qlty 0.667
24.21. act -1, pred -1, sxs 1, qlty 0.667
24.22. act -1, pred 1, sxs 0, qlty 1.000
24.23. act -1, pred 1, sxs 0, qlty 1.000
24.24. act -1, pred 1, sxs 0, qlty 1.000
24.25. act -1, pred 1, sxs 0, qlty 1.000
24.26. act -1, pred 1, sxs 0, qlty 1.000
24.27. act -1, pred 1, sxs 0, qlty 0.667
24.28. act -1, pred 1, sxs 0, qlty 0.667
24.29. act -1, pred 1, sxs 0, qlty 0.667
24.30. act -1, pred 1, sxs 0, qlty 1.000
24.31. act -1, pred -1, sxs 1, qlty 0.667
25.1. act 1, pred -1, sxs 0, qlty 0.500
25.2. act 1, pred -1, sxs 0, qlty 0.500
25.3. act 1, pred -1, sxs 0, qlty 1.000
25.4. act 1, pred -1, sxs 0, qlty 1.000
25.5. act 1, pred -1, sxs 0, qlty 1.000
25.6. act 1, pred -1, sxs 0, qlty 0.500
25.7. act 1, pred -1, sxs 0, qlty 0.500
25.8. act 1, pred -1, sxs 0, qlty 0.500
25.9. act 1, pred -1, sxs 0, qlty 1.000
25.10. act 1, pred -1, sxs 0, qlty 1.000
25.11. act 1, pred -1, sxs 0, qlty 0.500
25.12. act 1, pred -1, sxs 0, qlty 0.500
25.13. act 1, pred -1, sxs 0, qlty 1.000
25.14. act 1, pred -1, sxs 0, qlty 0.500
25.15. act 1, pred 1, sxs 1, qlty 1.000
25.16. act 1, pred -1, sxs 0, qlty 0.500
25.17. act 1, pred 1, sxs 1, qlty 1.000
25.18. act 1, pred 1, sxs 1, qlty 1.000
25.19. act 1, pred -1, sxs 0, qlty 0.500
25.20. act 1, pred -1, sxs 0, qlty 0.500
25.21. act 1, pred 1, sxs 1, qlty 0.500
25.22. act 1, pred -1, sxs 0, qlty 0.500
25.23. act 1, pred -1, sxs 0, qlty 0.500
25.24. act 1, pred -1, sxs 0, qlty 0.500
25.25. act 1, pred -1, sxs 0, qlty 0.500
25.26. act 1, pred -1, sxs 0, qlty 0.500
25.27. act 1, pred -1, sxs 0, qlty 1.000
25.28. act 1, pred -1, sxs 0, qlty 0.500
25.29. act 1, pred 1, sxs 1, qlty 0.500
25.30. act 1, pred -1, sxs 0, qlty 0.500
25.31. act 1, pred -1, sxs 0, qlty 0.500
26.1. act 1, pred -1, sxs 0, qlty 0.667
26.2. act 1, pred -1, sxs 0, qlty 0.667
26.3. act 1, pred -1, sxs 0, qlty 0.667
26.4. act 1, pred -1, sxs 0, qlty 0.667
26.5. act 1, pred -1, sxs 0, qlty 0.667
26.6. act 1, pred -1, sxs 0, qlty 1.000
26.7. act 1, pred -1, sxs 0, qlty 0.667
26.8. act 1, pred 1, sxs 1, qlty 0.667
26.9. act 1, pred -1, sxs 0, qlty 0.667
26.10. act 1, pred 1, sxs 1, qlty 0.667
26.11. act 1, pred 1, sxs 1, qlty 0.667
26.12. act 1, pred 1, sxs 1, qlty 0.667
26.13. act 1, pred 1, sxs 1, qlty 1.000
26.14. act 1, pred 1, sxs 1, qlty 0.667
26.15. act 1, pred 1, sxs 1, qlty 0.667
26.16. act 1, pred -1, sxs 0, qlty 0.667
26.17. act 1, pred -1, sxs 0, qlty 0.667
26.18. act 1, pred -1, sxs 0, qlty 0.667
26.19. act 1, pred 1, sxs 1, qlty 0.667
26.20. act 1, pred 1, sxs 1, qlty 0.333
26.21. act 1, pred 1, sxs 1, qlty 0.667
26.22. act 1, pred -1, sxs 0, qlty 1.000
26.23. act 1, pred 1, sxs 1, qlty 0.667
26.24. act 1, pred -1, sxs 0, qlty 0.667
26.25. act 1, pred -1, sxs 0, qlty 0.667
26.26. act 1, pred -1, sxs 0, qlty 0.667
26.27. act 1, pred -1, sxs 0, qlty 0.667
26.28. act 1, pred -1, sxs 0, qlty 0.667
26.29. act 1, pred 1, sxs 1, qlty 0.667
26.30. act 1, pred 1, sxs 1, qlty 0.667
26.31. act 1, pred -1, sxs 0, qlty 0.667
27.1. act 1, pred 1, sxs 1, qlty 1.000
27.2. act 1, pred -1, sxs 0, qlty 0.750
27.3. act 1, pred -1, sxs 0, qlty 1.000
27.4. act 1, pred -1, sxs 0, qlty 1.000
27.5. act 1, pred -1, sxs 0, qlty 0.750
27.6. act 1, pred -1, sxs 0, qlty 0.750
27.7. act 1, pred 1, sxs 1, qlty 1.000
27.8. act 1, pred -1, sxs 0, qlty 0.750
27.9. act 1, pred -1, sxs 0, qlty 0.750
27.10. act 1, pred 1, sxs 1, qlty 1.000
27.11. act 1, pred -1, sxs 0, qlty 0.750
27.12. act 1, pred 1, sxs 1, qlty 0.750
27.13. act 1, pred 1, sxs 1, qlty 0.750
27.14. act 1, pred 1, sxs 1, qlty 1.000
27.15. act 1, pred -1, sxs 0, qlty 0.750
27.16. act 1, pred 1, sxs 1, qlty 0.750
27.17. act 1, pred 1, sxs 1, qlty 1.000
27.18. act 1, pred -1, sxs 0, qlty 1.000
27.19. act 1, pred 1, sxs 1, qlty 0.500
27.20. act 1, pred 1, sxs 1, qlty 0.750
27.21. act 1, pred -1, sxs 0, qlty 0.750
27.22. act 1, pred -1, sxs 0, qlty 1.000
27.23. act 1, pred 1, sxs 1, qlty 0.750
27.24. act 1, pred -1, sxs 0, qlty 0.750
27.25. act 1, pred 1, sxs 1, qlty 0.750
27.26. act 1, pred -1, sxs 0, qlty 0.750
27.27. act 1, pred -1, sxs 0, qlty 0.750
27.28. act 1, pred 1, sxs 1, qlty 1.000
27.29. act 1, pred 1, sxs 1, qlty 1.000
27.30. act 1, pred -1, sxs 0, qlty 1.000
27.31. act 1, pred 1, sxs 1, qlty 1.000
28.1. act -1, pred 1, sxs 0, qlty 0.800
28.2. act -1, pred 1, sxs 0, qlty 1.000
28.3. act -1, pred 1, sxs 0, qlty 1.000
28.4. act -1, pred 1, sxs 0, qlty 1.000
28.5. act -1, pred 1, sxs 0, qlty 1.000
28.6. act -1, pred -1, sxs 1, qlty 0.600
28.7. act -1, pred 1, sxs 0, qlty 1.000
28.8. act -1, pred -1, sxs 1, qlty 1.000
28.9. act -1, pred 1, sxs 0, qlty 1.000
28.10. act -1, pred 1, sxs 0, qlty 1.000
28.11. act -1, pred 1, sxs 0, qlty 0.800
28.12. act -1, pred -1, sxs 1, qlty 1.000
28.13. act -1, pred 1, sxs 0, qlty 1.000
28.14. act -1, pred 1, sxs 0, qlty 1.000
28.15. act -1, pred -1, sxs 1, qlty 1.000
28.16. act -1, pred 1, sxs 0, qlty 1.000
28.17. act -1, pred 1, sxs 0, qlty 0.800
28.18. act -1, pred -1, sxs 1, qlty 0.800
28.19. act -1, pred 1, sxs 0, qlty 0.800
28.20. act -1, pred 1, sxs 0, qlty 0.800
28.21. act -1, pred 1, sxs 0, qlty 1.000
28.22. act -1, pred 1, sxs 0, qlty 1.000
28.23. act -1, pred 1, sxs 0, qlty 0.800
28.24. act -1, pred 1, sxs 0, qlty 1.000
28.25. act -1, pred -1, sxs 1, qlty 0.800
28.26. act -1, pred 1, sxs 0, qlty 1.000
28.27. act -1, pred 1, sxs 0, qlty 1.000
28.28. act -1, pred 1, sxs 0, qlty 1.000
28.29. act -1, pred 1, sxs 0, qlty 0.800
28.30. act -1, pred 1, sxs 0, qlty 1.000
28.31. act -1, pred -1, sxs 1, qlty 1.000
29.1. act -1, pred -1, sxs 1, qlty 1.000
29.2. act -1, pred 1, sxs 0, qlty 0.800
29.3. act -1, pred -1, sxs 1, qlty 1.000
29.4. act -1, pred -1, sxs 1, qlty 0.800
29.5. act -1, pred -1, sxs 1, qlty 1.000
29.6. act -1, pred 1, sxs 0, qlty 0.800
29.7. act -1, pred -1, sxs 1, qlty 1.000
29.8. act -1, pred -1, sxs 1, qlty 1.000
29.9. act -1, pred -1, sxs 1, qlty 1.000
29.10. act -1, pred -1, sxs 1, qlty 0.800
29.11. act -1, pred -1, sxs 1, qlty 0.800
29.12. act -1, pred -1, sxs 1, qlty 1.000
29.13. act -1, pred -1, sxs 1, qlty 1.000
29.14. act -1, pred -1, sxs 1, qlty 1.000
29.15. act -1, pred -1, sxs 1, qlty 0.800
29.16. act -1, pred -1, sxs 1, qlty 0.800
29.17. act -1, pred -1, sxs 1, qlty 0.800
29.18. act -1, pred -1, sxs 1, qlty 0.800
29.19. act -1, pred -1, sxs 1, qlty 1.000
29.20. act -1, pred -1, sxs 1, qlty 1.000
29.21. act -1, pred -1, sxs 1, qlty 0.800
29.22. act -1, pred -1, sxs 1, qlty 0.800
29.23. act -1, pred 1, sxs 0, qlty 1.000
29.24. act -1, pred -1, sxs 1, qlty 0.800
29.25. act -1, pred 1, sxs 0, qlty 0.800
29.26. act -1, pred 1, sxs 0, qlty 0.800
29.27. act -1, pred 1, sxs 0, qlty 1.000
29.28. act -1, pred -1, sxs 1, qlty 0.800
29.29. act -1, pred -1, sxs 1, qlty 1.000
29.30. act -1, pred -1, sxs 1, qlty 0.800
29.31. act -1, pred -1, sxs 1, qlty 1.000
30.1. act -1, pred -1, sxs 1, qlty 0.750
30.2. act -1, pred -1, sxs 1, qlty 0.750
30.3. act -1, pred -1, sxs 1, qlty 1.000
30.4. act -1, pred -1, sxs 1, qlty 1.000
30.5. act -1, pred -1, sxs 1, qlty 1.000
30.6. act -1, pred 1, sxs 0, qlty 0.750
30.7. act -1, pred -1, sxs 1, qlty 1.000
30.8. act -1, pred -1, sxs 1, qlty 1.000
30.9. act -1, pred -1, sxs 1, qlty 0.750
30.10. act -1, pred -1, sxs 1, qlty 1.000
30.11. act -1, pred -1, sxs 1, qlty 1.000
30.12. act -1, pred -1, sxs 1, qlty 0.750
30.13. act -1, pred -1, sxs 1, qlty 1.000
30.14. act -1, pred -1, sxs 1, qlty 1.000
30.15. act -1, pred -1, sxs 1, qlty 0.750
30.16. act -1, pred -1, sxs 1, qlty 1.000
30.17. act -1, pred -1, sxs 1, qlty 0.750
30.18. act -1, pred -1, sxs 1, qlty 1.000
30.19. act -1, pred -1, sxs 1, qlty 1.000
30.20. act -1, pred -1, sxs 1, qlty 1.000
30.21. act -1, pred -1, sxs 1, qlty 1.000
30.22. act -1, pred -1, sxs 1, qlty 1.000
30.23. act -1, pred -1, sxs 1, qlty 1.000
30.24. act -1, pred -1, sxs 1, qlty 0.750
30.25. act -1, pred -1, sxs 1, qlty 1.000
30.26. act -1, pred -1, sxs 1, qlty 1.000
30.27. act -1, pred -1, sxs 1, qlty 1.000
30.28. act -1, pred -1, sxs 1, qlty 1.000
30.29. act -1, pred -1, sxs 1, qlty 1.000
30.30. act -1, pred -1, sxs 1, qlty 1.000
30.31. act -1, pred -1, sxs 1, qlty 1.000
31.1. act -1, pred -1, sxs 1, qlty 1.000
31.2. act -1, pred 1, sxs 0, qlty 0.667
31.3. act -1, pred 1, sxs 0, qlty 1.000
31.4. act -1, pred 1, sxs 0, qlty 1.000
31.5. act -1, pred 1, sxs 0, qlty 1.000
31.6. act -1, pred 1, sxs 0, qlty 1.000
31.7. act -1, pred -1, sxs 1, qlty 1.000
31.8. act -1, pred 1, sxs 0, qlty 1.000
31.9. act -1, pred 1, sxs 0, qlty 1.000
31.10. act -1, pred 1, sxs 0, qlty 0.667
31.11. act -1, pred 1, sxs 0, qlty 1.000
31.12. act -1, pred 1, sxs 0, qlty 0.667
31.13. act -1, pred 1, sxs 0, qlty 0.667
31.14. act -1, pred 1, sxs 0, qlty 1.000
31.15. act -1, pred 1, sxs 0, qlty 1.000
31.16. act -1, pred 1, sxs 0, qlty 0.667
31.17. act -1, pred 1, sxs 0, qlty 1.000
31.18. act -1, pred 1, sxs 0, qlty 1.000
31.19. act -1, pred 1, sxs 0, qlty 1.000
31.20. act -1, pred 1, sxs 0, qlty 1.000
31.21. act -1, pred 1, sxs 0, qlty 1.000
31.22. act -1, pred -1, sxs 1, qlty 1.000
31.23. act -1, pred 1, sxs 0, qlty 1.000
31.24. act -1, pred 1, sxs 0, qlty 1.000
31.25. act -1, pred 1, sxs 0, qlty 1.000
31.26. act -1, pred 1, sxs 0, qlty 1.000
31.27. act -1, pred 1, sxs 0, qlty 0.667
31.28. act -1, pred 1, sxs 0, qlty 1.000
31.29. act -1, pred 1, sxs 0, qlty 1.000
31.30. act -1, pred 1, sxs 0, qlty 0.667
31.31. act -1, pred 1, sxs 0, qlty 1.000
32.1. act 1, pred -1, sxs 0, qlty 1.000
32.2. act 1, pred -1, sxs 0, qlty 0.667
32.3. act 1, pred -1, sxs 0, qlty 1.000
32.4. act 1, pred -1, sxs 0, qlty 1.000
32.5. act 1, pred 1, sxs 1, qlty 1.000
32.6. act 1, pred -1, sxs 0, qlty 1.000
32.7. act 1, pred -1, sxs 0, qlty 1.000
32.8. act 1, pred -1, sxs 0, qlty 0.667
32.9. act 1, pred -1, sxs 0, qlty 1.000
32.10. act 1, pred -1, sxs 0, qlty 1.000
32.11. act 1, pred -1, sxs 0, qlty 0.667
32.12. act 1, pred -1, sxs 0, qlty 1.000
32.13. act 1, pred -1, sxs 0, qlty 1.000
32.14. act 1, pred -1, sxs 0, qlty 1.000
32.15. act 1, pred -1, sxs 0, qlty 1.000
32.16. act 1, pred -1, sxs 0, qlty 1.000
32.17. act 1, pred -1, sxs 0, qlty 0.667
32.18. act 1, pred -1, sxs 0, qlty 0.667
32.19. act 1, pred -1, sxs 0, qlty 1.000
32.20. act 1, pred -1, sxs 0, qlty 1.000
32.21. act 1, pred -1, sxs 0, qlty 0.667
32.22. act 1, pred -1, sxs 0, qlty 0.667
32.23. act 1, pred -1, sxs 0, qlty 1.000
32.24. act 1, pred -1, sxs 0, qlty 0.667
32.25. act 1, pred 1, sxs 1, qlty 1.000
32.26. act 1, pred -1, sxs 0, qlty 0.667
32.27. act 1, pred -1, sxs 0, qlty 1.000
32.28. act 1, pred -1, sxs 0, qlty 0.667
32.29. act 1, pred 1, sxs 1, qlty 1.000
32.30. act 1, pred -1, sxs 0, qlty 0.667
32.31. act 1, pred 1, sxs 1, qlty 1.000
33.1. act 1, pred 1, sxs 1, qlty 0.750
33.2. act 1, pred 1, sxs 1, qlty 1.000
33.3. act 1, pred 1, sxs 1, qlty 1.000
33.4. act 1, pred 1, sxs 1, qlty 1.000
33.5. act 1, pred 1, sxs 1, qlty 1.000
33.6. act 1, pred 1, sxs 1, qlty 1.000
33.7. act 1, pred -1, sxs 0, qlty 1.000
33.8. act 1, pred 1, sxs 1, qlty 1.000
33.9. act 1, pred -1, sxs 0, qlty 0.750
33.10. act 1, pred 1, sxs 1, qlty 0.750
33.11. act 1, pred 1, sxs 1, qlty 1.000
33.12. act 1, pred -1, sxs 0, qlty 0.750
33.13. act 1, pred 1, sxs 1, qlty 0.750
33.14. act 1, pred 1, sxs 1, qlty 0.750
33.15. act 1, pred 1, sxs 1, qlty 1.000
33.16. act 1, pred 1, sxs 1, qlty 1.000
33.17. act 1, pred -1, sxs 0, qlty 1.000
33.18. act 1, pred 1, sxs 1, qlty 0.750
33.19. act 1, pred -1, sxs 0, qlty 0.750
33.20. act 1, pred -1, sxs 0, qlty 0.750
33.21. act 1, pred 1, sxs 1, qlty 0.750
33.22. act 1, pred 1, sxs 1, qlty 1.000
33.23. act 1, pred -1, sxs 0, qlty 0.750
33.24. act 1, pred -1, sxs 0, qlty 0.750
33.25. act 1, pred -1, sxs 0, qlty 1.000
33.26. act 1, pred -1, sxs 0, qlty 1.000
33.27. act 1, pred 1, sxs 1, qlty 1.000
33.28. act 1, pred 1, sxs 1, qlty 1.000
33.29. act 1, pred 1, sxs 1, qlty 1.000
33.30. act 1, pred -1, sxs 0, qlty 0.750
33.31. act 1, pred -1, sxs 0, qlty 0.750
34.1. act 1, pred -1, sxs 0, qlty 1.000
34.2. act 1, pred -1, sxs 0, qlty 1.000
34.3. act 1, pred -1, sxs 0, qlty 0.800
34.4. act 1, pred -1, sxs 0, qlty 1.000
34.5. act 1, pred -1, sxs 0, qlty 1.000
34.6. act 1, pred -1, sxs 0, qlty 1.000
34.7. act 1, pred -1, sxs 0, qlty 1.000
34.8. act 1, pred -1, sxs 0, qlty 0.800
34.9. act 1, pred -1, sxs 0, qlty 1.000
34.10. act 1, pred -1, sxs 0, qlty 1.000
34.11. act 1, pred -1, sxs 0, qlty 0.800
34.12. act 1, pred 1, sxs 1, qlty 1.000
34.13. act 1, pred -1, sxs 0, qlty 1.000
34.14. act 1, pred -1, sxs 0, qlty 1.000
34.15. act 1, pred 1, sxs 1, qlty 1.000
34.16. act 1, pred 1, sxs 1, qlty 1.000
34.17. act 1, pred -1, sxs 0, qlty 0.800
34.18. act 1, pred -1, sxs 0, qlty 1.000
34.19. act 1, pred -1, sxs 0, qlty 1.000
34.20. act 1, pred -1, sxs 0, qlty 1.000
34.21. act 1, pred 1, sxs 1, qlty 1.000
34.22. act 1, pred -1, sxs 0, qlty 1.000
34.23. act 1, pred -1, sxs 0, qlty 0.800
34.24. act 1, pred -1, sxs 0, qlty 1.000
34.25. act 1, pred -1, sxs 0, qlty 1.000
34.26. act 1, pred 1, sxs 1, qlty 1.000
34.27. act 1, pred 1, sxs 1, qlty 1.000
34.28. act 1, pred 1, sxs 1, qlty 0.800
34.29. act 1, pred -1, sxs 0, qlty 1.000
34.30. act 1, pred -1, sxs 0, qlty 1.000
34.31. act 1, pred -1, sxs 0, qlty 1.000
35.1. act -1, pred -1, sxs 1, qlty 1.000
35.2. act -1, pred -1, sxs 1, qlty 1.000
35.3. act -1, pred -1, sxs 1, qlty 1.000
35.4. act -1, pred -1, sxs 1, qlty 1.000
35.5. act -1, pred -1, sxs 1, qlty 1.000
35.6. act -1, pred -1, sxs 1, qlty 1.000
35.7. act -1, pred 1, sxs 0, qlty 1.000
35.8. act -1, pred -1, sxs 1, qlty 1.000
35.9. act -1, pred -1, sxs 1, qlty 1.000
35.10. act -1, pred -1, sxs 1, qlty 0.833
35.11. act -1, pred -1, sxs 1, qlty 1.000
35.12. act -1, pred -1, sxs 1, qlty 1.000
35.13. act -1, pred -1, sxs 1, qlty 1.000
35.14. act -1, pred -1, sxs 1, qlty 1.000
35.15. act -1, pred -1, sxs 1, qlty 1.000
35.16. act -1, pred -1, sxs 1, qlty 1.000
35.17. act -1, pred -1, sxs 1, qlty 0.833
35.18. act -1, pred -1, sxs 1, qlty 1.000
35.19. act -1, pred 1, sxs 0, qlty 1.000
35.20. act -1, pred -1, sxs 1, qlty 0.833
35.21. act -1, pred -1, sxs 1, qlty 0.833
35.22. act -1, pred 1, sxs 0, qlty 1.000
35.23. act -1, pred -1, sxs 1, qlty 1.000
35.24. act -1, pred -1, sxs 1, qlty 1.000
35.25. act -1, pred -1, sxs 1, qlty 1.000
35.26. act -1, pred -1, sxs 1, qlty 0.833
35.27. act -1, pred -1, sxs 1, qlty 1.000
35.28. act -1, pred -1, sxs 1, qlty 1.000
35.29. act -1, pred -1, sxs 1, qlty 1.000
35.30. act -1, pred -1, sxs 1, qlty 1.000
35.31. act -1, pred 1, sxs 0, qlty 1.000
36.1. act 1, pred 1, sxs 1, qlty 1.000
36.2. act 1, pred 1, sxs 1, qlty 0.800
36.3. act 1, pred 1, sxs 1, qlty 0.800
36.4. act 1, pred 1, sxs 1, qlty 1.000
36.5. act 1, pred 1, sxs 1, qlty 1.000
36.6. act 1, pred 1, sxs 1, qlty 0.800
36.7. act 1, pred 1, sxs 1, qlty 1.000
36.8. act 1, pred 1, sxs 1, qlty 0.800
36.9. act 1, pred -1, sxs 0, qlty 0.600
36.10. act 1, pred 1, sxs 1, qlty 0.800
36.11. act 1, pred 1, sxs 1, qlty 0.600
36.12. act 1, pred -1, sxs 0, qlty 0.800
36.13. act 1, pred 1, sxs 1, qlty 0.800
36.14. act 1, pred 1, sxs 1, qlty 1.000
36.15. act 1, pred 1, sxs 1, qlty 1.000
36.16. act 1, pred -1, sxs 0, qlty 1.000
36.17. act 1, pred -1, sxs 0, qlty 1.000
36.18. act 1, pred -1, sxs 0, qlty 0.800
36.19. act 1, pred 1, sxs 1, qlty 0.800
36.20. act 1, pred -1, sxs 0, qlty 0.800
36.21. act 1, pred 1, sxs 1, qlty 1.000
36.22. act 1, pred 1, sxs 1, qlty 1.000
36.23. act 1, pred 1, sxs 1, qlty 1.000
36.24. act 1, pred 1, sxs 1, qlty 1.000
36.25. act 1, pred 1, sxs 1, qlty 1.000
36.26. act 1, pred 1, sxs 1, qlty 1.000
36.27. act 1, pred 1, sxs 1, qlty 1.000
36.28. act 1, pred 1, sxs 1, qlty 1.000
36.29. act 1, pred 1, sxs 1, qlty 1.000
36.30. act 1, pred -1, sxs 0, qlty 0.800
36.31. act 1, pred 1, sxs 1, qlty 1.000
37.1. act -1, pred -1, sxs 1, qlty 0.800
37.2. act -1, pred -1, sxs 1, qlty 0.800
37.3. act -1, pred 1, sxs 0, qlty 1.000
37.4. act -1, pred -1, sxs 1, qlty 0.800
37.5. act -1, pred -1, sxs 1, qlty 1.000
37.6. act -1, pred 1, sxs 0, qlty 0.800
37.7. act -1, pred -1, sxs 1, qlty 0.800
37.8. act -1, pred -1, sxs 1, qlty 1.000
37.9. act -1, pred -1, sxs 1, qlty 0.800
37.10. act -1, pred 1, sxs 0, qlty 1.000
37.11. act -1, pred 1, sxs 0, qlty 0.800
37.12. act -1, pred -1, sxs 1, qlty 0.800
37.13. act -1, pred -1, sxs 1, qlty 0.800
37.14. act -1, pred -1, sxs 1, qlty 0.800
37.15. act -1, pred 1, sxs 0, qlty 0.800
37.16. act -1, pred -1, sxs 1, qlty 0.800
37.17. act -1, pred 1, sxs 0, qlty 0.800
37.18. act -1, pred -1, sxs 1, qlty 0.800
37.19. act -1, pred -1, sxs 1, qlty 0.600
37.20. act -1, pred -1, sxs 1, qlty 0.800
37.21. act -1, pred 1, sxs 0, qlty 1.000
37.22. act -1, pred -1, sxs 1, qlty 1.000
37.23. act -1, pred 1, sxs 0, qlty 0.800
37.24. act -1, pred 1, sxs 0, qlty 1.000
37.25. act -1, pred -1, sxs 1, qlty 0.800
37.26. act -1, pred 1, sxs 0, qlty 1.000
37.27. act -1, pred -1, sxs 1, qlty 1.000
37.28. act -1, pred 1, sxs 0, qlty 1.000
37.29. act -1, pred 1, sxs 0, qlty 0.800
37.30. act -1, pred -1, sxs 1, qlty 0.800
37.31. act -1, pred -1, sxs 1, qlty 0.800
38.1. act 1, pred -1, sxs 0, qlty 0.750
38.2. act 1, pred -1, sxs 0, qlty 0.750
38.3. act 1, pred 1, sxs 1, qlty 0.750
38.4. act 1, pred -1, sxs 0, qlty 0.750
38.5. act 1, pred 1, sxs 1, qlty 1.000
38.6. act 1, pred -1, sxs 0, qlty 0.750
38.7. act 1, pred -1, sxs 0, qlty 0.750
38.8. act 1, pred -1, sxs 0, qlty 1.000
38.9. act 1, pred 1, sxs 1, qlty 0.750
38.10. act 1, pred 1, sxs 1, qlty 1.000
38.11. act 1, pred 1, sxs 1, qlty 0.750
38.12. act 1, pred -1, sxs 0, qlty 0.750
38.13. act 1, pred 1, sxs 1, qlty 1.000
38.14. act 1, pred -1, sxs 0, qlty 1.000
38.15. act 1, pred 1, sxs 1, qlty 0.500
38.16. act 1, pred 1, sxs 1, qlty 0.500
38.17. act 1, pred 1, sxs 1, qlty 0.750
38.18. act 1, pred -1, sxs 0, qlty 0.750
38.19. act 1, pred -1, sxs 0, qlty 0.750
