1.1. act 1, pred -1, sxs 0, qlty 2
1.2. act 1, pred 1, sxs 1, qlty 0
1.3. act 1, pred -1, sxs 0, qlty 2
1.4. act 1, pred -1, sxs 0, qlty 2
1.5. act 1, pred -1, sxs 0, qlty 2
1.6. act 1, pred -1, sxs 0, qlty 2
1.7. act 1, pred -1, sxs 0, qlty 2
1.8. act 1, pred -1, sxs 0, qlty 2
1.9. act 1, pred -1, sxs 0, qlty 2
1.10. act 1, pred -1, sxs 0, qlty 2
1.11. act 1, pred -1, sxs 0, qlty 2
1.12. act 1, pred -1, sxs 0, qlty 2
1.13. act 1, pred -1, sxs 0, qlty 2
1.14. act 1, pred -1, sxs 0, qlty 2
1.15. act 1, pred -1, sxs 0, qlty 2
1.16. act 1, pred -1, sxs 0, qlty 2
1.17. act 1, pred -1, sxs 0, qlty 2
1.18. act 1, pred -1, sxs 0, qlty 2
1.19. act 1, pred -1, sxs 0, qlty 2
1.20. act 1, pred -1, sxs 0, qlty 2
1.21. act 1, pred -1, sxs 0, qlty 2
1.22. act 1, pred -1, sxs 0, qlty 2
1.23. act 1, pred -1, sxs 0, qlty 2
1.24. act 1, pred -1, sxs 0, qlty 2
1.25. act 1, pred -1, sxs 0, qlty 2
1.26. act 1, pred -1, sxs 0, qlty 2
1.27. act 1, pred -1, sxs 0, qlty 2
1.28. act 1, pred -1, sxs 0, qlty 2
1.29. act 1, pred -1, sxs 0, qlty 2
1.30. act 1, pred -1, sxs 0, qlty 2
1.31. act 1, pred -1, sxs 0, qlty 2
2.1. act -1, pred 1, sxs 0, qlty 2
2.2. act -1, pred -1, sxs 1, qlty 2
2.3. act -1, pred -1, sxs 1, qlty 0
2.4. act -1, pred 1, sxs 0, qlty 2
2.5. act -1, pred -1, sxs 1, qlty 0
2.6. act -1, pred -1, sxs 1, qlty 0
2.7. act -1, pred -1, sxs 1, qlty 0
2.8. act -1, pred -1, sxs 1, qlty 0
2.9. act -1, pred -1, sxs 1, qlty 0
2.10. act -1, pred 1, sxs 0, qlty 2
2.11. act -1, pred -1, sxs 1, qlty 0
2.12. act -1, pred 1, sxs 0, qlty 2
2.13. act -1, pred -1, sxs 1, qlty 2
2.14. act -1, pred -1, sxs 1, qlty 0
2.15. act -1, pred -1, sxs 1, qlty 0
2.16. act -1, pred -1, sxs 1, qlty 2
2.17. act -1, pred -1, sxs 1, qlty 2
2.18. act -1, pred -1, sxs 1, qlty 0
2.19. act -1, pred -1, sxs 1, qlty 2
2.20. act -1, pred -1, sxs 1, qlty 2
2.21. act -1, pred -1, sxs 1, qlty 0
2.22. act -1, pred -1, sxs 1, qlty 0
2.23. act -1, pred -1, sxs 1, qlty 0
2.24. act -1, pred 1, sxs 0, qlty 2
2.25. act -1, pred -1, sxs 1, qlty 0
2.26. act -1, pred 1, sxs 0, qlty 2
2.27. act -1, pred -1, sxs 1, qlty 0
2.28. act -1, pred -1, sxs 1, qlty 0
2.29. act -1, pred -1, sxs 1, qlty 2
2.30. act -1, pred -1, sxs 1, qlty 0
2.31. act -1, pred -1, sxs 1, qlty 0
3.1. act -1, pred -1, sxs 1, qlty 0
3.2. act -1, pred -1, sxs 1, qlty 0
3.3. act -1, pred -1, sxs 1, qlty 0
3.4. act -1, pred -1, sxs 1, qlty 0
3.5. act -1, pred -1, sxs 1, qlty 0
3.6. act -1, pred -1, sxs 1, qlty 0
3.7. act -1, pred 1, sxs 0, qlty 2
3.8. act -1, pred -1, sxs 1, qlty 0
3.9. act -1, pred -1, sxs 1, qlty 0
3.10. act -1, pred -1, sxs 1, qlty 0
3.11. act -1, pred -1, sxs 1, qlty 0
3.12. act -1, pred -1, sxs 1, qlty 0
3.13. act -1, pred -1, sxs 1, qlty 0
3.14. act -1, pred 1, sxs 0, qlty 2
3.15. act -1, pred -1, sxs 1, qlty 0
3.16. act -1, pred 1, sxs 0, qlty 2
3.17. act -1, pred -1, sxs 1, qlty 0
3.18. act -1, pred -1, sxs 1, qlty 0
3.19. act -1, pred -1, sxs 1, qlty 0
3.20. act -1, pred -1, sxs 1, qlty 0
3.21. act -1, pred -1, sxs 1, qlty 0
3.22. act -1, pred -1, sxs 1, qlty 0
3.23. act -1, pred -1, sxs 1, qlty 0
3.24. act -1, pred 1, sxs 0, qlty 2
3.25. act -1, pred -1, sxs 1, qlty 0
3.26. act -1, pred -1, sxs 1, qlty 0
3.27. act -1, pred -1, sxs 1, qlty 0
3.28. act -1, pred -1, sxs 1, qlty 0
3.29. act -1, pred -1, sxs 1, qlty 0
3.30. act -1, pred -1, sxs 1, qlty 0
3.31. act -1, pred -1, sxs 1, qlty 0
4.1. act 1, pred 1, sxs 1, qlty 0
4.2. act 1, pred 1, sxs 1, qlty 2
4.3. act 1, pred 1, sxs 1, qlty 0
4.4. act 1, pred 1, sxs 1, qlty 0
4.5. act 1, pred -1, sxs 0, qlty 2
4.6. act 1, pred 1, sxs 1, qlty 0
4.7. act 1, pred -1, sxs 0, qlty 2
4.8. act 1, pred 1, sxs 1, qlty 0
4.9. act 1, pred -1, sxs 0, qlty 2
4.10. act 1, pred 1, sxs 1, qlty 0
4.11. act 1, pred 1, sxs 1, qlty 0
4.12. act 1, pred 1, sxs 1, qlty 0
4.13. act 1, pred -1, sxs 0, qlty 2
4.14. act 1, pred -1, sxs 0, qlty 2
4.15. act 1, pred -1, sxs 0, qlty 2
4.16. act 1, pred 1, sxs 1, qlty 0
4.17. act 1, pred 1, sxs 1, qlty 0
4.18. act 1, pred -1, sxs 0, qlty 2
4.19. act 1, pred -1, sxs 0, qlty 2
4.20. act 1, pred -1, sxs 0, qlty 2
4.21. act 1, pred 1, sxs 1, qlty 0
4.22. act 1, pred -1, sxs 0, qlty 2
4.23. act 1, pred 1, sxs 1, qlty 0
4.24. act 1, pred 1, sxs 1, qlty 0
4.25. act 1, pred 1, sxs 1, qlty 0
4.26. act 1, pred -1, sxs 0, qlty 2
4.27. act 1, pred -1, sxs 0, qlty 2
4.28. act 1, pred 1, sxs 1, qlty 0
4.29. act 1, pred 1, sxs 1, qlty 0
4.30. act 1, pred -1, sxs 0, qlty 2
4.31. act 1, pred -1, sxs 0, qlty 2
5.1. act -1, pred 1, sxs 0, qlty 2
5.2. act -1, pred 1, sxs 0, qlty 2
5.3. act -1, pred 1, sxs 0, qlty 2
5.4. act -1, pred 1, sxs 0, qlty 2
5.5. act -1, pred -1, sxs 1, qlty 0
5.6. act -1, pred 1, sxs 0, qlty 2
5.7. act -1, pred 1, sxs 0, qlty 2
5.8. act -1, pred 1, sxs 0, qlty 2
5.9. act -1, pred -1, sxs 1, qlty 0
5.10. act -1, pred -1, sxs 1, qlty 0
5.11. act -1, pred 1, sxs 0, qlty 2
5.12. act -1, pred 1, sxs 0, qlty 2
5.13. act -1, pred 1, sxs 0, qlty 2
5.14. act -1, pred 1, sxs 0, qlty 2
5.15. act -1, pred 1, sxs 0, qlty 2
5.16. act -1, pred 1, sxs 0, qlty 2
5.17. act -1, pred 1, sxs 0, qlty 2
5.18. act -1, pred 1, sxs 0, qlty 2
5.19. act -1, pred 1, sxs 0, qlty 2
5.20. act -1, pred 1, sxs 0, qlty 2
5.21. act -1, pred 1, sxs 0, qlty 2
5.22. act -1, pred 1, sxs 0, qlty 2
5.23. act -1, pred 1, sxs 0, qlty 2
5.24. act -1, pred 1, sxs 0, qlty 2
5.25. act -1, pred 1, sxs 0, qlty 2
5.26. act -1, pred 1, sxs 0, qlty 2
5.27. act -1, pred 1, sxs 0, qlty 2
5.28. act -1, pred 1, sxs 0, qlty 2
5.29. act -1, pred 1, sxs 0, qlty 2
5.30. act -1, pred 1, sxs 0, qlty 2
5.31. act -1, pred 1, sxs 0, qlty 2
6.1. act -1, pred -1, sxs 1, qlty 0
6.2. act -1, pred -1, sxs 1, qlty 0
6.3. act -1, pred 1, sxs 0, qlty 2
6.4. act -1, pred 1, sxs 0, qlty 2
6.5. act -1, pred -1, sxs 1, qlty 0
6.6. act -1, pred -1, sxs 1, qlty 0
6.7. act -1, pred -1, sxs 1, qlty 0
6.8. act -1, pred -1, sxs 1, qlty 0
6.9. act -1, pred -1, sxs 1, qlty 0
6.10. act -1, pred -1, sxs 1, qlty 0
6.11. act -1, pred -1, sxs 1, qlty 0
6.12. act -1, pred -1, sxs 1, qlty 0
6.13. act -1, pred 1, sxs 0, qlty 2
6.14. act -1, pred -1, sxs 1, qlty 0
6.15. act -1, pred -1, sxs 1, qlty 0
6.16. act -1, pred -1, sxs 1, qlty 0
6.17. act -1, pred -1, sxs 1, qlty 0
6.18. act -1, pred 1, sxs 0, qlty 2
6.19. act -1, pred -1, sxs 1, qlty 0
6.20. act -1, pred -1, sxs 1, qlty 0
6.21. act -1, pred -1, sxs 1, qlty 0
6.22. act -1, pred -1, sxs 1, qlty 0
6.23. act -1, pred -1, sxs 1, qlty 0
6.24. act -1, pred -1, sxs 1, qlty 0
6.25. act -1, pred 1, sxs 0, qlty 2
6.26. act -1, pred -1, sxs 1, qlty 0
6.27. act -1, pred 1, sxs 0, qlty 2
6.28. act -1, pred 1, sxs 0, qlty 2
6.29. act -1, pred -1, sxs 1, qlty 0
6.30. act -1, pred -1, sxs 1, qlty 0
6.31. act -1, pred -1, sxs 1, qlty 0
7.1. act 1, pred -1, sxs 0, qlty 2
7.2. act 1, pred 1, sxs 1, qlty 0
7.3. act 1, pred 1, sxs 1, qlty 0
7.4. act 1, pred 1, sxs 1, qlty 0
7.5. act 1, pred 1, sxs 1, qlty 0
7.6. act 1, pred -1, sxs 0, qlty 2
7.7. act 1, pred 1, sxs 1, qlty 0
7.8. act 1, pred 1, sxs 1, qlty 0
7.9. act 1, pred 1, sxs 1, qlty 0
7.10. act 1, pred -1, sxs 0, qlty 2
7.11. act 1, pred 1, sxs 1, qlty 0
7.12. act 1, pred 1, sxs 1, qlty 0
7.13. act 1, pred 1, sxs 1, qlty 0
7.14. act 1, pred 1, sxs 1, qlty 0
7.15. act 1, pred -1, sxs 0, qlty 2
7.16. act 1, pred -1, sxs 0, qlty 2
7.17. act 1, pred 1, sxs 1, qlty 0
7.18. act 1, pred 1, sxs 1, qlty 0
7.19. act 1, pred 1, sxs 1, qlty 0
7.20. act 1, pred -1, sxs 0, qlty 2
7.21. act 1, pred -1, sxs 0, qlty 2
7.22. act 1, pred 1, sxs 1, qlty 0
7.23. act 1, pred -1, sxs 0, qlty 4
7.24. act 1, pred -1, sxs 0, qlty 2
7.25. act 1, pred -1, sxs 0, qlty 2
7.26. act 1, pred 1, sxs 1, qlty 0
7.27. act 1, pred -1, sxs 0, qlty 4
7.28. act 1, pred -1, sxs 0, qlty 2
7.29. act 1, pred 1, sxs 1, qlty 0
7.30. act 1, pred 1, sxs 1, qlty 0
7.31. act 1, pred 1, sxs 1, qlty 0
8.1. act -1, pred -1, sxs 1, qlty 0
8.2. act -1, pred -1, sxs 1, qlty 0
8.3. act -1, pred 1, sxs 0, qlty 2
8.4. act -1, pred 1, sxs 0, qlty 2
8.5. act -1, pred 1, sxs 0, qlty 2
8.6. act -1, pred -1, sxs 1, qlty 0
8.7. act -1, pred -1, sxs 1, qlty 0
8.8. act -1, pred -1, sxs 1, qlty 0
8.9. act -1, pred 1, sxs 0, qlty 2
8.10. act -1, pred -1, sxs 1, qlty 0
8.11. act -1, pred -1, sxs 1, qlty 0
8.12. act -1, pred -1, sxs 1, qlty 0
8.13. act -1, pred 1, sxs 0, qlty 2
8.14. act -1, pred -1, sxs 1, qlty 0
8.15. act -1, pred -1, sxs 1, qlty 0
8.16. act -1, pred -1, sxs 1, qlty 0
8.17. act -1, pred 1, sxs 0, qlty 2
8.18. act -1, pred 1, sxs 0, qlty 2
8.19. act -1, pred -1, sxs 1, qlty 0
8.20. act -1, pred -1, sxs 1, qlty 0
8.21. act -1, pred -1, sxs 1, qlty 0
8.22. act -1, pred -1, sxs 1, qlty 0
8.23. act -1, pred -1, sxs 1, qlty 0
8.24. act -1, pred -1, sxs 1, qlty 0
8.25. act -1, pred -1, sxs 1, qlty 0
8.26. act -1, pred -1, sxs 1, qlty 0
8.27. act -1, pred -1, sxs 1, qlty 0
8.28. act -1, pred 1, sxs 0, qlty 2
8.29. act -1, pred -1, sxs 1, qlty 0
8.30. act -1, pred 1, sxs 0, qlty 2
8.31. act -1, pred -1, sxs 1, qlty 0
9.1. act -1, pred -1, sxs 1, qlty 0
9.2. act -1, pred -1, sxs 1, qlty 0
9.3. act -1, pred -1, sxs 1, qlty 0
9.4. act -1, pred -1, sxs 1, qlty 0
9.5. act -1, pred 1, sxs 0, qlty 2
9.6. act -1, pred -1, sxs 1, qlty 0
9.7. act -1, pred -1, sxs 1, qlty 0
9.8. act -1, pred -1, sxs 1, qlty 0
9.9. act -1, pred -1, sxs 1, qlty 0
9.10. act -1, pred -1, sxs 1, qlty 0
9.11. act -1, pred -1, sxs 1, qlty 0
9.12. act -1, pred -1, sxs 1, qlty 0
9.13. act -1, pred -1, sxs 1, qlty 0
9.14. act -1, pred -1, sxs 1, qlty 0
9.15. act -1, pred -1, sxs 1, qlty 0
9.16. act -1, pred -1, sxs 1, qlty 0
9.17. act -1, pred -1, sxs 1, qlty 0
9.18. act -1, pred -1, sxs 1, qlty 0
9.19. act -1, pred -1, sxs 1, qlty 0
9.20. act -1, pred -1, sxs 1, qlty 0
9.21. act -1, pred -1, sxs 1, qlty 0
9.22. act -1, pred -1, sxs 1, qlty 0
9.23. act -1, pred -1, sxs 1, qlty 0
9.24. act -1, pred -1, sxs 1, qlty 0
9.25. act -1, pred -1, sxs 1, qlty 0
9.26. act -1, pred -1, sxs 1, qlty 0
9.27. act -1, pred -1, sxs 1, qlty 0
9.28. act -1, pred -1, sxs 1, qlty 0
9.29. act -1, pred -1, sxs 1, qlty 0
9.30. act -1, pred -1, sxs 1, qlty 0
9.31. act -1, pred -1, sxs 1, qlty 0
10.1. act -1, pred 1, sxs 0, qlty 2
10.2. act -1, pred 1, sxs 0, qlty 2
10.3. act -1, pred 1, sxs 0, qlty 2
10.4. act -1, pred 1, sxs 0, qlty 2
10.5. act -1, pred 1, sxs 0, qlty 2
10.6. act -1, pred 1, sxs 0, qlty 2
10.7. act -1, pred 1, sxs 0, qlty 2
10.8. act -1, pred 1, sxs 0, qlty 2
10.9. act -1, pred 1, sxs 0, qlty 2
10.10. act -1, pred 1, sxs 0, qlty 2
10.11. act -1, pred 1, sxs 0, qlty 2
10.12. act -1, pred 1, sxs 0, qlty 2
10.13. act -1, pred 1, sxs 0, qlty 2
10.14. act -1, pred 1, sxs 0, qlty 2
10.15. act -1, pred 1, sxs 0, qlty 2
10.16. act -1, pred 1, sxs 0, qlty 2
10.17. act -1, pred 1, sxs 0, qlty 2
10.18. act -1, pred 1, sxs 0, qlty 2
10.19. act -1, pred 1, sxs 0, qlty 2
10.20. act -1, pred 1, sxs 0, qlty 2
10.21. act -1, pred 1, sxs 0, qlty 2
10.22. act -1, pred 1, sxs 0, qlty 2
10.23. act -1, pred 1, sxs 0, qlty 4
10.24. act -1, pred 1, sxs 0, qlty 2
10.25. act -1, pred 1, sxs 0, qlty 2
10.26. act -1, pred 1, sxs 0, qlty 2
10.27. act -1, pred 1, sxs 0, qlty 2
10.28. act -1, pred 1, sxs 0, qlty 2
10.29. act -1, pred 1, sxs 0, qlty 2
10.30. act -1, pred 1, sxs 0, qlty 2
10.31. act -1, pred 1, sxs 0, qlty 2
11.1. act 1, pred 1, sxs 1, qlty 0
11.2. act 1, pred -1, sxs 0, qlty 2
11.3. act 1, pred 1, sxs 1, qlty 0
11.4. act 1, pred -1, sxs 0, qlty 2
11.5. act 1, pred -1, sxs 0, qlty 2
11.6. act 1, pred -1, sxs 0, qlty 2
11.7. act 1, pred -1, sxs 0, qlty 2
11.8. act 1, pred 1, sxs 1, qlty 0
11.9. act 1, pred -1, sxs 0, qlty 2
11.10. act 1, pred 1, sxs 1, qlty 0
11.11. act 1, pred -1, sxs 0, qlty 2
11.12. act 1, pred 1, sxs 1, qlty 0
11.13. act 1, pred 1, sxs 1, qlty 0
11.14. act 1, pred 1, sxs 1, qlty 0
11.15. act 1, pred -1, sxs 0, qlty 2
11.16. act 1, pred 1, sxs 1, qlty 0
11.17. act 1, pred 1, sxs 1, qlty 0
11.18. act 1, pred 1, sxs 1, qlty 0
11.19. act 1, pred 1, sxs 1, qlty 0
11.20. act 1, pred -1, sxs 0, qlty 2
11.21. act 1, pred 1, sxs 1, qlty 0
11.22. act 1, pred -1, sxs 0, qlty 2
11.23. act 1, pred 1, sxs 1, qlty 0
11.24. act 1, pred 1, sxs 1, qlty 0
11.25. act 1, pred -1, sxs 0, qlty 2
11.26. act 1, pred 1, sxs 1, qlty 0
11.27. act 1, pred -1, sxs 0, qlty 4
11.28. act 1, pred -1, sxs 0, qlty 2
11.29. act 1, pred 1, sxs 1, qlty 0
11.30. act 1, pred -1, sxs 0, qlty 2
11.31. act 1, pred -1, sxs 0, qlty 2
12.1. act 1, pred -1, sxs 0, qlty 2
12.2. act 1, pred -1, sxs 0, qlty 2
12.3. act 1, pred -1, sxs 0, qlty 2
12.4. act 1, pred -1, sxs 0, qlty 2
12.5. act 1, pred -1, sxs 0, qlty 2
12.6. act 1, pred -1, sxs 0, qlty 2
12.7. act 1, pred -1, sxs 0, qlty 2
12.8. act 1, pred -1, sxs 0, qlty 2
12.9. act 1, pred -1, sxs 0, qlty 2
12.10. act 1, pred -1, sxs 0, qlty 2
12.11. act 1, pred -1, sxs 0, qlty 2
12.12. act 1, pred -1, sxs 0, qlty 2
12.13. act 1, pred -1, sxs 0, qlty 2
12.14. act 1, pred -1, sxs 0, qlty 2
12.15. act 1, pred -1, sxs 0, qlty 2
12.16. act 1, pred -1, sxs 0, qlty 2
12.17. act 1, pred -1, sxs 0, qlty 2
12.18. act 1, pred -1, sxs 0, qlty 2
12.19. act 1, pred -1, sxs 0, qlty 2
12.20. act 1, pred -1, sxs 0, qlty 2
12.21. act 1, pred -1, sxs 0, qlty 2
12.22. act 1, pred -1, sxs 0, qlty 2
12.23. act 1, pred -1, sxs 0, qlty 2
12.24. act 1, pred -1, sxs 0, qlty 2
12.25. act 1, pred -1, sxs 0, qlty 2
12.26. act 1, pred -1, sxs 0, qlty 2
12.27. act 1, pred -1, sxs 0, qlty 2
12.28. act 1, pred -1, sxs 0, qlty 2
12.29. act 1, pred -1, sxs 0, qlty 2
12.30. act 1, pred -1, sxs 0, qlty 2
12.31. act 1, pred -1, sxs 0, qlty 2
13.1. act 1, pred -1, sxs 0, qlty 2
13.2. act 1, pred -1, sxs 0, qlty 2
13.3. act 1, pred -1, sxs 0, qlty 4
13.4. act 1, pred -1, sxs 0, qlty 2
13.5. act 1, pred -1, sxs 0, qlty 2
13.6. act 1, pred -1, sxs 0, qlty 2
13.7. act 1, pred 1, sxs 1, qlty 2
13.8. act 1, pred 1, sxs 1, qlty 2
13.9. act 1, pred 1, sxs 1, qlty 0
13.10. act 1, pred 1, sxs 1, qlty 0
13.11. act 1, pred -1, sxs 0, qlty 2
13.12. act 1, pred -1, sxs 0, qlty 2
13.13. act 1, pred -1, sxs 0, qlty 2
13.14. act 1, pred 1, sxs 1, qlty 0
13.15. act 1, pred -1, sxs 0, qlty 2
13.16. act 1, pred -1, sxs 0, qlty 2
13.17. act 1, pred -1, sxs 0, qlty 2
13.18. act 1, pred -1, sxs 0, qlty 4
13.19. act 1, pred 1, sxs 1, qlty 0
13.20. act 1, pred -1, sxs 0, qlty 2
13.21. act 1, pred -1, sxs 0, qlty 2
13.22. act 1, pred -1, sxs 0, qlty 2
13.23. act 1, pred -1, sxs 0, qlty 2
13.24. act 1, pred -1, sxs 0, qlty 2
13.25. act 1, pred 1, sxs 1, qlty 0
13.26. act 1, pred -1, sxs 0, qlty 2
13.27. act 1, pred 1, sxs 1, qlty 0
13.28. act 1, pred -1, sxs 0, qlty 4
13.29. act 1, pred -1, sxs 0, qlty 2
13.30. act 1, pred -1, sxs 0, qlty 2
13.31. act 1, pred -1, sxs 0, qlty 2
14.1. act -1, pred -1, sxs 1, qlty 0
14.2. act -1, pred 1, sxs 0, qlty 2
14.3. act -1, pred -1, sxs 1, qlty 0
14.4. act -1, pred -1, sxs 1, qlty 0
14.5. act -1, pred 1, sxs 0, qlty 2
14.6. act -1, pred -1, sxs 1, qlty 0
14.7. act -1, pred 1, sxs 0, qlty 2
14.8. act -1, pred 1, sxs 0, qlty 2
14.9. act -1, pred -1, sxs 1, qlty 0
14.10. act -1, pred -1, sxs 1, qlty 0
14.11. act -1, pred -1, sxs 1, qlty 0
14.12. act -1, pred -1, sxs 1, qlty 0
14.13. act -1, pred 1, sxs 0, qlty 2
14.14. act -1, pred 1, sxs 0, qlty 2
14.15. act -1, pred 1, sxs 0, qlty 4
14.16. act -1, pred 1, sxs 0, qlty 2
14.17. act -1, pred 1, sxs 0, qlty 2
14.18. act -1, pred -1, sxs 1, qlty 0
14.19. act -1, pred -1, sxs 1, qlty 2
14.20. act -1, pred -1, sxs 1, qlty 0
14.21. act -1, pred -1, sxs 1, qlty 0
14.22. act -1, pred 1, sxs 0, qlty 4
14.23. act -1, pred -1, sxs 1, qlty 0
14.24. act -1, pred 1, sxs 0, qlty 2
14.25. act -1, pred -1, sxs 1, qlty 0
14.26. act -1, pred -1, sxs 1, qlty 0
14.27. act -1, pred -1, sxs 1, qlty 0
14.28. act -1, pred 1, sxs 0, qlty 2
14.29. act -1, pred 1, sxs 0, qlty 2
14.30. act -1, pred -1, sxs 1, qlty 0
14.31. act -1, pred 1, sxs 0, qlty 2
15.1. act -1, pred -1, sxs 1, qlty 0
15.2. act -1, pred -1, sxs 1, qlty 2
15.3. act -1, pred 1, sxs 0, qlty 2
15.4. act -1, pred -1, sxs 1, qlty 0
15.5. act -1, pred -1, sxs 1, qlty 0
15.6. act -1, pred 1, sxs 0, qlty 2
15.7. act -1, pred -1, sxs 1, qlty 0
15.8. act -1, pred -1, sxs 1, qlty 0
15.9. act -1, pred -1, sxs 1, qlty 0
15.10. act -1, pred 1, sxs 0, qlty 2
15.11. act -1, pred -1, sxs 1, qlty 0
15.12. act -1, pred 1, sxs 0, qlty 2
15.13. act -1, pred -1, sxs 1, qlty 0
15.14. act -1, pred -1, sxs 1, qlty 0
15.15. act -1, pred -1, sxs 1, qlty 0
15.16. act -1, pred 1, sxs 0, qlty 2
15.17. act -1, pred 1, sxs 0, qlty 2
15.18. act -1, pred -1, sxs 1, qlty 0
15.19. act -1, pred -1, sxs 1, qlty 0
15.20. act -1, pred -1, sxs 1, qlty 0
15.21. act -1, pred -1, sxs 1, qlty 0
15.22. act -1, pred -1, sxs 1, qlty 2
15.23. act -1, pred -1, sxs 1, qlty 0
15.24. act -1, pred -1, sxs 1, qlty 0
15.25. act -1, pred -1, sxs 1, qlty 0
15.26. act -1, pred -1, sxs 1, qlty 0
15.27. act -1, pred -1, sxs 1, qlty 0
15.28. act -1, pred -1, sxs 1, qlty 0
15.29. act -1, pred -1, sxs 1, qlty 0
15.30. act -1, pred -1, sxs 1, qlty 0
15.31. act -1, pred 1, sxs 0, qlty 4
16.1. act 1, pred -1, sxs 0, qlty 2
16.2. act 1, pred -1, sxs 0, qlty 2
16.3. act 1, pred -1, sxs 0, qlty 2
16.4. act 1, pred -1, sxs 0, qlty 2
16.5. act 1, pred -1, sxs 0, qlty 2
16.6. act 1, pred -1, sxs 0, qlty 2
16.7. act 1, pred -1, sxs 0, qlty 4
16.8. act 1, pred -1, sxs 0, qlty 2
16.9. act 1, pred -1, sxs 0, qlty 2
16.10. act 1, pred -1, sxs 0, qlty 2
16.11. act 1, pred -1, sxs 0, qlty 2
16.12. act 1, pred -1, sxs 0, qlty 2
16.13. act 1, pred -1, sxs 0, qlty 2
16.14. act 1, pred -1, sxs 0, qlty 2
16.15. act 1, pred -1, sxs 0, qlty 2
16.16. act 1, pred -1, sxs 0, qlty 2
16.17. act 1, pred -1, sxs 0, qlty 2
16.18. act 1, pred -1, sxs 0, qlty 4
16.19. act 1, pred -1, sxs 0, qlty 2
16.20. act 1, pred -1, sxs 0, qlty 2
16.21. act 1, pred 1, sxs 1, qlty 0
16.22. act 1, pred -1, sxs 0, qlty 2
16.23. act 1, pred -1, sxs 0, qlty 2
16.24. act 1, pred -1, sxs 0, qlty 2
16.25. act 1, pred -1, sxs 0, qlty 2
16.26. act 1, pred -1, sxs 0, qlty 2
16.27. act 1, pred -1, sxs 0, qlty 2
16.28. act 1, pred -1, sxs 0, qlty 2
16.29. act 1, pred -1, sxs 0, qlty 2
16.30. act 1, pred -1, sxs 0, qlty 2
16.31. act 1, pred -1, sxs 0, qlty 2
17.1. act -1, pred 1, sxs 0, qlty 2
17.2. act -1, pred 1, sxs 0, qlty 2
17.3. act -1, pred 1, sxs 0, qlty 2
17.4. act -1, pred -1, sxs 1, qlty 0
17.5. act -1, pred 1, sxs 0, qlty 2
17.6. act -1, pred 1, sxs 0, qlty 2
17.7. act -1, pred 1, sxs 0, qlty 2
17.8. act -1, pred -1, sxs 1, qlty 0
17.9. act -1, pred 1, sxs 0, qlty 2
17.10. act -1, pred 1, sxs 0, qlty 2
17.11. act -1, pred -1, sxs 1, qlty 0
17.12. act -1, pred 1, sxs 0, qlty 2
17.13. act -1, pred 1, sxs 0, qlty 2
17.14. act -1, pred 1, sxs 0, qlty 2
17.15. act -1, pred 1, sxs 0, qlty 2
17.16. act -1, pred 1, sxs 0, qlty 2
17.17. act -1, pred 1, sxs 0, qlty 2
17.18. act -1, pred 1, sxs 0, qlty 2
17.19. act -1, pred 1, sxs 0, qlty 2
17.20. act -1, pred 1, sxs 0, qlty 2
17.21. act -1, pred 1, sxs 0, qlty 2
17.22. act -1, pred 1, sxs 0, qlty 2
17.23. act -1, pred -1, sxs 1, qlty 0
17.24. act -1, pred 1, sxs 0, qlty 2
17.25. act -1, pred 1, sxs 0, qlty 2
17.26. act -1, pred 1, sxs 0, qlty 2
17.27. act -1, pred 1, sxs 0, qlty 2
17.28. act -1, pred 1, sxs 0, qlty 2
17.29. act -1, pred 1, sxs 0, qlty 2
17.30. act -1, pred 1, sxs 0, qlty 2
17.31. act -1, pred 1, sxs 0, qlty 4
18.1. act -1, pred -1, sxs 1, qlty 0
18.2. act -1, pred 1, sxs 0, qlty 4
18.3. act -1, pred 1, sxs 0, qlty 2
18.4. act -1, pred 1, sxs 0, qlty 2
18.5. act -1, pred -1, sxs 1, qlty 0
18.6. act -1, pred 1, sxs 0, qlty 2
18.7. act -1, pred 1, sxs 0, qlty 2
18.8. act -1, pred 1, sxs 0, qlty 2
18.9. act -1, pred -1, sxs 1, qlty 0
18.10. act -1, pred -1, sxs 1, qlty 0
18.11. act -1, pred 1, sxs 0, qlty 4
18.12. act -1, pred -1, sxs 1, qlty 0
18.13. act -1, pred 1, sxs 0, qlty 2
18.14. act -1, pred -1, sxs 1, qlty 0
18.15. act -1, pred -1, sxs 1, qlty 0
18.16. act -1, pred -1, sxs 1, qlty 0
18.17. act -1, pred -1, sxs 1, qlty 0
18.18. act -1, pred 1, sxs 0, qlty 2
18.19. act -1, pred -1, sxs 1, qlty 0
18.20. act -1, pred 1, sxs 0, qlty 2
18.21. act -1, pred 1, sxs 0, qlty 2
18.22. act -1, pred -1, sxs 1, qlty 0
18.23. act -1, pred 1, sxs 0, qlty 2
18.24. act -1, pred -1, sxs 1, qlty 0
18.25. act -1, pred 1, sxs 0, qlty 2
18.26. act -1, pred 1, sxs 0, qlty 2
18.27. act -1, pred -1, sxs 1, qlty 0
18.28. act -1, pred -1, sxs 1, qlty 2
18.29. act -1, pred 1, sxs 0, qlty 2
18.30. act -1, pred -1, sxs 1, qlty 0
18.31. act -1, pred -1, sxs 1, qlty 0
19.1. act -1, pred -1, sxs 1, qlty 0
19.2. act -1, pred 1, sxs 0, qlty 2
19.3. act -1, pred 1, sxs 0, qlty 2
19.4. act -1, pred -1, sxs 1, qlty 0
19.5. act -1, pred 1, sxs 0, qlty 2
19.6. act -1, pred -1, sxs 1, qlty 0
19.7. act -1, pred 1, sxs 0, qlty 2
19.8. act -1, pred -1, sxs 1, qlty 0
19.9. act -1, pred 1, sxs 0, qlty 2
19.10. act -1, pred 1, sxs 0, qlty 2
19.11. act -1, pred 1, sxs 0, qlty 2
19.12. act -1, pred -1, sxs 1, qlty 0
19.13. act -1, pred 1, sxs 0, qlty 2
19.14. act -1, pred 1, sxs 0, qlty 2
19.15. act -1, pred 1, sxs 0, qlty 2
19.16. act -1, pred -1, sxs 1, qlty 0
19.17. act -1, pred 1, sxs 0, qlty 2
19.18. act -1, pred 1, sxs 0, qlty 2
19.19. act -1, pred -1, sxs 1, qlty 0
19.20. act -1, pred 1, sxs 0, qlty 2
19.21. act -1, pred 1, sxs 0, qlty 2
19.22. act -1, pred 1, sxs 0, qlty 2
19.23. act -1, pred 1, sxs 0, qlty 4
19.24. act -1, pred -1, sxs 1, qlty 0
19.25. act -1, pred 1, sxs 0, qlty 2
19.26. act -1, pred -1, sxs 1, qlty 2
19.27. act -1, pred 1, sxs 0, qlty 2
19.28. act -1, pred 1, sxs 0, qlty 2
19.29. act -1, pred 1, sxs 0, qlty 2
19.30. act -1, pred 1, sxs 0, qlty 2
19.31. act -1, pred -1, sxs 1, qlty 0
20.1. act -1, pred 1, sxs 0, qlty 2
20.2. act -1, pred 1, sxs 0, qlty 2
20.3. act -1, pred -1, sxs 1, qlty 0
20.4. act -1, pred 1, sxs 0, qlty 4
20.5. act -1, pred 1, sxs 0, qlty 2
20.6. act -1, pred -1, sxs 1, qlty 0
20.7. act -1, pred 1, sxs 0, qlty 4
20.8. act -1, pred 1, sxs 0, qlty 2
20.9. act -1, pred 1, sxs 0, qlty 2
20.10. act -1, pred 1, sxs 0, qlty 2
20.11. act -1, pred 1, sxs 0, qlty 2
20.12. act -1, pred 1, sxs 0, qlty 2
20.13. act -1, pred 1, sxs 0, qlty 2
20.14. act -1, pred 1, sxs 0, qlty 2
20.15. act -1, pred -1, sxs 1, qlty 0
20.16. act -1, pred 1, sxs 0, qlty 2
20.17. act -1, pred 1, sxs 0, qlty 2
20.18. act -1, pred 1, sxs 0, qlty 2
20.19. act -1, pred -1, sxs 1, qlty 0
20.20. act -1, pred 1, sxs 0, qlty 2
20.21. act -1, pred 1, sxs 0, qlty 2
20.22. act -1, pred -1, sxs 1, qlty 0
20.23. act -1, pred -1, sxs 1, qlty 0
20.24. act -1, pred -1, sxs 1, qlty 0
20.25. act -1, pred -1, sxs 1, qlty 0
20.26. act -1, pred 1, sxs 0, qlty 2
20.27. act -1, pred 1, sxs 0, qlty 4
20.28. act -1, pred 1, sxs 0, qlty 2
20.29. act -1, pred 1, sxs 0, qlty 2
20.30. act -1, pred 1, sxs 0, qlty 2
20.31. act -1, pred -1, sxs 1, qlty 0
21.1. act 1, pred -1, sxs 0, qlty 2
21.2. act 1, pred -1, sxs 0, qlty 2
21.3. act 1, pred -1, sxs 0, qlty 2
21.4. act 1, pred -1, sxs 0, qlty 4
21.5. act 1, pred -1, sxs 0, qlty 2
21.6. act 1, pred -1, sxs 0, qlty 2
21.7. act 1, pred 1, sxs 1, qlty 0
21.8. act 1, pred 1, sxs 1, qlty 0
21.9. act 1, pred -1, sxs 0, qlty 2
21.10. act 1, pred 1, sxs 1, qlty 0
21.11. act 1, pred -1, sxs 0, qlty 2
21.12. act 1, pred -1, sxs 0, qlty 2
21.13. act 1, pred -1, sxs 0, qlty 2
21.14. act 1, pred -1, sxs 0, qlty 2
21.15. act 1, pred 1, sxs 1, qlty 0
21.16. act 1, pred -1, sxs 0, qlty 2
21.17. act 1, pred -1, sxs 0, qlty 2
21.18. act 1, pred 1, sxs 1, qlty 0
21.19. act 1, pred -1, sxs 0, qlty 2
21.20. act 1, pred -1, sxs 0, qlty 2
21.21. act 1, pred -1, sxs 0, qlty 2
21.22. act 1, pred -1, sxs 0, qlty 2
21.23. act 1, pred -1, sxs 0, qlty 2
21.24. act 1, pred -1, sxs 0, qlty 2
21.25. act 1, pred -1, sxs 0, qlty 2
21.26. act 1, pred -1, sxs 0, qlty 2
21.27. act 1, pred 1, sxs 1, qlty 0
21.28. act 1, pred -1, sxs 0, qlty 2
21.29. act 1, pred -1, sxs 0, qlty 2
21.30. act 1, pred 1, sxs 1, qlty 0
21.31. act 1, pred -1, sxs 0, qlty 2
22.1. act -1, pred -1, sxs 1, qlty 0
22.2. act -1, pred 1, sxs 0, qlty 2
22.3. act -1, pred -1, sxs 1, qlty 2
22.4. act -1, pred -1, sxs 1, qlty 0
22.5. act -1, pred 1, sxs 0, qlty 2
22.6. act -1, pred -1, sxs 1, qlty 0
22.7. act -1, pred -1, sxs 1, qlty 0
22.8. act -1, pred -1, sxs 1, qlty 0
22.9. act -1, pred -1, sxs 1, qlty 0
22.10. act -1, pred -1, sxs 1, qlty 0
22.11. act -1, pred -1, sxs 1, qlty 0
22.12. act -1, pred -1, sxs 1, qlty 0
22.13. act -1, pred -1, sxs 1, qlty 0
22.14. act -1, pred -1, sxs 1, qlty 0
22.15. act -1, pred -1, sxs 1, qlty 0
22.16. act -1, pred -1, sxs 1, qlty 0
22.17. act -1, pred -1, sxs 1, qlty 0
22.18. act -1, pred -1, sxs 1, qlty 0
22.19. act -1, pred -1, sxs 1, qlty 0
22.20. act -1, pred -1, sxs 1, qlty 0
22.21. act -1, pred -1, sxs 1, qlty 0
22.22. act -1, pred -1, sxs 1, qlty 0
22.23. act -1, pred -1, sxs 1, qlty 0
22.24. act -1, pred -1, sxs 1, qlty 0
22.25. act -1, pred -1, sxs 1, qlty 0
22.26. act -1, pred -1, sxs 1, qlty 0
22.27. act -1, pred -1, sxs 1, qlty 0
22.28. act -1, pred -1, sxs 1, qlty 0
22.29. act -1, pred -1, sxs 1, qlty 0
22.30. act -1, pred -1, sxs 1, qlty 0
22.31. act -1, pred -1, sxs 1, qlty 0
23.1. act 1, pred -1, sxs 0, qlty 2
23.2. act 1, pred -1, sxs 0, qlty 2
23.3. act 1, pred -1, sxs 0, qlty 2
23.4. act 1, pred -1, sxs 0, qlty 2
23.5. act 1, pred -1, sxs 0, qlty 2
23.6. act 1, pred -1, sxs 0, qlty 2
23.7. act 1, pred -1, sxs 0, qlty 2
23.8. act 1, pred -1, sxs 0, qlty 2
23.9. act 1, pred 1, sxs 1, qlty 2
23.10. act 1, pred -1, sxs 0, qlty 2
23.11. act 1, pred -1, sxs 0, qlty 2
23.12. act 1, pred -1, sxs 0, qlty 2
23.13. act 1, pred -1, sxs 0, qlty 2
23.14. act 1, pred -1, sxs 0, qlty 2
23.15. act 1, pred -1, sxs 0, qlty 2
23.16. act 1, pred -1, sxs 0, qlty 2
23.17. act 1, pred -1, sxs 0, qlty 2
23.18. act 1, pred -1, sxs 0, qlty 2
23.19. act 1, pred -1, sxs 0, qlty 2
23.20. act 1, pred -1, sxs 0, qlty 2
23.21. act 1, pred -1, sxs 0, qlty 2
23.22. act 1, pred -1, sxs 0, qlty 2
23.23. act 1, pred -1, sxs 0, qlty 2
23.24. act 1, pred -1, sxs 0, qlty 2
23.25. act 1, pred -1, sxs 0, qlty 2
23.26. act 1, pred -1, sxs 0, qlty 2
23.27. act 1, pred -1, sxs 0, qlty 2
23.28. act 1, pred -1, sxs 0, qlty 2
23.29. act 1, pred -1, sxs 0, qlty 2
23.30. act 1, pred -1, sxs 0, qlty 2
23.31. act 1, pred -1, sxs 0, qlty 2
24.1. act -1, pred -1, sxs 1, qlty 0
24.2. act -1, pred -1, sxs 1, qlty 0
24.3. act -1, pred -1, sxs 1, qlty 0
24.4. act -1, pred -1, sxs 1, qlty 2
24.5. act -1, pred 1, sxs 0, qlty 2
24.6. act -1, pred -1, sxs 1, qlty 0
24.7. act -1, pred -1, sxs 1, qlty 0
24.8. act -1, pred -1, sxs 1, qlty 0
24.9. act -1, pred -1, sxs 1, qlty 0
24.10. act -1, pred -1, sxs 1, qlty 2
24.11. act -1, pred -1, sxs 1, qlty 0
24.12. act -1, pred -1, sxs 1, qlty 0
24.13. act -1, pred -1, sxs 1, qlty 0
24.14. act -1, pred -1, sxs 1, qlty 0
24.15. act -1, pred -1, sxs 1, qlty 0
24.16. act -1, pred 1, sxs 0, qlty 2
24.17. act -1, pred 1, sxs 0, qlty 2
24.18. act -1, pred -1, sxs 1, qlty 0
24.19. act -1, pred -1, sxs 1, qlty 0
24.20. act -1, pred -1, sxs 1, qlty 0
24.21. act -1, pred -1, sxs 1, qlty 0
24.22. act -1, pred -1, sxs 1, qlty 0
24.23. act -1, pred -1, sxs 1, qlty 2
24.24. act -1, pred -1, sxs 1, qlty 0
24.25. act -1, pred -1, sxs 1, qlty 0
24.26. act -1, pred -1, sxs 1, qlty 0
24.27. act -1, pred -1, sxs 1, qlty 2
24.28. act -1, pred -1, sxs 1, qlty 0
24.29. act -1, pred -1, sxs 1, qlty 0
24.30. act -1, pred -1, sxs 1, qlty 0
24.31. act -1, pred -1, sxs 1, qlty 0
25.1. act 1, pred 1, sxs 1, qlty 0
25.2. act 1, pred -1, sxs 0, qlty 2
25.3. act 1, pred 1, sxs 1, qlty 0
25.4. act 1, pred -1, sxs 0, qlty 2
25.5. act 1, pred -1, sxs 0, qlty 2
25.6. act 1, pred 1, sxs 1, qlty 0
25.7. act 1, pred 1, sxs 1, qlty 0
25.8. act 1, pred 1, sxs 1, qlty 0
25.9. act 1, pred 1, sxs 1, qlty 0
25.10. act 1, pred -1, sxs 0, qlty 2
25.11. act 1, pred 1, sxs 1, qlty 0
25.12. act 1, pred 1, sxs 1, qlty 0
25.13. act 1, pred 1, sxs 1, qlty 0
25.14. act 1, pred -1, sxs 0, qlty 2
25.15. act 1, pred 1, sxs 1, qlty 0
25.16. act 1, pred 1, sxs 1, qlty 0
25.17. act 1, pred 1, sxs 1, qlty 0
25.18. act 1, pred 1, sxs 1, qlty 0
25.19. act 1, pred -1, sxs 0, qlty 2
25.20. act 1, pred 1, sxs 1, qlty 0
25.21. act 1, pred 1, sxs 1, qlty 0
25.22. act 1, pred 1, sxs 1, qlty 0
25.23. act 1, pred 1, sxs 1, qlty 0
25.24. act 1, pred 1, sxs 1, qlty 0
25.25. act 1, pred -1, sxs 0, qlty 2
25.26. act 1, pred -1, sxs 0, qlty 2
25.27. act 1, pred -1, sxs 0, qlty 2
25.28. act 1, pred -1, sxs 0, qlty 2
25.29. act 1, pred 1, sxs 1, qlty 0
25.30. act 1, pred -1, sxs 0, qlty 2
25.31. act 1, pred -1, sxs 0, qlty 2
26.1. act -1, pred -1, sxs 1, qlty 0
26.2. act -1, pred -1, sxs 1, qlty 0
26.3. act -1, pred -1, sxs 1, qlty 0
26.4. act -1, pred -1, sxs 1, qlty 0
26.5. act -1, pred -1, sxs 1, qlty 0
26.6. act -1, pred -1, sxs 1, qlty 0
26.7. act -1, pred -1, sxs 1, qlty 0
26.8. act -1, pred -1, sxs 1, qlty 0
26.9. act -1, pred -1, sxs 1, qlty 0
26.10. act -1, pred -1, sxs 1, qlty 0
26.11. act -1, pred -1, sxs 1, qlty 0
26.12. act -1, pred -1, sxs 1, qlty 0
26.13. act -1, pred -1, sxs 1, qlty 0
26.14. act -1, pred -1, sxs 1, qlty 0
26.15. act -1, pred -1, sxs 1, qlty 0
26.16. act -1, pred -1, sxs 1, qlty 0
26.17. act -1, pred -1, sxs 1, qlty 0
26.18. act -1, pred -1, sxs 1, qlty 0
26.19. act -1, pred -1, sxs 1, qlty 0
26.20. act -1, pred -1, sxs 1, qlty 0
26.21. act -1, pred -1, sxs 1, qlty 0
26.22. act -1, pred -1, sxs 1, qlty 0
26.23. act -1, pred -1, sxs 1, qlty 0
26.24. act -1, pred -1, sxs 1, qlty 0
26.25. act -1, pred -1, sxs 1, qlty 0
26.26. act -1, pred -1, sxs 1, qlty 0
26.27. act -1, pred -1, sxs 1, qlty 0
26.28. act -1, pred -1, sxs 1, qlty 0
26.29. act -1, pred -1, sxs 1, qlty 0
26.30. act -1, pred -1, sxs 1, qlty 0
26.31. act -1, pred -1, sxs 1, qlty 0
27.1. act 1, pred 1, sxs 1, qlty 0
27.2. act 1, pred 1, sxs 1, qlty 0
27.3. act 1, pred 1, sxs 1, qlty 0
27.4. act 1, pred 1, sxs 1, qlty 0
27.5. act 1, pred 1, sxs 1, qlty 0
27.6. act 1, pred 1, sxs 1, qlty 0
27.7. act 1, pred 1, sxs 1, qlty 0
27.8. act 1, pred 1, sxs 1, qlty 0
27.9. act 1, pred 1, sxs 1, qlty 0
27.10. act 1, pred 1, sxs 1, qlty 0
27.11. act 1, pred 1, sxs 1, qlty 0
27.12. act 1, pred 1, sxs 1, qlty 0
27.13. act 1, pred 1, sxs 1, qlty 0
27.14. act 1, pred 1, sxs 1, qlty 0
27.15. act 1, pred 1, sxs 1, qlty 0
27.16. act 1, pred 1, sxs 1, qlty 0
27.17. act 1, pred 1, sxs 1, qlty 0
27.18. act 1, pred 1, sxs 1, qlty 0
27.19. act 1, pred 1, sxs 1, qlty 0
27.20. act 1, pred 1, sxs 1, qlty 0
27.21. act 1, pred 1, sxs 1, qlty 0
27.22. act 1, pred 1, sxs 1, qlty 0
27.23. act 1, pred 1, sxs 1, qlty 0
27.24. act 1, pred 1, sxs 1, qlty 0
27.25. act 1, pred 1, sxs 1, qlty 0
27.26. act 1, pred 1, sxs 1, qlty 0
27.27. act 1, pred 1, sxs 1, qlty 0
27.28. act 1, pred 1, sxs 1, qlty 0
27.29. act 1, pred 1, sxs 1, qlty 0
27.30. act 1, pred 1, sxs 1, qlty 0
27.31. act 1, pred 1, sxs 1, qlty 0
28.1. act 1, pred -1, sxs 0, qlty 2
28.2. act 1, pred -1, sxs 0, qlty 2
28.3. act 1, pred -1, sxs 0, qlty 2
28.4. act 1, pred -1, sxs 0, qlty 2
28.5. act 1, pred -1, sxs 0, qlty 2
28.6. act 1, pred -1, sxs 0, qlty 2
28.7. act 1, pred -1, sxs 0, qlty 2
28.8. act 1, pred -1, sxs 0, qlty 2
28.9. act 1, pred -1, sxs 0, qlty 2
28.10. act 1, pred -1, sxs 0, qlty 2
28.11. act 1, pred -1, sxs 0, qlty 2
28.12. act 1, pred -1, sxs 0, qlty 2
28.13. act 1, pred -1, sxs 0, qlty 2
28.14. act 1, pred -1, sxs 0, qlty 2
28.15. act 1, pred -1, sxs 0, qlty 2
28.16. act 1, pred -1, sxs 0, qlty 2
28.17. act 1, pred -1, sxs 0, qlty 2
28.18. act 1, pred -1, sxs 0, qlty 2
28.19. act 1, pred -1, sxs 0, qlty 2
28.20. act 1, pred -1, sxs 0, qlty 2
28.21. act 1, pred -1, sxs 0, qlty 2
28.22. act 1, pred -1, sxs 0, qlty 2
28.23. act 1, pred -1, sxs 0, qlty 2
28.24. act 1, pred -1, sxs 0, qlty 2
28.25. act 1, pred -1, sxs 0, qlty 2
28.26. act 1, pred -1, sxs 0, qlty 2
28.27. act 1, pred -1, sxs 0, qlty 2
28.28. act 1, pred -1, sxs 0, qlty 2
28.29. act 1, pred -1, sxs 0, qlty 2
28.30. act 1, pred -1, sxs 0, qlty 2
28.31. act 1, pred -1, sxs 0, qlty 2
29.1. act -1, pred -1, sxs 1, qlty 0
29.2. act -1, pred -1, sxs 1, qlty 0
29.3. act -1, pred 1, sxs 0, qlty 2
29.4. act -1, pred -1, sxs 1, qlty 2
29.5. act -1, pred -1, sxs 1, qlty 0
29.6. act -1, pred -1, sxs 1, qlty 0
29.7. act -1, pred -1, sxs 1, qlty 0
29.8. act -1, pred 1, sxs 0, qlty 2
29.9. act -1, pred 1, sxs 0, qlty 2
29.10. act -1, pred -1, sxs 1, qlty 0
29.11. act -1, pred -1, sxs 1, qlty 0
29.12. act -1, pred -1, sxs 1, qlty 2
29.13. act -1, pred -1, sxs 1, qlty 0
29.14. act -1, pred -1, sxs 1, qlty 0
29.15. act -1, pred 1, sxs 0, qlty 2
29.16. act -1, pred -1, sxs 1, qlty 2
29.17. act -1, pred 1, sxs 0, qlty 4
29.18. act -1, pred -1, sxs 1, qlty 2
29.19. act -1, pred -1, sxs 1, qlty 0
29.20. act -1, pred 1, sxs 0, qlty 4
29.21. act -1, pred -1, sxs 1, qlty 0
29.22. act -1, pred -1, sxs 1, qlty 0
29.23. act -1, pred -1, sxs 1, qlty 0
29.24. act -1, pred 1, sxs 0, qlty 4
29.25. act -1, pred -1, sxs 1, qlty 0
29.26. act -1, pred 1, sxs 0, qlty 4
29.27. act -1, pred 1, sxs 0, qlty 2
29.28. act -1, pred 1, sxs 0, qlty 4
29.29. act -1, pred -1, sxs 1, qlty 0
29.30. act -1, pred -1, sxs 1, qlty 0
29.31. act -1, pred 1, sxs 0, qlty 4
30.1. act -1, pred 1, sxs 0, qlty 2
30.2. act -1, pred -1, sxs 1, qlty 0
30.3. act -1, pred 1, sxs 0, qlty 4
30.4. act -1, pred 1, sxs 0, qlty 2
30.5. act -1, pred 1, sxs 0, qlty 2
30.6. act -1, pred 1, sxs 0, qlty 2
30.7. act -1, pred 1, sxs 0, qlty 2
30.8. act -1, pred 1, sxs 0, qlty 4
30.9. act -1, pred 1, sxs 0, qlty 4
30.10. act -1, pred 1, sxs 0, qlty 4
30.11. act -1, pred -1, sxs 1, qlty 0
30.12. act -1, pred 1, sxs 0, qlty 2
30.13. act -1, pred 1, sxs 0, qlty 2
30.14. act -1, pred 1, sxs 0, qlty 4
30.15. act -1, pred 1, sxs 0, qlty 2
30.16. act -1, pred 1, sxs 0, qlty 2
30.17. act -1, pred 1, sxs 0, qlty 2
30.18. act -1, pred 1, sxs 0, qlty 2
30.19. act -1, pred 1, sxs 0, qlty 2
30.20. act -1, pred 1, sxs 0, qlty 2
30.21. act -1, pred -1, sxs 1, qlty 2
30.22. act -1, pred 1, sxs 0, qlty 2
30.23. act -1, pred 1, sxs 0, qlty 2
30.24. act -1, pred 1, sxs 0, qlty 2
30.25. act -1, pred 1, sxs 0, qlty 2
30.26. act -1, pred 1, sxs 0, qlty 2
30.27. act -1, pred 1, sxs 0, qlty 2
30.28. act -1, pred 1, sxs 0, qlty 2
30.29. act -1, pred 1, sxs 0, qlty 2
30.30. act -1, pred 1, sxs 0, qlty 2
30.31. act -1, pred 1, sxs 0, qlty 2
31.1. act -1, pred 1, sxs 0, qlty 2
31.2. act -1, pred 1, sxs 0, qlty 2
31.3. act -1, pred 1, sxs 0, qlty 2
31.4. act -1, pred 1, sxs 0, qlty 2
31.5. act -1, pred 1, sxs 0, qlty 4
31.6. act -1, pred -1, sxs 1, qlty 2
31.7. act -1, pred -1, sxs 1, qlty 2
31.8. act -1, pred 1, sxs 0, qlty 2
31.9. act -1, pred 1, sxs 0, qlty 2
31.10. act -1, pred 1, sxs 0, qlty 2
31.11. act -1, pred 1, sxs 0, qlty 2
31.12. act -1, pred 1, sxs 0, qlty 2
31.13. act -1, pred -1, sxs 1, qlty 2
31.14. act -1, pred -1, sxs 1, qlty 2
31.15. act -1, pred -1, sxs 1, qlty 0
31.16. act -1, pred -1, sxs 1, qlty 0
31.17. act -1, pred 1, sxs 0, qlty 2
31.18. act -1, pred -1, sxs 1, qlty 0
31.19. act -1, pred 1, sxs 0, qlty 2
31.20. act -1, pred 1, sxs 0, qlty 4
31.21. act -1, pred 1, sxs 0, qlty 2
31.22. act -1, pred 1, sxs 0, qlty 2
31.23. act -1, pred -1, sxs 1, qlty 0
31.24. act -1, pred 1, sxs 0, qlty 2
31.25. act -1, pred 1, sxs 0, qlty 2
31.26. act -1, pred -1, sxs 1, qlty 2
31.27. act -1, pred -1, sxs 1, qlty 2
31.28. act -1, pred 1, sxs 0, qlty 2
31.29. act -1, pred -1, sxs 1, qlty 2
31.30. act -1, pred 1, sxs 0, qlty 2
31.31. act -1, pred -1, sxs 1, qlty 2
32.1. act -1, pred 1, sxs 0, qlty 2
32.2. act -1, pred 1, sxs 0, qlty 2
32.3. act -1, pred -1, sxs 1, qlty 0
32.4. act -1, pred 1, sxs 0, qlty 4
32.5. act -1, pred -1, sxs 1, qlty 0
32.6. act -1, pred 1, sxs 0, qlty 4
32.7. act -1, pred 1, sxs 0, qlty 4
32.8. act -1, pred 1, sxs 0, qlty 2
32.9. act -1, pred -1, sxs 1, qlty 0
32.10. act -1, pred 1, sxs 0, qlty 4
32.11. act -1, pred 1, sxs 0, qlty 2
32.12. act -1, pred 1, sxs 0, qlty 4
32.13. act -1, pred 1, sxs 0, qlty 2
32.14. act -1, pred 1, sxs 0, qlty 2
32.15. act -1, pred 1, sxs 0, qlty 2
32.16. act -1, pred -1, sxs 1, qlty 0
32.17. act -1, pred 1, sxs 0, qlty 4
32.18. act -1, pred -1, sxs 1, qlty 2
32.19. act -1, pred 1, sxs 0, qlty 2
32.20. act -1, pred -1, sxs 1, qlty 2
32.21. act -1, pred -1, sxs 1, qlty 0
32.22. act -1, pred -1, sxs 1, qlty 0
32.23. act -1, pred 1, sxs 0, qlty 4
32.24. act -1, pred -1, sxs 1, qlty 2
32.25. act -1, pred -1, sxs 1, qlty 2
32.26. act -1, pred -1, sxs 1, qlty 2
32.27. act -1, pred -1, sxs 1, qlty 0
32.28. act -1, pred 1, sxs 0, qlty 2
32.29. act -1, pred 1, sxs 0, qlty 2
32.30. act -1, pred -1, sxs 1, qlty 0
32.31. act -1, pred 1, sxs 0, qlty 4
33.1. act -1, pred -1, sxs 1, qlty 0
33.2. act -1, pred -1, sxs 1, qlty 0
33.3. act -1, pred -1, sxs 1, qlty 2
33.4. act -1, pred -1, sxs 1, qlty 0
33.5. act -1, pred 1, sxs 0, qlty 2
33.6. act -1, pred -1, sxs 1, qlty 0
33.7. act -1, pred -1, sxs 1, qlty 0
33.8. act -1, pred 1, sxs 0, qlty 2
33.9. act -1, pred -1, sxs 1, qlty 0
33.10. act -1, pred -1, sxs 1, qlty 0
33.11. act -1, pred -1, sxs 1, qlty 2
33.12. act -1, pred -1, sxs 1, qlty 2
33.13. act -1, pred -1, sxs 1, qlty 0
33.14. act -1, pred -1, sxs 1, qlty 0
33.15. act -1, pred -1, sxs 1, qlty 0
33.16. act -1, pred -1, sxs 1, qlty 0
33.17. act -1, pred 1, sxs 0, qlty 2
33.18. act -1, pred -1, sxs 1, qlty 0
33.19. act -1, pred -1, sxs 1, qlty 0
33.20. act -1, pred -1, sxs 1, qlty 0
33.21. act -1, pred -1, sxs 1, qlty 0
33.22. act -1, pred -1, sxs 1, qlty 0
33.23. act -1, pred 1, sxs 0, qlty 2
33.24. act -1, pred 1, sxs 0, qlty 2
33.25. act -1, pred 1, sxs 0, qlty 2
33.26. act -1, pred -1, sxs 1, qlty 2
33.27. act -1, pred 1, sxs 0, qlty 2
33.28. act -1, pred 1, sxs 0, qlty 2
33.29. act -1, pred -1, sxs 1, qlty 0
33.30. act -1, pred -1, sxs 1, qlty 0
33.31. act -1, pred -1, sxs 1, qlty 0
34.1. act -1, pred -1, sxs 1, qlty 2
34.2. act -1, pred -1, sxs 1, qlty 0
34.3. act -1, pred -1, sxs 1, qlty 0
34.4. act -1, pred -1, sxs 1, qlty 0
34.5. act -1, pred -1, sxs 1, qlty 0
34.6. act -1, pred -1, sxs 1, qlty 0
34.7. act -1, pred -1, sxs 1, qlty 0
34.8. act -1, pred -1, sxs 1, qlty 0
34.9. act -1, pred -1, sxs 1, qlty 0
34.10. act -1, pred -1, sxs 1, qlty 0
34.11. act -1, pred -1, sxs 1, qlty 0
34.12. act -1, pred -1, sxs 1, qlty 0
34.13. act -1, pred -1, sxs 1, qlty 0
34.14. act -1, pred -1, sxs 1, qlty 0
34.15. act -1, pred -1, sxs 1, qlty 0
34.16. act -1, pred -1, sxs 1, qlty 0
34.17. act -1, pred -1, sxs 1, qlty 0
34.18. act -1, pred -1, sxs 1, qlty 0
34.19. act -1, pred -1, sxs 1, qlty 0
34.20. act -1, pred -1, sxs 1, qlty 0
34.21. act -1, pred -1, sxs 1, qlty 0
34.22. act -1, pred -1, sxs 1, qlty 0
34.23. act -1, pred -1, sxs 1, qlty 0
34.24. act -1, pred -1, sxs 1, qlty 0
34.25. act -1, pred -1, sxs 1, qlty 0
34.26. act -1, pred -1, sxs 1, qlty 0
34.27. act -1, pred -1, sxs 1, qlty 0
34.28. act -1, pred -1, sxs 1, qlty 0
34.29. act -1, pred -1, sxs 1, qlty 0
34.30. act -1, pred -1, sxs 1, qlty 0
34.31. act -1, pred -1, sxs 1, qlty 0
35.1. act 1, pred -1, sxs 0, qlty 2
35.2. act 1, pred -1, sxs 0, qlty 2
35.3. act 1, pred -1, sxs 0, qlty 2
35.4. act 1, pred -1, sxs 0, qlty 2
35.5. act 1, pred -1, sxs 0, qlty 2
35.6. act 1, pred -1, sxs 0, qlty 2
35.7. act 1, pred -1, sxs 0, qlty 2
35.8. act 1, pred -1, sxs 0, qlty 2
35.9. act 1, pred -1, sxs 0, qlty 2
35.10. act 1, pred -1, sxs 0, qlty 2
35.11. act 1, pred -1, sxs 0, qlty 2
35.12. act 1, pred -1, sxs 0, qlty 2
35.13. act 1, pred -1, sxs 0, qlty 2
35.14. act 1, pred -1, sxs 0, qlty 2
35.15. act 1, pred -1, sxs 0, qlty 2
35.16. act 1, pred -1, sxs 0, qlty 2
35.17. act 1, pred -1, sxs 0, qlty 2
35.18. act 1, pred -1, sxs 0, qlty 2
35.19. act 1, pred -1, sxs 0, qlty 2
35.20. act 1, pred -1, sxs 0, qlty 2
35.21. act 1, pred -1, sxs 0, qlty 2
35.22. act 1, pred -1, sxs 0, qlty 2
35.23. act 1, pred -1, sxs 0, qlty 2
35.24. act 1, pred -1, sxs 0, qlty 2
35.25. act 1, pred -1, sxs 0, qlty 2
35.26. act 1, pred -1, sxs 0, qlty 2
35.27. act 1, pred -1, sxs 0, qlty 2
35.28. act 1, pred -1, sxs 0, qlty 2
35.29. act 1, pred -1, sxs 0, qlty 2
35.30. act 1, pred -1, sxs 0, qlty 2
35.31. act 1, pred -1, sxs 0, qlty 2
36.1. act -1, pred 1, sxs 0, qlty 2
36.2. act -1, pred -1, sxs 1, qlty 0
36.3. act -1, pred -1, sxs 1, qlty 0
36.4. act -1, pred 1, sxs 0, qlty 4
36.5. act -1, pred -1, sxs 1, qlty 0
36.6. act -1, pred 1, sxs 0, qlty 2
36.7. act -1, pred 1, sxs 0, qlty 2
36.8. act -1, pred -1, sxs 1, qlty 0
36.9. act -1, pred 1, sxs 0, qlty 2
36.10. act -1, pred -1, sxs 1, qlty 2
36.11. act -1, pred -1, sxs 1, qlty 2
36.12. act -1, pred 1, sxs 0, qlty 2
36.13. act -1, pred -1, sxs 1, qlty 2
36.14. act -1, pred 1, sxs 0, qlty 2
36.15. act -1, pred -1, sxs 1, qlty 2
36.16. act -1, pred 1, sxs 0, qlty 2
36.17. act -1, pred -1, sxs 1, qlty 0
36.18. act -1, pred 1, sxs 0, qlty 2
36.19. act -1, pred -1, sxs 1, qlty 2
36.20. act -1, pred -1, sxs 1, qlty 2
36.21. act -1, pred -1, sxs 1, qlty 2
36.22. act -1, pred 1, sxs 0, qlty 2
36.23. act -1, pred 1, sxs 0, qlty 2
36.24. act -1, pred 1, sxs 0, qlty 2
36.25. act -1, pred 1, sxs 0, qlty 2
36.26. act -1, pred 1, sxs 0, qlty 2
36.27. act -1, pred 1, sxs 0, qlty 2
36.28. act -1, pred 1, sxs 0, qlty 2
36.29. act -1, pred -1, sxs 1, qlty 2
36.30. act -1, pred -1, sxs 1, qlty 2
36.31. act -1, pred 1, sxs 0, qlty 2
37.1. act -1, pred -1, sxs 1, qlty 0
37.2. act -1, pred -1, sxs 1, qlty 0
37.3. act -1, pred -1, sxs 1, qlty 0
37.4. act -1, pred -1, sxs 1, qlty 0
37.5. act -1, pred -1, sxs 1, qlty 0
37.6. act -1, pred -1, sxs 1, qlty 0
37.7. act -1, pred -1, sxs 1, qlty 0
37.8. act -1, pred -1, sxs 1, qlty 0
37.9. act -1, pred -1, sxs 1, qlty 0
37.10. act -1, pred 1, sxs 0, qlty 2
37.11. act -1, pred -1, sxs 1, qlty 0
37.12. act -1, pred -1, sxs 1, qlty 0
37.13. act -1, pred -1, sxs 1, qlty 0
37.14. act -1, pred -1, sxs 1, qlty 0
37.15. act -1, pred -1, sxs 1, qlty 0
37.16. act -1, pred -1, sxs 1, qlty 0
37.17. act -1, pred 1, sxs 0, qlty 2
37.18. act -1, pred -1, sxs 1, qlty 2
37.19. act -1, pred -1, sxs 1, qlty 0
37.20. act -1, pred -1, sxs 1, qlty 0
37.21. act -1, pred -1, sxs 1, qlty 2
37.22. act -1, pred -1, sxs 1, qlty 0
37.23. act -1, pred 1, sxs 0, qlty 2
37.24. act -1, pred -1, sxs 1, qlty 0
37.25. act -1, pred -1, sxs 1, qlty 0
37.26. act -1, pred -1, sxs 1, qlty 0
37.27. act -1, pred 1, sxs 0, qlty 2
37.28. act -1, pred -1, sxs 1, qlty 0
37.29. act -1, pred -1, sxs 1, qlty 0
37.30. act -1, pred 1, sxs 0, qlty 2
37.31. act -1, pred -1, sxs 1, qlty 0
38.1. act 1, pred -1, sxs 0, qlty 2
38.2. act 1, pred -1, sxs 0, qlty 2
38.3. act 1, pred -1, sxs 0, qlty 2
38.4. act 1, pred -1, sxs 0, qlty 2
38.5. act 1, pred -1, sxs 0, qlty 2
38.6. act 1, pred -1, sxs 0, qlty 4
38.7. act 1, pred -1, sxs 0, qlty 2
38.8. act 1, pred -1, sxs 0, qlty 2
38.9. act 1, pred -1, sxs 0, qlty 2
38.10. act 1, pred -1, sxs 0, qlty 4
38.11. act 1, pred -1, sxs 0, qlty 2
38.12. act 1, pred -1, sxs 0, qlty 2
38.13. act 1, pred -1, sxs 0, qlty 2
38.14. act 1, pred -1, sxs 0, qlty 2
38.15. act 1, pred -1, sxs 0, qlty 2
38.16. act 1, pred -1, sxs 0, qlty 2
38.17. act 1, pred -1, sxs 0, qlty 2
38.18. act 1, pred -1, sxs 0, qlty 2
38.19. act 1, pred -1, sxs 0, qlty 2
38.20. act 1, pred -1, sxs 0, qlty 2
38.21. act 1, pred -1, sxs 0, qlty 2
38.22. act 1, pred -1, sxs 0, qlty 2
38.23. act 1, pred -1, sxs 0, qlty 4
38.24. act 1, pred 1, sxs 1, qlty 0
38.25. act 1, pred -1, sxs 0, qlty 2
38.26. act 1, pred 1, sxs 1, qlty 0
38.27. act 1, pred -1, sxs 0, qlty 2
38.28. act 1, pred -1, sxs 0, qlty 2
38.29. act 1, pred -1, sxs 0, qlty 2
38.30. act 1, pred -1, sxs 0, qlty 2
38.31. act 1, pred -1, sxs 0, qlty 2
39.1. act 1, pred -1, sxs 0, qlty 2
39.2. act 1, pred -1, sxs 0, qlty 2
39.3. act 1, pred -1, sxs 0, qlty 2
39.4. act 1, pred 1, sxs 1, qlty 2
39.5. act 1, pred -1, sxs 0, qlty 2
39.6. act 1, pred -1, sxs 0, qlty 4
39.7. act 1, pred -1, sxs 0, qlty 2
39.8. act 1, pred -1, sxs 0, qlty 2
39.9. act 1, pred -1, sxs 0, qlty 2
39.10. act 1, pred 1, sxs 1, qlty 0
39.11. act 1, pred -1, sxs 0, qlty 4
39.12. act 1, pred -1, sxs 0, qlty 2
39.13. act 1, pred 1, sxs 1, qlty 0
39.14. act 1, pred -1, sxs 0, qlty 2
39.15. act 1, pred -1, sxs 0, qlty 2
39.16. act 1, pred -1, sxs 0, qlty 2
39.17. act 1, pred -1, sxs 0, qlty 2
39.18. act 1, pred -1, sxs 0, qlty 2
39.19. act 1, pred -1, sxs 0, qlty 2
39.20. act 1, pred -1, sxs 0, qlty 2
39.21. act 1, pred -1, sxs 0, qlty 2
39.22. act 1, pred -1, sxs 0, qlty 2
39.23. act 1, pred -1, sxs 0, qlty 2
39.24. act 1, pred -1, sxs 0, qlty 2
39.25. act 1, pred -1, sxs 0, qlty 2
39.26. act 1, pred -1, sxs 0, qlty 2
39.27. act 1, pred -1, sxs 0, qlty 2
39.28. act 1, pred 1, sxs 1, qlty 2
39.29. act 1, pred -1, sxs 0, qlty 2
39.30. act 1, pred -1, sxs 0, qlty 2
39.31. act 1, pred -1, sxs 0, qlty 2
40.1. act -1, pred -1, sxs 1, qlty 0
40.2. act -1, pred -1, sxs 1, qlty 0
40.3. act -1, pred -1, sxs 1, qlty 0
40.4. act -1, pred 1, sxs 0, qlty 2
40.5. act -1, pred -1, sxs 1, qlty 2
40.6. act -1, pred 1, sxs 0, qlty 4
40.7. act -1, pred -1, sxs 1, qlty 2
40.8. act -1, pred -1, sxs 1, qlty 0
40.9. act -1, pred 1, sxs 0, qlty 4
40.10. act -1, pred -1, sxs 1, qlty 0
40.11. act -1, pred -1, sxs 1, qlty 0
40.12. act -1, pred -1, sxs 1, qlty 0
40.13. act -1, pred -1, sxs 1, qlty 0
40.14. act -1, pred 1, sxs 0, qlty 4
40.15. act -1, pred 1, sxs 0, qlty 4
40.16. act -1, pred 1, sxs 0, qlty 2
40.17. act -1, pred -1, sxs 1, qlty 0
40.18. act -1, pred 1, sxs 0, qlty 2
40.19. act -1, pred 1, sxs 0, qlty 4
40.20. act -1, pred -1, sxs 1, qlty 0
40.21. act -1, pred -1, sxs 1, qlty 0
40.22. act -1, pred -1, sxs 1, qlty 0
40.23. act -1, pred 1, sxs 0, qlty 4
40.24. act -1, pred 1, sxs 0, qlty 2
40.25. act -1, pred -1, sxs 1, qlty 0
40.26. act -1, pred -1, sxs 1, qlty 0
40.27. act -1, pred 1, sxs 0, qlty 2
40.28. act -1, pred -1, sxs 1, qlty 0
40.29. act -1, pred -1, sxs 1, qlty 0
40.30. act -1, pred -1, sxs 1, qlty 0
40.31. act -1, pred -1, sxs 1, qlty 0
41.1. act -1, pred -1, sxs 1, qlty 0
41.2. act -1, pred -1, sxs 1, qlty 0
41.3. act -1, pred -1, sxs 1, qlty 0
41.4. act -1, pred -1, sxs 1, qlty 2
41.5. act -1, pred -1, sxs 1, qlty 2
41.6. act -1, pred -1, sxs 1, qlty 0
41.7. act -1, pred -1, sxs 1, qlty 0
41.8. act -1, pred -1, sxs 1, qlty 0
41.9. act -1, pred -1, sxs 1, qlty 0
41.10. act -1, pred -1, sxs 1, qlty 0
41.11. act -1, pred -1, sxs 1, qlty 0
41.12. act -1, pred 1, sxs 0, qlty 2
41.13. act -1, pred -1, sxs 1, qlty 0
41.14. act -1, pred -1, sxs 1, qlty 0
41.15. act -1, pred -1, sxs 1, qlty 0
41.16. act -1, pred 1, sxs 0, qlty 2
41.17. act -1, pred 1, sxs 0, qlty 2
41.18. act -1, pred -1, sxs 1, qlty 0
41.19. act -1, pred 1, sxs 0, qlty 2
41.20. act -1, pred -1, sxs 1, qlty 0
41.21. act -1, pred -1, sxs 1, qlty 0
41.22. act -1, pred -1, sxs 1, qlty 0
41.23. act -1, pred -1, sxs 1, qlty 0
41.24. act -1, pred -1, sxs 1, qlty 0
41.25. act -1, pred -1, sxs 1, qlty 0
41.26. act -1, pred -1, sxs 1, qlty 0
41.27. act -1, pred -1, sxs 1, qlty 0
41.28. act -1, pred -1, sxs 1, qlty 0
41.29. act -1, pred -1, sxs 1, qlty 0
41.30. act -1, pred -1, sxs 1, qlty 0
41.31. act -1, pred 1, sxs 0, qlty 4
42.1. act -1, pred 1, sxs 0, qlty 2
42.2. act -1, pred 1, sxs 0, qlty 2
42.3. act -1, pred 1, sxs 0, qlty 2
42.4. act -1, pred -1, sxs 1, qlty 0
42.5. act -1, pred 1, sxs 0, qlty 2
42.6. act -1, pred 1, sxs 0, qlty 2
42.7. act -1, pred 1, sxs 0, qlty 2
42.8. act -1, pred 1, sxs 0, qlty 2
42.9. act -1, pred 1, sxs 0, qlty 2
42.10. act -1, pred 1, sxs 0, qlty 2
42.11. act -1, pred 1, sxs 0, qlty 2
42.12. act -1, pred 1, sxs 0, qlty 2
42.13. act -1, pred -1, sxs 1, qlty 2
42.14. act -1, pred 1, sxs 0, qlty 2
42.15. act -1, pred 1, sxs 0, qlty 2
42.16. act -1, pred 1, sxs 0, qlty 2
42.17. act -1, pred -1, sxs 1, qlty 0
42.18. act -1, pred 1, sxs 0, qlty 2
42.19. act -1, pred 1, sxs 0, qlty 2
42.20. act -1, pred 1, sxs 0, qlty 2
42.21. act -1, pred 1, sxs 0, qlty 2
42.22. act -1, pred 1, sxs 0, qlty 2
42.23. act -1, pred 1, sxs 0, qlty 2
42.24. act -1, pred 1, sxs 0, qlty 2
42.25. act -1, pred -1, sxs 1, qlty 0
42.26. act -1, pred 1, sxs 0, qlty 2
42.27. act -1, pred 1, sxs 0, qlty 2
42.28. act -1, pred 1, sxs 0, qlty 2
42.29. act -1, pred 1, sxs 0, qlty 2
42.30. act -1, pred -1, sxs 1, qlty 0
42.31. act -1, pred 1, sxs 0, qlty 2
43.1. act 1, pred 1, sxs 1, qlty 0
43.2. act 1, pred -1, sxs 0, qlty 2
43.3. act 1, pred 1, sxs 1, qlty 0
43.4. act 1, pred -1, sxs 0, qlty 4
43.5. act 1, pred 1, sxs 1, qlty 0
43.6. act 1, pred -1, sxs 0, qlty 2
43.7. act 1, pred 1, sxs 1, qlty 0
43.8. act 1, pred -1, sxs 0, qlty 2
43.9. act 1, pred 1, sxs 1, qlty 0
43.10. act 1, pred 1, sxs 1, qlty 0
43.11. act 1, pred 1, sxs 1, qlty 0
43.12. act 1, pred -1, sxs 0, qlty 2
43.13. act 1, pred 1, sxs 1, qlty 0
43.14. act 1, pred 1, sxs 1, qlty 0
43.15. act 1, pred -1, sxs 0, qlty 4
43.16. act 1, pred 1, sxs 1, qlty 0
43.17. act 1, pred 1, sxs 1, qlty 0
43.18. act 1, pred 1, sxs 1, qlty 0
43.19. act 1, pred -1, sxs 0, qlty 2
43.20. act 1, pred -1, sxs 0, qlty 2
43.21. act 1, pred -1, sxs 0, qlty 2
43.22. act 1, pred 1, sxs 1, qlty 0
43.23. act 1, pred 1, sxs 1, qlty 0
43.24. act 1, pred 1, sxs 1, qlty 0
43.25. act 1, pred 1, sxs 1, qlty 0
43.26. act 1, pred 1, sxs 1, qlty 0
43.27. act 1, pred -1, sxs 0, qlty 2
43.28. act 1, pred 1, sxs 1, qlty 0
43.29. act 1, pred -1, sxs 0, qlty 2
43.30. act 1, pred 1, sxs 1, qlty 0
43.31. act 1, pred -1, sxs 0, qlty 2
44.1. act 1, pred 1, sxs 1, qlty 0
44.2. act 1, pred 1, sxs 1, qlty 0
44.3. act 1, pred -1, sxs 0, qlty 2
44.4. act 1, pred 1, sxs 1, qlty 0
44.5. act 1, pred 1, sxs 1, qlty 0
44.6. act 1, pred 1, sxs 1, qlty 0
44.7. act 1, pred 1, sxs 1, qlty 0
44.8. act 1, pred -1, sxs 0, qlty 2
44.9. act 1, pred -1, sxs 0, qlty 2
44.10. act 1, pred -1, sxs 0, qlty 2
44.11. act 1, pred -1, sxs 0, qlty 4
44.12. act 1, pred 1, sxs 1, qlty 0
44.13. act 1, pred 1, sxs 1, qlty 0
44.14. act 1, pred 1, sxs 1, qlty 0
44.15. act 1, pred -1, sxs 0, qlty 2
44.16. act 1, pred 1, sxs 1, qlty 0
44.17. act 1, pred -1, sxs 0, qlty 2
44.18. act 1, pred 1, sxs 1, qlty 0
44.19. act 1, pred -1, sxs 0, qlty 2
44.20. act 1, pred 1, sxs 1, qlty 0
44.21. act 1, pred -1, sxs 0, qlty 2
44.22. act 1, pred -1, sxs 0, qlty 2
44.23. act 1, pred -1, sxs 0, qlty 2
44.24. act 1, pred 1, sxs 1, qlty 0
44.25. act 1, pred 1, sxs 1, qlty 2
44.26. act 1, pred 1, sxs 1, qlty 0
44.27. act 1, pred -1, sxs 0, qlty 2
44.28. act 1, pred 1, sxs 1, qlty 0
44.29. act 1, pred -1, sxs 0, qlty 2
44.30. act 1, pred -1, sxs 0, qlty 2
44.31. act 1, pred 1, sxs 1, qlty 0
45.1. act -1, pred -1, sxs 1, qlty 0
45.2. act -1, pred -1, sxs 1, qlty 0
45.3. act -1, pred -1, sxs 1, qlty 0
45.4. act -1, pred -1, sxs 1, qlty 0
45.5. act -1, pred -1, sxs 1, qlty 0
45.6. act -1, pred -1, sxs 1, qlty 0
45.7. act -1, pred -1, sxs 1, qlty 0
45.8. act -1, pred -1, sxs 1, qlty 0
45.9. act -1, pred -1, sxs 1, qlty 0
45.10. act -1, pred -1, sxs 1, qlty 0
45.11. act -1, pred -1, sxs 1, qlty 0
45.12. act -1, pred -1, sxs 1, qlty 0
45.13. act -1, pred -1, sxs 1, qlty 0
45.14. act -1, pred -1, sxs 1, qlty 0
45.15. act -1, pred -1, sxs 1, qlty 0
45.16. act -1, pred -1, sxs 1, qlty 0
45.17. act -1, pred -1, sxs 1, qlty 0
45.18. act -1, pred -1, sxs 1, qlty 0
45.19. act -1, pred -1, sxs 1, qlty 0
45.20. act -1, pred -1, sxs 1, qlty 0
45.21. act -1, pred -1, sxs 1, qlty 0
45.22. act -1, pred -1, sxs 1, qlty 0
45.23. act -1, pred -1, sxs 1, qlty 0
45.24. act -1, pred -1, sxs 1, qlty 0
45.25. act -1, pred -1, sxs 1, qlty 0
45.26. act -1, pred -1, sxs 1, qlty 0
45.27. act -1, pred -1, sxs 1, qlty 0
45.28. act -1, pred -1, sxs 1, qlty 0
45.29. act -1, pred -1, sxs 1, qlty 0
45.30. act -1, pred -1, sxs 1, qlty 0
45.31. act -1, pred -1, sxs 1, qlty 0
46.1. act -1, pred -1, sxs 1, qlty 0
46.2. act -1, pred -1, sxs 1, qlty 0
46.3. act -1, pred -1, sxs 1, qlty 0
46.4. act -1, pred -1, sxs 1, qlty 0
46.5. act -1, pred -1, sxs 1, qlty 0
46.6. act -1, pred -1, sxs 1, qlty 0
46.7. act -1, pred -1, sxs 1, qlty 0
46.8. act -1, pred -1, sxs 1, qlty 0
46.9. act -1, pred -1, sxs 1, qlty 0
46.10. act -1, pred -1, sxs 1, qlty 0
46.11. act -1, pred -1, sxs 1, qlty 0
46.12. act -1, pred -1, sxs 1, qlty 0
46.13. act -1, pred -1, sxs 1, qlty 0
46.14. act -1, pred -1, sxs 1, qlty 0
46.15. act -1, pred -1, sxs 1, qlty 0
46.16. act -1, pred -1, sxs 1, qlty 0
46.17. act -1, pred -1, sxs 1, qlty 0
46.18. act -1, pred -1, sxs 1, qlty 0
46.19. act -1, pred -1, sxs 1, qlty 0
46.20. act -1, pred -1, sxs 1, qlty 0
46.21. act -1, pred -1, sxs 1, qlty 0
46.22. act -1, pred -1, sxs 1, qlty 0
46.23. act -1, pred -1, sxs 1, qlty 0
46.24. act -1, pred -1, sxs 1, qlty 0
46.25. act -1, pred -1, sxs 1, qlty 0
46.26. act -1, pred -1, sxs 1, qlty 0
46.27. act -1, pred -1, sxs 1, qlty 0
46.28. act -1, pred -1, sxs 1, qlty 0
46.29. act -1, pred -1, sxs 1, qlty 0
46.30. act -1, pred -1, sxs 1, qlty 0
46.31. act -1, pred -1, sxs 1, qlty 0
47.1. act -1, pred -1, sxs 1, qlty 0
47.2. act -1, pred 1, sxs 0, qlty 2
47.3. act -1, pred -1, sxs 1, qlty 0
47.4. act -1, pred -1, sxs 1, qlty 0
47.5. act -1, pred -1, sxs 1, qlty 0
47.6. act -1, pred -1, sxs 1, qlty 0
47.7. act -1, pred -1, sxs 1, qlty 0
47.8. act -1, pred -1, sxs 1, qlty 0
47.9. act -1, pred -1, sxs 1, qlty 0
47.10. act -1, pred -1, sxs 1, qlty 0
47.11. act -1, pred -1, sxs 1, qlty 0
47.12. act -1, pred -1, sxs 1, qlty 0
47.13. act -1, pred -1, sxs 1, qlty 0
47.14. act -1, pred -1, sxs 1, qlty 0
47.15. act -1, pred -1, sxs 1, qlty 0
47.16. act -1, pred -1, sxs 1, qlty 0
47.17. act -1, pred -1, sxs 1, qlty 0
47.18. act -1, pred -1, sxs 1, qlty 0
47.19. act -1, pred -1, sxs 1, qlty 0
47.20. act -1, pred -1, sxs 1, qlty 0
47.21. act -1, pred -1, sxs 1, qlty 0
47.22. act -1, pred -1, sxs 1, qlty 0
47.23. act -1, pred -1, sxs 1, qlty 0
47.24. act -1, pred -1, sxs 1, qlty 0
47.25. act -1, pred -1, sxs 1, qlty 0
47.26. act -1, pred -1, sxs 1, qlty 0
47.27. act -1, pred -1, sxs 1, qlty 0
47.28. act -1, pred -1, sxs 1, qlty 0
47.29. act -1, pred -1, sxs 1, qlty 0
47.30. act -1, pred -1, sxs 1, qlty 0
47.31. act -1, pred -1, sxs 1, qlty 0
48.1. act 1, pred 1, sxs 1, qlty 0
48.2. act 1, pred 1, sxs 1, qlty 0
48.3. act 1, pred 1, sxs 1, qlty 0
48.4. act 1, pred 1, sxs 1, qlty 0
48.5. act 1, pred 1, sxs 1, qlty 0
48.6. act 1, pred 1, sxs 1, qlty 0
48.7. act 1, pred 1, sxs 1, qlty 0
48.8. act 1, pred 1, sxs 1, qlty 0
48.9. act 1, pred 1, sxs 1, qlty 0
48.10. act 1, pred 1, sxs 1, qlty 0
48.11. act 1, pred 1, sxs 1, qlty 0
48.12. act 1, pred 1, sxs 1, qlty 0
48.13. act 1, pred 1, sxs 1, qlty 0
48.14. act 1, pred 1, sxs 1, qlty 0
48.15. act 1, pred 1, sxs 1, qlty 0
48.16. act 1, pred 1, sxs 1, qlty 0
48.17. act 1, pred 1, sxs 1, qlty 0
48.18. act 1, pred -1, sxs 0, qlty 2
48.19. act 1, pred 1, sxs 1, qlty 0
48.20. act 1, pred 1, sxs 1, qlty 0
48.21. act 1, pred 1, sxs 1, qlty 0
48.22. act 1, pred -1, sxs 0, qlty 2
48.23. act 1, pred 1, sxs 1, qlty 0
48.24. act 1, pred 1, sxs 1, qlty 0
48.25. act 1, pred 1, sxs 1, qlty 0
48.26. act 1, pred 1, sxs 1, qlty 0
48.27. act 1, pred 1, sxs 1, qlty 0
48.28. act 1, pred 1, sxs 1, qlty 0
48.29. act 1, pred 1, sxs 1, qlty 0
48.30. act 1, pred 1, sxs 1, qlty 0
48.31. act 1, pred 1, sxs 1, qlty 0
49.1. act 1, pred 1, sxs 1, qlty 0
49.2. act 1, pred -1, sxs 0, qlty 2
49.3. act 1, pred 1, sxs 1, qlty 0
49.4. act 1, pred 1, sxs 1, qlty 0
49.5. act 1, pred 1, sxs 1, qlty 0
49.6. act 1, pred 1, sxs 1, qlty 0
49.7. act 1, pred 1, sxs 1, qlty 0
49.8. act 1, pred 1, sxs 1, qlty 0
49.9. act 1, pred -1, sxs 0, qlty 2
49.10. act 1, pred 1, sxs 1, qlty 0
49.11. act 1, pred 1, sxs 1, qlty 0
49.12. act 1, pred 1, sxs 1, qlty 0
49.13. act 1, pred 1, sxs 1, qlty 0
49.14. act 1, pred 1, sxs 1, qlty 0
49.15. act 1, pred 1, sxs 1, qlty 0
49.16. act 1, pred 1, sxs 1, qlty 0
49.17. act 1, pred 1, sxs 1, qlty 0
49.18. act 1, pred 1, sxs 1, qlty 0
49.19. act 1, pred 1, sxs 1, qlty 0
49.20. act 1, pred 1, sxs 1, qlty 0
49.21. act 1, pred 1, sxs 1, qlty 0
49.22. act 1, pred 1, sxs 1, qlty 0
49.23. act 1, pred 1, sxs 1, qlty 0
49.24. act 1, pred 1, sxs 1, qlty 0
49.25. act 1, pred 1, sxs 1, qlty 0
49.26. act 1, pred 1, sxs 1, qlty 0
49.27. act 1, pred 1, sxs 1, qlty 0
49.28. act 1, pred 1, sxs 1, qlty 0
49.29. act 1, pred 1, sxs 1, qlty 0
49.30. act 1, pred 1, sxs 1, qlty 0
49.31. act 1, pred 1, sxs 1, qlty 0
50.1. act -1, pred -1, sxs 1, qlty 0
50.2. act -1, pred -1, sxs 1, qlty 0
50.3. act -1, pred -1, sxs 1, qlty 0
50.4. act -1, pred -1, sxs 1, qlty 0
50.5. act -1, pred -1, sxs 1, qlty 0
50.6. act -1, pred 1, sxs 0, qlty 2
50.7. act -1, pred -1, sxs 1, qlty 0
50.8. act -1, pred -1, sxs 1, qlty 0
50.9. act -1, pred -1, sxs 1, qlty 0
50.10. act -1, pred -1, sxs 1, qlty 0
50.11. act -1, pred -1, sxs 1, qlty 0
50.12. act -1, pred -1, sxs 1, qlty 0
50.13. act -1, pred -1, sxs 1, qlty 0
50.14. act -1, pred -1, sxs 1, qlty 0
50.15. act -1, pred -1, sxs 1, qlty 0
50.16. act -1, pred -1, sxs 1, qlty 0
50.17. act -1, pred -1, sxs 1, qlty 0
50.18. act -1, pred -1, sxs 1, qlty 0
50.19. act -1, pred -1, sxs 1, qlty 0
50.20. act -1, pred -1, sxs 1, qlty 0
50.21. act -1, pred -1, sxs 1, qlty 0
50.22. act -1, pred -1, sxs 1, qlty 0
50.23. act -1, pred -1, sxs 1, qlty 0
50.24. act -1, pred -1, sxs 1, qlty 0
50.25. act -1, pred -1, sxs 1, qlty 0
50.26. act -1, pred -1, sxs 1, qlty 0
50.27. act -1, pred -1, sxs 1, qlty 0
50.28. act -1, pred -1, sxs 1, qlty 0
50.29. act -1, pred -1, sxs 1, qlty 0
50.30. act -1, pred -1, sxs 1, qlty 0
50.31. act -1, pred -1, sxs 1, qlty 0
51.1. act 1, pred -1, sxs 0, qlty 2
51.2. act 1, pred -1, sxs 0, qlty 2
51.3. act 1, pred -1, sxs 0, qlty 2
51.4. act 1, pred -1, sxs 0, qlty 2
51.5. act 1, pred -1, sxs 0, qlty 2
51.6. act 1, pred -1, sxs 0, qlty 2
51.7. act 1, pred -1, sxs 0, qlty 2
51.8. act 1, pred -1, sxs 0, qlty 2
51.9. act 1, pred -1, sxs 0, qlty 2
51.10. act 1, pred -1, sxs 0, qlty 2
51.11. act 1, pred -1, sxs 0, qlty 2
51.12. act 1, pred -1, sxs 0, qlty 2
51.13. act 1, pred -1, sxs 0, qlty 2
51.14. act 1, pred -1, sxs 0, qlty 2
51.15. act 1, pred -1, sxs 0, qlty 2
51.16. act 1, pred -1, sxs 0, qlty 2
51.17. act 1, pred -1, sxs 0, qlty 2
51.18. act 1, pred -1, sxs 0, qlty 2
51.19. act 1, pred -1, sxs 0, qlty 2
51.20. act 1, pred -1, sxs 0, qlty 2
51.21. act 1, pred -1, sxs 0, qlty 2
51.22. act 1, pred -1, sxs 0, qlty 2
51.23. act 1, pred -1, sxs 0, qlty 2
51.24. act 1, pred -1, sxs 0, qlty 2
51.25. act 1, pred -1, sxs 0, qlty 2
51.26. act 1, pred -1, sxs 0, qlty 2
51.27. act 1, pred -1, sxs 0, qlty 2
51.28. act 1, pred -1, sxs 0, qlty 2
51.29. act 1, pred -1, sxs 0, qlty 2
51.30. act 1, pred -1, sxs 0, qlty 2
51.31. act 1, pred -1, sxs 0, qlty 2
52.1. act 1, pred -1, sxs 0, qlty 2
52.2. act 1, pred -1, sxs 0, qlty 2
52.3. act 1, pred 1, sxs 1, qlty 0
52.4. act 1, pred -1, sxs 0, qlty 2
52.5. act 1, pred 1, sxs 1, qlty 0
52.6. act 1, pred -1, sxs 0, qlty 4
52.7. act 1, pred 1, sxs 1, qlty 2
52.8. act 1, pred 1, sxs 1, qlty 0
52.9. act 1, pred 1, sxs 1, qlty 0
52.10. act 1, pred -1, sxs 0, qlty 2
52.11. act 1, pred 1, sxs 1, qlty 0
52.12. act 1, pred -1, sxs 0, qlty 2
52.13. act 1, pred -1, sxs 0, qlty 2
52.14. act 1, pred -1, sxs 0, qlty 4
52.15. act 1, pred 1, sxs 1, qlty 2
52.16. act 1, pred -1, sxs 0, qlty 2
52.17. act 1, pred -1, sxs 0, qlty 2
52.18. act 1, pred 1, sxs 1, qlty 0
52.19. act 1, pred 1, sxs 1, qlty 0
52.20. act 1, pred 1, sxs 1, qlty 0
52.21. act 1, pred 1, sxs 1, qlty 0
52.22. act 1, pred 1, sxs 1, qlty 0
52.23. act 1, pred 1, sxs 1, qlty 0
52.24. act 1, pred 1, sxs 1, qlty 0
52.25. act 1, pred 1, sxs 1, qlty 0
52.26. act 1, pred -1, sxs 0, qlty 4
52.27. act 1, pred 1, sxs 1, qlty 0
52.28. act 1, pred 1, sxs 1, qlty 0
52.29. act 1, pred 1, sxs 1, qlty 0
52.30. act 1, pred -1, sxs 0, qlty 2
52.31. act 1, pred 1, sxs 1, qlty 2
53.1. act 1, pred -1, sxs 0, qlty 2
53.2. act 1, pred -1, sxs 0, qlty 2
53.3. act 1, pred -1, sxs 0, qlty 2
53.4. act 1, pred -1, sxs 0, qlty 2
53.5. act 1, pred -1, sxs 0, qlty 2
53.6. act 1, pred -1, sxs 0, qlty 2
53.7. act 1, pred -1, sxs 0, qlty 2
53.8. act 1, pred -1, sxs 0, qlty 2
53.9. act 1, pred -1, sxs 0, qlty 2
53.10. act 1, pred -1, sxs 0, qlty 2
53.11. act 1, pred 1, sxs 1, qlty 0
53.12. act 1, pred -1, sxs 0, qlty 2
53.13. act 1, pred -1, sxs 0, qlty 2
53.14. act 1, pred -1, sxs 0, qlty 2
53.15. act 1, pred -1, sxs 0, qlty 2
53.16. act 1, pred -1, sxs 0, qlty 2
53.17. act 1, pred -1, sxs 0, qlty 2
53.18. act 1, pred -1, sxs 0, qlty 2
53.19. act 1, pred -1, sxs 0, qlty 2
53.20. act 1, pred -1, sxs 0, qlty 2
53.21. act 1, pred -1, sxs 0, qlty 2
53.22. act 1, pred -1, sxs 0, qlty 2
53.23. act 1, pred -1, sxs 0, qlty 2
53.24. act 1, pred -1, sxs 0, qlty 2
53.25. act 1, pred -1, sxs 0, qlty 2
53.26. act 1, pred 1, sxs 1, qlty 2
53.27. act 1, pred -1, sxs 0, qlty 2
53.28. act 1, pred -1, sxs 0, qlty 2
53.29. act 1, pred -1, sxs 0, qlty 2
53.30. act 1, pred -1, sxs 0, qlty 2
53.31. act 1, pred -1, sxs 0, qlty 2
54.1. act -1, pred -1, sxs 1, qlty 0
54.2. act -1, pred -1, sxs 1, qlty 0
54.3. act -1, pred -1, sxs 1, qlty 0
54.4. act -1, pred -1, sxs 1, qlty 0
54.5. act -1, pred 1, sxs 0, qlty 2
54.6. act -1, pred 1, sxs 0, qlty 4
54.7. act -1, pred -1, sxs 1, qlty 0
54.8. act -1, pred -1, sxs 1, qlty 0
54.9. act -1, pred -1, sxs 1, qlty 0
54.10. act -1, pred -1, sxs 1, qlty 0
54.11. act -1, pred -1, sxs 1, qlty 0
54.12. act -1, pred -1, sxs 1, qlty 0
54.13. act -1, pred -1, sxs 1, qlty 0
54.14. act -1, pred -1, sxs 1, qlty 0
54.15. act -1, pred -1, sxs 1, qlty 0
54.16. act -1, pred -1, sxs 1, qlty 0
54.17. act -1, pred -1, sxs 1, qlty 0
54.18. act -1, pred 1, sxs 0, qlty 2
54.19. act -1, pred -1, sxs 1, qlty 0
54.20. act -1, pred -1, sxs 1, qlty 0
54.21. act -1, pred -1, sxs 1, qlty 0
54.22. act -1, pred 1, sxs 0, qlty 2
54.23. act -1, pred -1, sxs 1, qlty 0
54.24. act -1, pred 1, sxs 0, qlty 2
54.25. act -1, pred -1, sxs 1, qlty 0
54.26. act -1, pred -1, sxs 1, qlty 0
54.27. act -1, pred -1, sxs 1, qlty 0
54.28. act -1, pred -1, sxs 1, qlty 0
54.29. act -1, pred -1, sxs 1, qlty 0
54.30. act -1, pred -1, sxs 1, qlty 0
54.31. act -1, pred 1, sxs 0, qlty 2
55.1. act 1, pred 1, sxs 1, qlty 0
55.2. act 1, pred 1, sxs 1, qlty 0
55.3. act 1, pred 1, sxs 1, qlty 0
55.4. act 1, pred 1, sxs 1, qlty 2
55.5. act 1, pred 1, sxs 1, qlty 0
55.6. act 1, pred 1, sxs 1, qlty 0
55.7. act 1, pred 1, sxs 1, qlty 0
55.8. act 1, pred 1, sxs 1, qlty 0
55.9. act 1, pred 1, sxs 1, qlty 0
55.10. act 1, pred 1, sxs 1, qlty 0
55.11. act 1, pred 1, sxs 1, qlty 0
55.12. act 1, pred 1, sxs 1, qlty 0
55.13. act 1, pred 1, sxs 1, qlty 0
55.14. act 1, pred 1, sxs 1, qlty 0
55.15. act 1, pred 1, sxs 1, qlty 0
55.16. act 1, pred -1, sxs 0, qlty 2
55.17. act 1, pred 1, sxs 1, qlty 0
55.18. act 1, pred -1, sxs 0, qlty 2
55.19. act 1, pred 1, sxs 1, qlty 0
55.20. act 1, pred 1, sxs 1, qlty 0
55.21. act 1, pred -1, sxs 0, qlty 2
55.22. act 1, pred 1, sxs 1, qlty 0
55.23. act 1, pred 1, sxs 1, qlty 2
55.24. act 1, pred -1, sxs 0, qlty 2
55.25. act 1, pred 1, sxs 1, qlty 0
55.26. act 1, pred 1, sxs 1, qlty 0
55.27. act 1, pred 1, sxs 1, qlty 0
55.28. act 1, pred 1, sxs 1, qlty 0
55.29. act 1, pred 1, sxs 1, qlty 0
55.30. act 1, pred 1, sxs 1, qlty 0
55.31. act 1, pred 1, sxs 1, qlty 0
56.1. act -1, pred 1, sxs 0, qlty 2
56.2. act -1, pred 1, sxs 0, qlty 2
56.3. act -1, pred 1, sxs 0, qlty 2
56.4. act -1, pred 1, sxs 0, qlty 2
56.5. act -1, pred 1, sxs 0, qlty 2
56.6. act -1, pred 1, sxs 0, qlty 2
56.7. act -1, pred 1, sxs 0, qlty 2
56.8. act -1, pred 1, sxs 0, qlty 2
56.9. act -1, pred 1, sxs 0, qlty 2
56.10. act -1, pred 1, sxs 0, qlty 2
56.11. act -1, pred 1, sxs 0, qlty 2
56.12. act -1, pred 1, sxs 0, qlty 2
56.13. act -1, pred 1, sxs 0, qlty 2
56.14. act -1, pred 1, sxs 0, qlty 2
56.15. act -1, pred 1, sxs 0, qlty 2
56.16. act -1, pred 1, sxs 0, qlty 2
56.17. act -1, pred 1, sxs 0, qlty 2
56.18. act -1, pred 1, sxs 0, qlty 2
56.19. act -1, pred 1, sxs 0, qlty 4
56.20. act -1, pred 1, sxs 0, qlty 2
56.21. act -1, pred 1, sxs 0, qlty 2
56.22. act -1, pred 1, sxs 0, qlty 2
56.23. act -1, pred 1, sxs 0, qlty 2
56.24. act -1, pred 1, sxs 0, qlty 2
56.25. act -1, pred 1, sxs 0, qlty 2
56.26. act -1, pred 1, sxs 0, qlty 2
56.27. act -1, pred 1, sxs 0, qlty 2
56.28. act -1, pred 1, sxs 0, qlty 2
56.29. act -1, pred -1, sxs 1, qlty 0
56.30. act -1, pred 1, sxs 0, qlty 2
56.31. act -1, pred 1, sxs 0, qlty 2
57.1. act 1, pred 1, sxs 1, qlty 2
57.2. act 1, pred -1, sxs 0, qlty 2
57.3. act 1, pred 1, sxs 1, qlty 2
57.4. act 1, pred 1, sxs 1, qlty 0
57.5. act 1, pred 1, sxs 1, qlty 0
57.6. act 1, pred 1, sxs 1, qlty 2
57.7. act 1, pred 1, sxs 1, qlty 2
57.8. act 1, pred 1, sxs 1, qlty 0
57.9. act 1, pred 1, sxs 1, qlty 0
57.10. act 1, pred 1, sxs 1, qlty 0
57.11. act 1, pred 1, sxs 1, qlty 2
57.12. act 1, pred -1, sxs 0, qlty 4
57.13. act 1, pred 1, sxs 1, qlty 0
57.14. act 1, pred -1, sxs 0, qlty 2
57.15. act 1, pred 1, sxs 1, qlty 0
57.16. act 1, pred -1, sxs 0, qlty 2
57.17. act 1, pred 1, sxs 1, qlty 0
57.18. act 1, pred 1, sxs 1, qlty 0
57.19. act 1, pred -1, sxs 0, qlty 2
57.20. act 1, pred 1, sxs 1, qlty 2
57.21. act 1, pred 1, sxs 1, qlty 0
57.22. act 1, pred 1, sxs 1, qlty 0
57.23. act 1, pred 1, sxs 1, qlty 0
57.24. act 1, pred 1, sxs 1, qlty 0
57.25. act 1, pred 1, sxs 1, qlty 0
57.26. act 1, pred 1, sxs 1, qlty 2
57.27. act 1, pred 1, sxs 1, qlty 2
57.28. act 1, pred 1, sxs 1, qlty 0
57.29. act 1, pred 1, sxs 1, qlty 0
57.30. act 1, pred -1, sxs 0, qlty 2
57.31. act 1, pred 1, sxs 1, qlty 0
58.1. act -1, pred -1, sxs 1, qlty 0
58.2. act -1, pred -1, sxs 1, qlty 0
58.3. act -1, pred 1, sxs 0, qlty 2
58.4. act -1, pred 1, sxs 0, qlty 2
58.5. act -1, pred -1, sxs 1, qlty 0
58.6. act -1, pred -1, sxs 1, qlty 0
58.7. act -1, pred 1, sxs 0, qlty 2
58.8. act -1, pred 1, sxs 0, qlty 2
58.9. act -1, pred -1, sxs 1, qlty 0
58.10. act -1, pred 1, sxs 0, qlty 2
58.11. act -1, pred -1, sxs 1, qlty 0
58.12. act -1, pred -1, sxs 1, qlty 0
58.13. act -1, pred -1, sxs 1, qlty 2
58.14. act -1, pred -1, sxs 1, qlty 0
58.15. act -1, pred -1, sxs 1, qlty 0
58.16. act -1, pred -1, sxs 1, qlty 0
58.17. act -1, pred -1, sxs 1, qlty 0
58.18. act -1, pred -1, sxs 1, qlty 0
58.19. act -1, pred -1, sxs 1, qlty 0
58.20. act -1, pred -1, sxs 1, qlty 0
58.21. act -1, pred 1, sxs 0, qlty 2
58.22. act -1, pred -1, sxs 1, qlty 0
58.23. act -1, pred -1, sxs 1, qlty 0
58.24. act -1, pred -1, sxs 1, qlty 0
58.25. act -1, pred -1, sxs 1, qlty 0
58.26. act -1, pred -1, sxs 1, qlty 2
58.27. act -1, pred -1, sxs 1, qlty 0
58.28. act -1, pred -1, sxs 1, qlty 0
58.29. act -1, pred -1, sxs 1, qlty 0
58.30. act -1, pred -1, sxs 1, qlty 0
58.31. act -1, pred -1, sxs 1, qlty 0
59.1. act -1, pred 1, sxs 0, qlty 2
59.2. act -1, pred 1, sxs 0, qlty 2
59.3. act -1, pred 1, sxs 0, qlty 2
59.4. act -1, pred 1, sxs 0, qlty 2
59.5. act -1, pred 1, sxs 0, qlty 2
59.6. act -1, pred 1, sxs 0, qlty 2
59.7. act -1, pred 1, sxs 0, qlty 2
59.8. act -1, pred 1, sxs 0, qlty 2
59.9. act -1, pred 1, sxs 0, qlty 2
59.10. act -1, pred 1, sxs 0, qlty 2
59.11. act -1, pred 1, sxs 0, qlty 2
59.12. act -1, pred 1, sxs 0, qlty 2
59.13. act -1, pred 1, sxs 0, qlty 2
59.14. act -1, pred 1, sxs 0, qlty 2
59.15. act -1, pred 1, sxs 0, qlty 2
59.16. act -1, pred 1, sxs 0, qlty 2
59.17. act -1, pred 1, sxs 0, qlty 2
59.18. act -1, pred 1, sxs 0, qlty 2
59.19. act -1, pred 1, sxs 0, qlty 2
59.20. act -1, pred 1, sxs 0, qlty 2
59.21. act -1, pred 1, sxs 0, qlty 2
59.22. act -1, pred 1, sxs 0, qlty 2
59.23. act -1, pred 1, sxs 0, qlty 2
59.24. act -1, pred 1, sxs 0, qlty 2
59.25. act -1, pred 1, sxs 0, qlty 2
59.26. act -1, pred 1, sxs 0, qlty 2
59.27. act -1, pred 1, sxs 0, qlty 2
59.28. act -1, pred 1, sxs 0, qlty 2
59.29. act -1, pred 1, sxs 0, qlty 2
59.30. act -1, pred 1, sxs 0, qlty 2
59.31. act -1, pred 1, sxs 0, qlty 2
60.1. act 1, pred -1, sxs 0, qlty 2
60.2. act 1, pred -1, sxs 0, qlty 4
60.3. act 1, pred -1, sxs 0, qlty 2
60.4. act 1, pred 1, sxs 1, qlty 0
60.5. act 1, pred -1, sxs 0, qlty 2
60.6. act 1, pred 1, sxs 1, qlty 0
60.7. act 1, pred -1, sxs 0, qlty 4
60.8. act 1, pred -1, sxs 0, qlty 4
60.9. act 1, pred 1, sxs 1, qlty 2
60.10. act 1, pred 1, sxs 1, qlty 2
60.11. act 1, pred 1, sxs 1, qlty 0
60.12. act 1, pred -1, sxs 0, qlty 4
60.13. act 1, pred -1, sxs 0, qlty 2
60.14. act 1, pred 1, sxs 1, qlty 0
60.15. act 1, pred -1, sxs 0, qlty 2
60.16. act 1, pred 1, sxs 1, qlty 0
60.17. act 1, pred 1, sxs 1, qlty 2
60.18. act 1, pred -1, sxs 0, qlty 4
60.19. act 1, pred 1, sxs 1, qlty 0
60.20. act 1, pred 1, sxs 1, qlty 2
60.21. act 1, pred -1, sxs 0, qlty 4
60.22. act 1, pred 1, sxs 1, qlty 0
60.23. act 1, pred 1, sxs 1, qlty 0
60.24. act 1, pred -1, sxs 0, qlty 4
60.25. act 1, pred 1, sxs 1, qlty 2
60.26. act 1, pred 1, sxs 1, qlty 0
60.27. act 1, pred -1, sxs 0, qlty 2
60.28. act 1, pred -1, sxs 0, qlty 2
60.29. act 1, pred 1, sxs 1, qlty 2
60.30. act 1, pred -1, sxs 0, qlty 4
60.31. act 1, pred -1, sxs 0, qlty 2
61.1. act 1, pred -1, sxs 0, qlty 2
61.2. act 1, pred -1, sxs 0, qlty 2
61.3. act 1, pred 1, sxs 1, qlty 2
61.4. act 1, pred -1, sxs 0, qlty 2
61.5. act 1, pred -1, sxs 0, qlty 4
61.6. act 1, pred -1, sxs 0, qlty 2
61.7. act 1, pred -1, sxs 0, qlty 2
61.8. act 1, pred 1, sxs 1, qlty 0
61.9. act 1, pred -1, sxs 0, qlty 2
61.10. act 1, pred -1, sxs 0, qlty 2
61.11. act 1, pred -1, sxs 0, qlty 2
61.12. act 1, pred -1, sxs 0, qlty 2
61.13. act 1, pred 1, sxs 1, qlty 0
61.14. act 1, pred -1, sxs 0, qlty 2
61.15. act 1, pred 1, sxs 1, qlty 2
61.16. act 1, pred 1, sxs 1, qlty 2
61.17. act 1, pred 1, sxs 1, qlty 0
61.18. act 1, pred -1, sxs 0, qlty 2
61.19. act 1, pred -1, sxs 0, qlty 2
61.20. act 1, pred -1, sxs 0, qlty 4
61.21. act 1, pred 1, sxs 1, qlty 0
61.22. act 1, pred -1, sxs 0, qlty 2
61.23. act 1, pred -1, sxs 0, qlty 2
61.24. act 1, pred 1, sxs 1, qlty 0
61.25. act 1, pred -1, sxs 0, qlty 2
61.26. act 1, pred -1, sxs 0, qlty 2
61.27. act 1, pred 1, sxs 1, qlty 2
61.28. act 1, pred -1, sxs 0, qlty 2
61.29. act 1, pred -1, sxs 0, qlty 2
61.30. act 1, pred -1, sxs 0, qlty 2
61.31. act 1, pred -1, sxs 0, qlty 2
62.1. act 1, pred -1, sxs 0, qlty 2
62.2. act 1, pred -1, sxs 0, qlty 2
62.3. act 1, pred -1, sxs 0, qlty 2
62.4. act 1, pred 1, sxs 1, qlty 0
62.5. act 1, pred -1, sxs 0, qlty 2
62.6. act 1, pred -1, sxs 0, qlty 2
62.7. act 1, pred -1, sxs 0, qlty 2
62.8. act 1, pred 1, sxs 1, qlty 2
62.9. act 1, pred -1, sxs 0, qlty 4
62.10. act 1, pred -1, sxs 0, qlty 2
62.11. act 1, pred -1, sxs 0, qlty 2
62.12. act 1, pred -1, sxs 0, qlty 4
62.13. act 1, pred -1, sxs 0, qlty 4
62.14. act 1, pred 1, sxs 1, qlty 2
62.15. act 1, pred -1, sxs 0, qlty 2
62.16. act 1, pred -1, sxs 0, qlty 4
62.17. act 1, pred -1, sxs 0, qlty 2
62.18. act 1, pred 1, sxs 1, qlty 2
62.19. act 1, pred -1, sxs 0, qlty 2
62.20. act 1, pred -1, sxs 0, qlty 2
62.21. act 1, pred -1, sxs 0, qlty 2
62.22. act 1, pred 1, sxs 1, qlty 0
62.23. act 1, pred -1, sxs 0, qlty 2
62.24. act 1, pred -1, sxs 0, qlty 2
62.25. act 1, pred -1, sxs 0, qlty 2
62.26. act 1, pred 1, sxs 1, qlty 2
62.27. act 1, pred -1, sxs 0, qlty 2
62.28. act 1, pred -1, sxs 0, qlty 2
62.29. act 1, pred -1, sxs 0, qlty 2
62.30. act 1, pred -1, sxs 0, qlty 2
62.31. act 1, pred -1, sxs 0, qlty 2
63.1. act -1, pred -1, sxs 1, qlty 0
63.2. act -1, pred 1, sxs 0, qlty 2
63.3. act -1, pred -1, sxs 1, qlty 2
63.4. act -1, pred -1, sxs 1, qlty 0
63.5. act -1, pred 1, sxs 0, qlty 2
63.6. act -1, pred 1, sxs 0, qlty 4
63.7. act -1, pred 1, sxs 0, qlty 2
63.8. act -1, pred -1, sxs 1, qlty 2
63.9. act -1, pred 1, sxs 0, qlty 2
63.10. act -1, pred 1, sxs 0, qlty 2
63.11. act -1, pred -1, sxs 1, qlty 2
63.12. act -1, pred 1, sxs 0, qlty 2
63.13. act -1, pred -1, sxs 1, qlty 2
63.14. act -1, pred -1, sxs 1, qlty 0
63.15. act -1, pred 1, sxs 0, qlty 2
63.16. act -1, pred -1, sxs 1, qlty 0
63.17. act -1, pred 1, sxs 0, qlty 2
63.18. act -1, pred -1, sxs 1, qlty 0
63.19. act -1, pred 1, sxs 0, qlty 4
63.20. act -1, pred -1, sxs 1, qlty 0
63.21. act -1, pred -1, sxs 1, qlty 0
63.22. act -1, pred 1, sxs 0, qlty 2
63.23. act -1, pred 1, sxs 0, qlty 4
63.24. act -1, pred 1, sxs 0, qlty 4
63.25. act -1, pred -1, sxs 1, qlty 0
63.26. act -1, pred -1, sxs 1, qlty 2
63.27. act -1, pred -1, sxs 1, qlty 0
63.28. act -1, pred -1, sxs 1, qlty 0
63.29. act -1, pred -1, sxs 1, qlty 0
63.30. act -1, pred 1, sxs 0, qlty 2
63.31. act -1, pred -1, sxs 1, qlty 2
64.1. act -1, pred 1, sxs 0, qlty 2
64.2. act -1, pred -1, sxs 1, qlty 0
64.3. act -1, pred 1, sxs 0, qlty 4
64.4. act -1, pred 1, sxs 0, qlty 2
64.5. act -1, pred -1, sxs 1, qlty 0
64.6. act -1, pred -1, sxs 1, qlty 0
64.7. act -1, pred -1, sxs 1, qlty 0
64.8. act -1, pred -1, sxs 1, qlty 0
64.9. act -1, pred 1, sxs 0, qlty 2
64.10. act -1, pred -1, sxs 1, qlty 0
64.11. act -1, pred 1, sxs 0, qlty 2
64.12. act -1, pred 1, sxs 0, qlty 2
64.13. act -1, pred 1, sxs 0, qlty 2
64.14. act -1, pred -1, sxs 1, qlty 2
64.15. act -1, pred -1, sxs 1, qlty 0
64.16. act -1, pred -1, sxs 1, qlty 0
64.17. act -1, pred 1, sxs 0, qlty 2
64.18. act -1, pred 1, sxs 0, qlty 2
64.19. act -1, pred -1, sxs 1, qlty 0
64.20. act -1, pred -1, sxs 1, qlty 2
64.21. act -1, pred -1, sxs 1, qlty 2
64.22. act -1, pred 1, sxs 0, qlty 2
64.23. act -1, pred 1, sxs 0, qlty 2
64.24. act -1, pred -1, sxs 1, qlty 0
64.25. act -1, pred 1, sxs 0, qlty 4
64.26. act -1, pred -1, sxs 1, qlty 0
64.27. act -1, pred -1, sxs 1, qlty 0
64.28. act -1, pred 1, sxs 0, qlty 2
64.29. act -1, pred 1, sxs 0, qlty 2
64.30. act -1, pred -1, sxs 1, qlty 0
64.31. act -1, pred -1, sxs 1, qlty 0
65.1. act 1, pred -1, sxs 0, qlty 2
65.2. act 1, pred -1, sxs 0, qlty 2
65.3. act 1, pred 1, sxs 1, qlty 0
65.4. act 1, pred -1, sxs 0, qlty 2
65.5. act 1, pred -1, sxs 0, qlty 2
65.6. act 1, pred -1, sxs 0, qlty 2
65.7. act 1, pred 1, sxs 1, qlty 0
65.8. act 1, pred 1, sxs 1, qlty 0
65.9. act 1, pred 1, sxs 1, qlty 0
65.10. act 1, pred 1, sxs 1, qlty 2
65.11. act 1, pred -1, sxs 0, qlty 2
65.12. act 1, pred 1, sxs 1, qlty 2
65.13. act 1, pred -1, sxs 0, qlty 4
65.14. act 1, pred 1, sxs 1, qlty 0
65.15. act 1, pred 1, sxs 1, qlty 0
65.16. act 1, pred 1, sxs 1, qlty 2
65.17. act 1, pred 1, sxs 1, qlty 0
65.18. act 1, pred -1, sxs 0, qlty 2
65.19. act 1, pred 1, sxs 1, qlty 0
65.20. act 1, pred 1, sxs 1, qlty 0
65.21. act 1, pred 1, sxs 1, qlty 0
65.22. act 1, pred 1, sxs 1, qlty 0
65.23. act 1, pred 1, sxs 1, qlty 0
65.24. act 1, pred 1, sxs 1, qlty 0
65.25. act 1, pred 1, sxs 1, qlty 0
65.26. act 1, pred 1, sxs 1, qlty 0
65.27. act 1, pred -1, sxs 0, qlty 2
65.28. act 1, pred -1, sxs 0, qlty 2
65.29. act 1, pred -1, sxs 0, qlty 2
65.30. act 1, pred 1, sxs 1, qlty 0
65.31. act 1, pred 1, sxs 1, qlty 0
66.1. act -1, pred 1, sxs 0, qlty 2
66.2. act -1, pred 1, sxs 0, qlty 2
66.3. act -1, pred -1, sxs 1, qlty 0
66.4. act -1, pred 1, sxs 0, qlty 2
66.5. act -1, pred 1, sxs 0, qlty 2
66.6. act -1, pred 1, sxs 0, qlty 2
66.7. act -1, pred -1, sxs 1, qlty 0
66.8. act -1, pred 1, sxs 0, qlty 2
66.9. act -1, pred 1, sxs 0, qlty 2
66.10. act -1, pred 1, sxs 0, qlty 2
66.11. act -1, pred 1, sxs 0, qlty 2
66.12. act -1, pred 1, sxs 0, qlty 2
66.13. act -1, pred 1, sxs 0, qlty 2
66.14. act -1, pred -1, sxs 1, qlty 0
66.15. act -1, pred 1, sxs 0, qlty 2
66.16. act -1, pred -1, sxs 1, qlty 0
66.17. act -1, pred 1, sxs 0, qlty 2
66.18. act -1, pred 1, sxs 0, qlty 2
66.19. act -1, pred 1, sxs 0, qlty 2
66.20. act -1, pred 1, sxs 0, qlty 2
66.21. act -1, pred 1, sxs 0, qlty 4
66.22. act -1, pred 1, sxs 0, qlty 2
66.23. act -1, pred 1, sxs 0, qlty 2
66.24. act -1, pred 1, sxs 0, qlty 2
66.25. act -1, pred 1, sxs 0, qlty 4
66.26. act -1, pred 1, sxs 0, qlty 2
66.27. act -1, pred 1, sxs 0, qlty 2
66.28. act -1, pred 1, sxs 0, qlty 2
66.29. act -1, pred 1, sxs 0, qlty 2
66.30. act -1, pred 1, sxs 0, qlty 2
66.31. act -1, pred 1, sxs 0, qlty 2
67.1. act -1, pred 1, sxs 0, qlty 2
67.2. act -1, pred 1, sxs 0, qlty 2
67.3. act -1, pred 1, sxs 0, qlty 4
67.4. act -1, pred 1, sxs 0, qlty 2
67.5. act -1, pred -1, sxs 1, qlty 0
67.6. act -1, pred 1, sxs 0, qlty 2
67.7. act -1, pred 1, sxs 0, qlty 2
67.8. act -1, pred 1, sxs 0, qlty 4
67.9. act -1, pred 1, sxs 0, qlty 2
67.10. act -1, pred -1, sxs 1, qlty 0
67.11. act -1, pred 1, sxs 0, qlty 4
67.12. act -1, pred -1, sxs 1, qlty 0
67.13. act -1, pred 1, sxs 0, qlty 2
67.14. act -1, pred -1, sxs 1, qlty 0
67.15. act -1, pred -1, sxs 1, qlty 0
67.16. act -1, pred -1, sxs 1, qlty 0
67.17. act -1, pred -1, sxs 1, qlty 0
67.18. act -1, pred -1, sxs 1, qlty 0
67.19. act -1, pred -1, sxs 1, qlty 0
67.20. act -1, pred -1, sxs 1, qlty 0
67.21. act -1, pred -1, sxs 1, qlty 0
67.22. act -1, pred -1, sxs 1, qlty 0
67.23. act -1, pred 1, sxs 0, qlty 4
67.24. act -1, pred -1, sxs 1, qlty 2
67.25. act -1, pred -1, sxs 1, qlty 0
67.26. act -1, pred 1, sxs 0, qlty 2
67.27. act -1, pred -1, sxs 1, qlty 0
67.28. act -1, pred -1, sxs 1, qlty 0
67.29. act -1, pred -1, sxs 1, qlty 0
67.30. act -1, pred -1, sxs 1, qlty 0
67.31. act -1, pred 1, sxs 0, qlty 2
68.1. act -1, pred 1, sxs 0, qlty 2
68.2. act -1, pred 1, sxs 0, qlty 2
68.3. act -1, pred 1, sxs 0, qlty 2
68.4. act -1, pred 1, sxs 0, qlty 2
68.5. act -1, pred -1, sxs 1, qlty 0
68.6. act -1, pred -1, sxs 1, qlty 0
68.7. act -1, pred 1, sxs 0, qlty 2
68.8. act -1, pred -1, sxs 1, qlty 0
68.9. act -1, pred -1, sxs 1, qlty 0
68.10. act -1, pred 1, sxs 0, qlty 2
68.11. act -1, pred 1, sxs 0, qlty 2
68.12. act -1, pred 1, sxs 0, qlty 2
68.13. act -1, pred -1, sxs 1, qlty 0
68.14. act -1, pred 1, sxs 0, qlty 2
68.15. act -1, pred 1, sxs 0, qlty 2
68.16. act -1, pred 1, sxs 0, qlty 2
68.17. act -1, pred -1, sxs 1, qlty 0
68.18. act -1, pred 1, sxs 0, qlty 2
68.19. act -1, pred 1, sxs 0, qlty 2
68.20. act -1, pred 1, sxs 0, qlty 2
68.21. act -1, pred -1, sxs 1, qlty 0
68.22. act -1, pred 1, sxs 0, qlty 4
68.23. act -1, pred 1, sxs 0, qlty 4
68.24. act -1, pred 1, sxs 0, qlty 4
68.25. act -1, pred -1, sxs 1, qlty 0
68.26. act -1, pred 1, sxs 0, qlty 2
68.27. act -1, pred 1, sxs 0, qlty 2
68.28. act -1, pred 1, sxs 0, qlty 2
68.29. act -1, pred -1, sxs 1, qlty 0
68.30. act -1, pred 1, sxs 0, qlty 2
68.31. act -1, pred 1, sxs 0, qlty 2
69.1. act -1, pred 1, sxs 0, qlty 2
69.2. act -1, pred 1, sxs 0, qlty 2
69.3. act -1, pred 1, sxs 0, qlty 2
69.4. act -1, pred 1, sxs 0, qlty 2
69.5. act -1, pred -1, sxs 1, qlty 0
69.6. act -1, pred 1, sxs 0, qlty 2
69.7. act -1, pred 1, sxs 0, qlty 2
69.8. act -1, pred 1, sxs 0, qlty 4
69.9. act -1, pred 1, sxs 0, qlty 2
69.10. 