0
-0.0129516
0.481803
0.745858
0.735239
0.522894
0.386852
0.202368
0.2263
-0.0781935
-0.0582484
-0.0439484
-0.115584
0.111048
0.307535
0.164648
0.268845
0.486884
0.30351
0.496839
0.201868
-0.0438129
0.0801613
-0.0635355
-0.212065
-0.0999839
-0.188858
-0.326306
-0.262313
-0.222029
-0.0625032
-0.0457355
-0.109545
-0.0762645
-0.0818968
-0.11831
-0.115497
-0.0709
-0.0628774
-0.149132
-0.178765
-0.127761
-0.126842
-0.0422871
-0.134477
-0.0354484
-0.0596226
-0.165984
-0.11341
-0.145948
-0.0945355
-0.162087
-0.0936032
-0.0747839
0.0281935
0.0323129
-0.0181065
-0.000909677
0.0934194
0.113868
0.0628581
0.0811387
-0.0014
-0.195497
-0.00642903
0.0174258
0.013371
-0.0523774
-0.0300677
0.0377032
0.0451387
-0.159929
-0.13411
-0.0365774
-0.0460194
-0.185694
-0.172229
-0.209948
-0.102639
-0.157703
-0.127458
-0.0778968
-0.12881
-0.108342
-0.0339516
-0.0648226
0.0083871
0.0389968
0.0221032
0.191574
0.134045
0.209158
0.205713
0.29811
0.375629
0.306861
0.362977
0.400197
0.403045
0.13299
0.0779645
0.00411613
-0.00258387
0.0953161
0.1025
-0.0405581
0.0227323
0.123039
0.0901194
0.0547516
0.0692548
0.0320645
0.0122548
0.0293323
0.0388903
0.10909
0.195281
0.206768
0.296484
0.302823
0.445242
0.258319
0.310529
0.558965
0.399126
0.460929
0.467819
0.478161
0.480332
0.51809
0.551974
0.791071
0.6949
0.764587
0.723194
0.780652
0.737761
0.639261
0.588097
0.583745
0.5925
0.581571
0.625219
0.609932
0.627174
0.616306
0.611932
0.609758
0.560487
0.552152
0.54161
0.554619
0.539958
0.582365
0.626523
0.591432
0.6311
0.606029
0.595723
0.616342
0.665661
0.716865
0.749152
0.791729
0.766642
0.804868
0.86879
0.829977
0.881394
0.840397
0.859487
0.853023
0.852087
0.810013
0.884284
0.856916
0.926781
0.963477
0.962277
0.976687
0.946945
0.9652
1.00905
1.01174
1.05518
1.10737
1.15815
1.04454
1.08137
1.05257
1.10265
1.10113
1.08719
1.14211
1.15444
1.21634
1.14237
1.07413
1.04639
1.02528
1.05727
1.06626
1.05327
0.754816
1.02283
1.09055
1.16229
1.12805
1.17614
1.14201
1.12219
1.04347
1.00174
1.0071
1.00937
0.997826
1.02761
1.00546
0.737484
1.03417
1.05791
0.697042
0.675265
0.637394
0.959523
0.630406
0.60001
0.639781
0.6483
0.631877
0.606058
0.593174
0.612161
0.636784
0.600968
0.635832
0.664584
0.651826
0.689303
0.70141
0.695384
0.633052
0.667429
0.652248
0.653039
0.657174
0.677103
0.686116
0.691155
0.728071
0.755887
0.699984
0.734848
0.765726
0.74019
0.731752
0.778123
0.802181
0.761661
0.693774
0.734077
0.770284
0.790906
0.775455
0.722177
0.754942
0.797848
0.811858
0.837948
0.839068
0.846945
0.869306
0.882484
1.21005
1.26574
1.31391
1.29386
1.30737
1.29366
1.35171
1.27261
1.25915
1.21263
1.24681
1.25095
1.24385
1.21214
1.2194
1.20935
1.22247
1.2127
1.23628
1.28414
1.2379
1.27815
1.22571
1.24799
1.24841
1.2746
1.30572
1.27349
1.29968
1.32356
1.31365
1.3186
1.35331
1.34235
1.36529
1.37785
1.35377
1.3251
1.34765
1.36335
1.35925
1.39542
1.32971
1.25841
1.28576
1.32274
1.34703
1.37506
1.38177
1.32281
1.28414
1.29071
1.34763
1.30047
1.33883
1.35789
1.31861
1.35197
1.32522
1.31472
1.33369
1.32892
1.35066
1.3771
1.3562
1.35994
1.31655
1.30999
1.33345
1.31845
1.29132
1.28762
0.85309
0.97379
0.857671
0.889465
0.881687
0.899477
1.29124
1.31128
1.35189
1.35281
1.3436
0.899539
1.33397
1.36597
1.36833
1.39751
1.4375
1.43015
1.46727
1.49882
1.50504
1.44694
1.47758
1.51167
1.53755
1.0628
1.49673
1.52981
1.53463
1.50929
1.54705
1.60474
1.62148
1.5939
1.15663
1.60279
1.57805
1.60266
1.59303
1.55669
1.59792
1.63786
1.674
1.69319
1.69912
1.66538
1.70112
1.70703
1.74731
1.73821
1.74675
1.72198
1.73121
1.76058
1.75934
1.70456
1.67427
1.71867
1.6883
1.66653
1.66986
1.68941
1.72951
1.71308
1.70854
1.70925
1.72753
1.7063
1.68657
1.68041
1.66833
1.72344
1.72124
1.68337
1.65127
1.68801
1.71529
1.72548
1.74943
1.76402
1.79913
1.89521
1.89028
1.89134
1.86898
1.94122
1.92064
1.87425
1.90976
1.89414
1.88843
1.90816
1.93601
1.9514
1.96405
2.00241
1.9707
1.9741
2.00424
2.01009
2.00528
2.02998
2.06082
2.03522
2.06216
2.1119
2.16434
2.19149
2.25077
2.21695
2.22986
2.13555
2.16996
2.19549
2.19043
2.24465
2.2111
2.21633
2.23148
2.2559
2.29549
2.32254
2.33965
2.33302
2.36713
2.38112
2.41985
1.92455
2.44911
1.92895
1.97631
2.00468
2.00196
2.03957
2.04394
2.05795
2.1119
2.1471
2.13952
2.15551
2.63317
2.63105
2.65241
2.62667
2.15581
2.19277
2.73721
2.66491
2.66744
2.70639
2.71357
2.74858
2.79985
2.84868
2.82318
2.78155
2.78399
2.78173
2.80728
2.78661
2.78444
2.80723
2.78926
2.78481
2.76652
2.75753
2.73243
2.76925
2.7442
2.7235
2.74452
2.74464
2.75842
2.74941
2.72222
2.72928
2.76122
2.74781
2.72087
2.73686
2.70544
2.69842
2.72619
2.6724
2.6957
2.70215
2.68673
2.68241
2.72314
2.75244
2.79974
2.81761
2.81347
2.82188
2.86064
2.86302
2.83415
2.84767
2.87554
2.89902
2.91689
2.89035
2.82625
2.82193
2.77354
2.78251
2.80597
2.8138
2.5499
2.25294
2.2613
2.29844
2.34409
2.38742
2.44159
2.41285
2.40249
2.43162
2.44847
2.47653
2.4933
2.50109
2.51406
2.49199
2.55429
2.56022
2.59874
2.53736
2.54531
2.52983
2.57881
2.55437
2.58419
2.59207
2.54405
3.11025
3.11244
3.06529
3.0782
3.07186
3.06124
3.09553
3.11693
3.15537
3.20226
3.14049
3.14689
3.16816
3.14905
3.13426
3.12456
3.15552
3.13017
3.12386
3.09437
3.0544
3.0672
3.05674
3.03166
3.04077
3.05294
3.04682
3.03233
3.04919
3.00015
3.0171
3.00473
3.02779
3.06549
3.07187
3.08026
3.09287
3.07222
3.08272
3.09108
3.10985
3.08722
3.11008
3.11014
3.12058
3.07944
3.09396
3.05703
3.0675
3.05985
3.06776
3.09462
3.12962
3.13773
3.13379
3.10949
3.10683
3.08726
3.09149
3.11199
3.10186
3.08165
3.07553
3.07971
3.10233
3.09639
3.09621
3.10234
3.13481
3.11867
3.10305
3.09661
3.08263
3.04449
3.04977
3.07752
3.08109
3.06317
3.13299
3.12631
3.14728
3.07659
3.10557
3.06833
3.09699
3.09519
3.11217
3.14627
3.17225
3.1744
2.54558
3.17266
2.56083
2.5584
2.57589
2.5538
2.57536
2.56108
2.56678
2.58609
2.57383
2.58937
2.60492
2.6084
2.62192
2.65096
2.68018
2.69342
2.6853
2.63381
2.65316
2.67421
2.65075
2.68714
2.73647
2.73909
2.72488
2.69343
2.6968
2.72743
2.71718
3.03908
2.69116
2.68678
2.70205
2.6766
2.70904
2.73009
2.76051
2.77797
2.78287
2.75557
2.76107
2.73548
2.76412
2.75231
3.39791
2.74986
2.76689
2.78778
3.44039
3.41353
3.43662
3.44049
3.4578
2.77847
2.7552
2.72621
2.70107
2.67786
2.69487
2.68125
2.69442
2.68198
2.6651
2.67252
2.67803
2.66255
2.63757
2.66214
2.66001
2.67123
2.67127
2.67828
3.31975
3.12955
2.69656
2.70963
2.69613
2.68074
2.65969
2.68601
2.67255
2.6818
2.69295
2.70595
2.72088
2.69055
2.73908
2.75018
2.74995
2.72521
2.72876
2.74173
2.71892
2.7375
2.72223
2.72955
2.72743
2.73097
2.71387
2.72116
2.73221
2.7151
2.73036
2.72385
2.72384
2.72549
2.7309
2.71366
2.7041
2.67962
2.68504
2.66428
2.67886
2.69545
2.68407
2.66153
2.68556
2.67979
2.66472
2.67941
2.69968
2.68091
2.65471
2.66512
2.67106
2.69686
2.68959
2.66619
2.68317
2.66632
2.65875
2.68263
2.6621
2.66195
2.67472
2.67067
2.66128
2.65926
2.65542
2.63144
2.65125
2.64924
2.62141
2.5789
2.55854
2.5768
2.56566
2.57287
2.59112
2.57081
2.55873
2.54676
2.55749
2.5464
2.54629
2.54434
2.55705
2.55958
2.56943
2.54563
2.55466
2.57462
2.55619
2.54512
2.56687
2.56674
2.55082
2.56824
2.58085
2.59346
2.60241
2.62597
2.66916
2.69259
2.66706
2.6669
2.6726
2.65203
2.63377
2.64087
2.64964
2.66757
2.64937
2.65284
2.65618
2.64164
2.63068
2.65038
2.67891
2.70035
2.67863
2.66936
2.65485
2.67267
2.65818
2.67766
2.67572
2.68993
2.68978
2.70038
2.69129
2.69805
2.70273
2.70323
2.72453
2.7226
2.70459
2.69721
2.69882
2.7076
2.70923
2.68942
2.68387
2.68376
2.68183
2.67994
2.68692
2.67968
2.69007
2.69528
2.71111
2.73224
2.70373
2.68642
2.70334
2.71383
2.73669
2.76131
2.78763
2.76101
2.73585
2.73583
2.71982
2.73379
2.75833
2.77581
2.75435
2.77183
2.75936
2.75905
2.74661
2.73065
2.70769
2.72862
2.70855
2.72297
2.70005
2.69817
2.69456
2.70136
2.7222
2.74655
2.76218
2.7393
2.75665
2.76175
2.77034
2.75624
2.73516
2.71309
2.71909
2.72595
2.73627
2.717
2.73081
2.72371
2.73925
2.74152
2.76384
2.76635
2.7617
2.77636
2.76614
2.74519
2.76586
2.77268
2.78813
2.77588
2.79305
2.78945
2.76683
2.74594
2.72507
2.73879
2.75135
2.76887
2.78145
2.8003
2.81395
2.83278
2.85157
2.87382
2.89603
2.91825
2.93698
2.91272
2.89024
2.89625
2.91202
2.92387
3.65047
2.91665
3.66955
3.65249
3.67488
2.90911
2.88325
2.90534
2.88978
2.95367
2.90883
2.90896
2.91803
2.93664
2.94842
2.96701
2.98561
2.95983
2.97499
2.97822
2.99677
3.02041
3.03357
3.03682
3.04173
3.03471
3.05661
3.06149
3.04261
3.01863
3.0388
3.02334
3.00277
2.98054
2.99392
3.00391
3.72647
3.0086
2.99319
3.00655
3.73352
3.70661
3.705
3.7186
3.73829
3.76377
3.77905
3.79766
3.75905
3.77428
3.75078
3.73149
3.72591
3.72926
3.71132
3.71645
3.73837
3.7166
3.7235
3.73531
3.73875
3.73725
3.72726
3.72902
3.69738
3.71253
3.71932
3.70102
2.93323
3.54975
3.19225
3.7126
3.68156
3.70169
3.71847
3.70856
3.72697
3.72042
3.71551
3.72613
3.72526
3.7292
3.74093
3.72773
3.70288
3.71462
3.71305
3.72487
3.74487
3.75657
3.76826
3.77166
3.79077
3.81323
3.84491
3.82834
3.80358
3.82185
3.78727
3.80553
3.81552
3.8387
3.80254
3.78282
3.76806
3.78629
3.7538
3.7635
3.77181
3.79165
3.77694
3.81985
3.79527
3.81672
3.79708
3.81194
3.85311
3.8663
3.83694
3.85011
3.83545
3.86008
3.86014
3.84786
3.84728
3.84897
3.84577
3.86873
3.88023
3.87708
3.88042
3.86938
3.84801
3.87089
3.8775
3.89065
3.87444
3.88752
3.87098
3.87804
3.89273
3.89774
3.91726
3.9255
3.15753
3.146
3.11651
3.11131
3.1176
3.12624
3.1494
3.13613
3.12465
3.11464
3.08205
3.06739
3.06548
3.07161
3.09399
3.10655
3.08869
3.08678
3.0802
3.08472
3.08456
3.08441
3.0809
3.09838
3.10143
3.09311
3.863
3.07188
3.86234
3.84536
3.84944
3.09018
3.8729
3.1152
3.07043
3.08498
3.10668
3.10637
3.1301
3.11229
3.10085
3.08799
3.06387
3.05897
3.05235
3.03782
3.02819
3.03745
3.02135
3.03695
3.02405
3.02856
3.02847
3.0503
