-0.228097
-0.101281
-0.185987
-0.172465
-0.140858
-0.0704774
-0.0490871
-0.0478097
-0.0470387
-0.0660065
-0.0569484
-0.0741258
-0.146987
-0.111048
-0.0505065
-0.137897
-0.0607903
-0.0217839
0.024329
-0.0614258
0.0370258
0.00651935
0.00196129
0.00576774
0.0485968
0.0569452
0.0228097
0.0617968
0.00536452
0.155048
0.104297
0.160406
0.0249871
-0.00536452
-0.00522581
0.0708645
0.0519516
0.0195871
0.0518032
-0.0117323
0.0329161
0.105613
0.0321516
0.117113
0.135484
0.0421774
0.0621871
0.199616
0.0826903
0.129984
0.238345
0.173074
0.0711323
0.108829
0.0270645
0.0941677
-0.0101548
0.0558258
0.143471
-0.00100968
0.119297
-0.0214839
0.0669387
-0.021729
0.121794
-0.0604677
0.0765097
0.135258
0.0988516
0.0996032
0.19521
0.158603
0.228626
0.273984
0.280429
0.285303
0.312045
0.257526
0.248539
0.214894
0.294732
0.206861
0.2766
0.195806
0.321971
0.223458
0.497555
0.371558
0.402835
0.260413
0.286655
0.315068
0.43769
0.352471
0.325503
0.100306
0.126206
0.18021
0.23039
0.551935
0.361329
0.4292
0.4792
0.433687
0.3854
0.444742
0.398916
0.310503
0.397839
0.336626
0.347529
0.264758
0.286906
0.307413
0.400168
0.274165
0.339874
0.410168
0.316571
0.376232
0.507355
0.344642
0.393452
0.289655
0.297287
0.245932
0.241177
0.350174
0.326406
0.2565
0.201126
0.160032
0.253768
0.184952
0.273506
0.295903
0.149787
0.200797
0.114987
0.41789
0.305813
0.319268
0.255068
0.297387
0.3533
0.376623
0.317484
0.393726
0.458442
0.503397
0.458477
0.487503
0.670081
0.5879
0.610955
0.444232
0.499926
0.55041
0.523342
0.565074
0.571668
0.493252
0.4709
0.748268
0.572852
0.73309
0.683297
0.697571
0.699571
0.691526
0.664781
0.878377
0.680468
0.585052
0.590494
0.579087
0.803813
0.592703
0.625732
0.685723
0.723429
0.988539
1.0083
1.05626
0.992135
0.908923
0.939529
0.92729
0.862619
0.896929
1.0198
1.03618
0.983539
0.741419
0.751668
0.791794
0.991961
0.75649
0.995829
0.95111
0.694955
0.899426
0.78441
0.751332
0.736861
0.745519
0.752458
0.721194
0.761652
0.720981
0.76669
0.782503
0.677284
0.775613
0.743606
0.777152
0.781323
0.841929
0.789768
0.743939
0.767745
0.747945
0.776668
0.859874
0.892274
0.88899
0.969577
0.967929
1.04695
1.09044
1.17731
1.20154
1.18429
1.18596
1.26683
1.30447
1.18793
1.19619
1.2289
1.26969
1.33035
1.27627
1.32017
1.30298
1.31307
1.32643
1.29607
1.19201
1.18236
1.19554
1.2423
1.28552
1.33184
1.3748
1.45377
1.4964
1.46947
1.45911
1.42908
1.45509
1.48425
1.37945
1.38292
1.41142
1.40475
1.4238
1.47873
1.5428
1.49439
1.40756
1.32404
1.5455
1.31822
1.4052
1.62536
1.6041
1.48635
1.50716
1.55207
1.49068
1.55139
1.45989
1.22999
1.21077
1.19645
1.17835
1.48951
1.17185
1.5628
1.46864
1.42324
1.44064
1.52626
1.49494
1.54824
1.55346
1.58536
1.54957
1.548
1.56086
1.51093
1.51475
1.47631
1.41173
1.38553
1.36641
1.39333
1.3982
1.38419
1.41294
1.44365
1.4337
1.45522
1.44389
1.47139
1.43778
1.41515
1.40827
1.38956
1.38188
1.38177
1.36738
1.35097
1.32356
1.48922
1.51052
1.30878
1.47107
1.44493
1.44637
1.44634
1.42905
1.40462
1.41639
1.3921
1.34361
1.35939
1.34257
1.32134
1.34721
1.34516
1.3615
1.21296
1.19455
1.36021
1.22415
1.24662
1.4194
1.26281
1.28125
1.29722
1.30229
1.28728
1.31479
1.35647
1.37169
1.32331
1.38171
1.34667
1.32717
1.3258
1.34916
1.30652
1.25418
1.22797
1.26528
1.30472
1.27811
1.27871
1.3331
1.35616
1.40561
1.08885
1.07706
1.09621
1.12158
1.0895
1.20565
1.32368
1.30532
1.27921
1.27114
1.29655
1.33924
1.29779
1.27373
1.25244
1.21122
1.20233
1.20233
1.17186
1.14143
1.15002
1.16668
1.18654
1.18195
1.20115
1.26432
1.24968
1.23915
1.19853
1.14625
1.13455
1.12165
1.09272
1.13363
1.14937
1.14869
1.16703
1.19948
1.23838
1.23711
1.26684
1.32098
1.27843
1.27843
1.27797
1.3413
1.16087
1.30303
0.997671
1.01617
1.0639
1.09284
1.0078
0.967613
0.991397
1.04775
0.992239
1.0464
1.03793
1.05898
1.11864
1.13707
1.19398
1.1728
1.13583
1.16536
1.22085
1.2541
1.21694
1.16506
1.21006
1.18708
1.20445
1.26622
1.29669
1.27107
1.28465
1.24309
1.20758
1.18408
1.21187
1.21308
1.21407
1.16077
1.19647
1.24362
1.22768
1.25769
1.28091
1.3407
1.37299
1.34221
1.32377
1.34396
1.25733
1.27093
1.23758
1.24609
1.27875
1.2455
1.24916
1.30096
1.33283
1.23476
1.25756
1.21735
1.23534
1.25087
1.29531
1.26218
1.23272
1.25917
1.19986
1.23137
1.24917
1.24555
1.24137
1.27567
1.28266
1.32458
1.37518
1.30545
1.26829
1.28296
1.23103
1.25977
1.19986
1.22443
1.18991
1.20274
1.18753
1.19818
1.25851
1.29524
1.25852
1.29678
1.26479
1.31457
1.28263
1.27673
1.24025
1.24136
1.21653
1.18019
1.21134
1.2027
1.21908
1.235
1.20961
1.13963
1.13796
1.0934
1.12216
1.12968
1.15373
1.17885
1.22849
1.18378
1.13716
1.10597
1.12991
1.13279
1.06149
1.02317
1.03446
1.03062
1.02974
1.05071
1.11355
1.07819
1.05635
1.08024
1.08694
1.05074
1.04115
1.04888
1.05185
1.05782
1.04071
1.02434
1.0157
0.973226
0.953987
0.948929
0.960613
0.94369
0.940897
0.95401
1.16928
1.16628
1.14947
1.19708
0.927697
0.948365
0.941248
0.906932
1.17878
1.19232
1.20044
1.23001
1.20922
1.23935
1.22811
1.18815
1.21372
1.20949
1.19422
1.18642
1.16297
1.14804
1.12975
1.11056
1.15833
1.13799
1.11893
1.11928
1.10927
1.12304
1.17325
1.11972
1.11061
1.13699
1.12892
1.14122
1.12679
1.14065
1.11616
1.09085
1.13732
1.09479
1.08121
1.09177
1.09737
1.14258
1.14534
1.1164
1.12972
1.12268
1.10438
1.10087
1.06791
1.09244
1.06584
1.054
1.09036
1.08756
1.06945
1.066
1.06533
1.0577
1.03761
1.03323
1.05643
1.04676
1.04336
1.04478
1.0165
0.990352
1.00772
1.01329
1.00133
0.971197
0.947313
0.93849
0.986765
0.989565
0.976084
0.965265
0.980535
0.971155
0.987006
0.994048
0.974513
0.983581
0.960574
0.9513
0.934448
0.978139
0.986574
0.974416
0.983445
0.951894
0.961477
0.986726
0.997745
0.976945
0.978303
0.936342
0.915632
0.952903
0.980006
0.985497
1.02463
0.985316
0.954087
0.93951
0.957023
0.943929
0.943397
0.953206
0.942181
0.939174
0.958629
0.983532
1.01635
0.999894
1.01607
0.992329
0.985323
1.01802
1.04128
1.01099
1.04107
1.03118
1.02273
1.04142
1.01124
0.987216
0.962281
0.94219
0.933174
0.879035
0.875445
0.899265
0.888494
0.858571
0.894939
0.878323
0.850435
0.865187
0.850803
0.791632
0.814658
0.841013
0.870516
0.837739
0.805681
0.822761
0.852387
0.923258
0.842352
0.975045
0.943606
0.946513
0.917042
0.899619
0.878135
0.861884
0.872055
0.8929
0.874781
0.886452
0.876494
0.897881
0.883581
0.885697
0.889813
0.86521
0.904997
0.894642
0.889194
0.877748
0.874684
0.885961
0.881835
0.884997
0.887458
0.898703
0.892694
0.907768
0.89409
0.897671
0.924777
0.668342
0.882229
0.927745
0.655848
0.661229
0.668597
0.869387
0.648429
0.663335
0.653477
0.656942
0.644858
0.636916
0.845574
0.626758
0.859719
0.819323
0.832377
0.843539
0.845232
0.852594
0.856161
0.829468
0.838277
0.838516
0.860568
0.8415
0.831871
0.8154
0.796558
0.78781
0.79141
0.78561
0.796113
0.771961
0.807239
0.879513
0.843797
0.854903
0.8826
0.902997
0.876665
0.884061
0.902619
0.829671
0.838935
0.831268
0.840523
0.834839
0.849674
0.827
0.825039
0.830532
0.835706
0.834187
0.817381
0.839855
0.807877
0.798529
0.817003
0.815074
0.831597
0.878584
0.801813
0.828097
0.839552
0.843729
0.822374
0.833958
0.828361
0.849155
0.822752
0.834326
0.817703
0.788203
0.77469
0.793716
0.778971
0.799219
0.778984
0.783361
0.787052
0.776042
0.787074
0.769245
0.780887
0.805471
0.81099
0.810984
0.789023
0.807335
0.79821
0.796394
0.785432
0.807374
0.800074
0.815794
0.812165
0.845403
0.848948
0.825516
0.832845
0.827458
0.831152
0.833013
0.892513
0.93741
0.955606
0.907635
0.906794
0.885555
0.925032
0.908845
0.901671
0.919426
0.908735
0.887774
0.943187
0.961303
0.959629
0.977716
0.997597
1.01926
0.996223
1.02144
1.04663
1.07002
1.0719
1.0413
1.06286
1.07893
1.03578
1.00526
1.04635
1.03028
1.05355
1.02484
0.999713
0.974468
0.987055
0.96019
0.981616
0.972487
0.997455
0.968806
0.940197
0.965148
0.979213
1.00073
1.01672
1.01273
1.04306
1.07775
0.737226
0.706319
0.707465
0.6769
0.705477
0.694529
0.671123
0.681513
0.670594
0.689855
0.696671
0.710306
0.708842
0.679052
0.682284
0.701494
0.722439
0.668348
0.687926
0.666426
0.689119
0.6853
0.694087
0.687952
0.703539
0.724394
0.746997
0.767835
0.792165
0.816961
0.841245
0.810984
0.835232
0.857732
0.894839
0.928594
0.952771
0.922542
0.892355
0.864552
0.896465
0.868071
0.888706
0.911081
0.903319
0.925658
0.949719
0.973774
0.994316
1.01254
1.05509
1.03625
1.06023
1.03192
1.05413
1.0241
1.05403
1.03849
1.04328
1.06718
1.03895
1.06284
1.08498
1.10056
1.14954
1.11961
1.14343
1.16548
1.13557
1.1831
1.20685
1.23057
1.20242
1.17257
1.21154
1.23675
1.25697
1.22715
1.25119
1.25077
1.22004
1.24023
1.2604
1.28398
1.25425
1.25886
1.2184
1.19216
1.21059
1.23243
1.25423
1.27433
1.29352
1.31525
1.28565
1.30908
1.33251
1.3029
1.31469
1.31329
1.33328
1.35665
1.32881
1.37305
1.3869
1.40682
1.42672
1.44832
1.47159
0.875594
1.48689
1.45739
1.46871
1.49194
1.12801
0.815455
1.47774
1.49752
0.837606
1.47624
0.806126
0.799365
0.8223
0.820377
0.843252
0.872845
0.908406
0.93121
0.901561
0.920974
0.940374
0.93611
0.957168
0.995919
1.01865
1.04136
1.01683
0.987226
0.96001
0.958835
0.932952
0.937248
0.914474
0.922013
0.934158
0.971484
0.994113
0.966326
0.983913
0.957826
0.957719
0.935023
0.914035
0.891365
0.905587
0.898823
1.57437
0.885374
1.59996
0.89449
1.5796
1.59899
1.55607
1.57545
1.56316
1.57921
1.60291
1.62225
0.936652
0.955755
0.978184
1.02298
0.993816
1.00792
1.00941
1.02845
0.996374
0.959394
0.971774
0.970903
0.961732
0.98979
0.974
0.944974
1.63384
1.61113
0.896877
1.5868
1.57795
1.58332
0.876119
0.885181
0.91811
0.933739
0.942216
0.952565
0.971445
0.990326
1.00047
0.984413
0.962165
0.961303
0.971068
0.943939
0.954577
0.979084
0.997894
0.977332
0.968274
0.949432
0.96569
0.973765
0.969642
0.946677
0.953977
0.952284
0.962835
0.953261
0.963539
0.997674
0.973994
0.998335
1.0038
0.995732
1.03953
1.06139
1.09697
1.11719
1.1608
1.17456
1.15806
1.18703
1.20392
1.19397
1.21571
1.20093
1.2194
1.25954
1.2796
1.30125
1.34129
1.31291
1.29329
1.31285
1.35648
1.37805
1.42115
1.39282
1.42946
1.40116
1.35265
1.37256
1.34431
1.33759
1.35747
1.39882
1.42028
1.41353
1.40719
1.4468
1.45858
1.45181
1.44341
1.48611
1.50587
1.54689
1.54007
1.55976
1.60229
1.64478
1.63791
