seed 5
0: 57
Red: 6, Data: 2
Red: 6, Data: 3
Red: 6, Data: 4
Red: 10, Data: 5
Red: 8, Data: 6
Red: 2, Data: 7
Red: 8, Data: 8
Red: 10, Data: 9
Red: 2, Data: 10
Red: 14, Data: 11
Red: 10, Data: 12
Red: 14, Data: 13
Red: 14, Data: 14
Red: 18, Data: 15
Red: 16, Data: 16
Red: 12, Data: 17
Red: 16, Data: 18
Red: 12, Data: 19
1: 53
2: 53
3: 53
4: 53
5: 53
6: 53
7: 53
8: 53
9: 53
10: 53
11: 53
12: 53
13: 53
14: 53
15: 53
16: 53
17: 53
18: 53
19: 53
20: 53
21: 53
22: 53
23: 53
24: 53
25: 53
26: 53
27: 53
28: 53
29: 53
30: 53
31: 53
32: 53
