0. 0. netp 0, onep 0, zerop 1, randp 1, kuperinp 0
1. 1. netp 0, onep 1, zerop 1, randp 2, kuperinp 0
2. 2. netp 1, onep 1, zerop 2, randp 2, kuperinp 0
3. 3. netp 2, onep 2, zerop 2, randp 2, kuperinp 0
4. 4. netp 3, onep 3, zerop 2, randp 2, kuperinp 1
5. 5. netp 4, onep 3, zerop 3, randp 2, kuperinp 1
6. 6. netp 4, onep 3, zerop 4, randp 3, kuperinp 2
7. 8. netp 5, onep 3, zerop 5, randp 4, kuperinp 3
8. 9. netp 6, onep 3, zerop 6, randp 4, kuperinp 4
9. 10. netp 6, onep 4, zerop 6, randp 4, kuperinp 4
10. 12. netp 6, onep 5, zerop 6, randp 5, kuperinp 4
11. 13. netp 6, onep 6, zerop 6, randp 6, kuperinp 5
12. 14. netp 6, onep 6, zerop 7, randp 7, kuperinp 5
13. 17. netp 6, onep 7, zerop 7, randp 8, kuperinp 5
14. 20. netp 6, onep 8, zerop 7, randp 8, kuperinp 6
15. 21. netp 7, onep 8, zerop 8, randp 9, kuperinp 6
16. 23. netp 7, onep 8, zerop 9, randp 9, kuperinp 7
17. 24. netp 7, onep 9, zerop 9, randp 9, kuperinp 7
18. 25. netp 8, onep 10, zerop 9, randp 10, kuperinp 8
19. 27. netp 8, onep 10, zerop 10, randp 10, kuperinp 8
20. 28. netp 8, onep 11, zerop 10, randp 11, kuperinp 8
21. 29. netp 8, onep 11, zerop 11, randp 12, kuperinp 8
22. 34. netp 8, onep 11, zerop 12, randp 13, kuperinp 8
23. 38. netp 8, onep 12, zerop 12, randp 13, kuperinp 8
24. 39. netp 9, onep 12, zerop 13, randp 13, kuperinp 8
25. 40. netp 9, onep 13, zerop 13, randp 13, kuperinp 8
26. 43. netp 9, onep 13, zerop 14, randp 13, kuperinp 8
27. 45. netp 9, onep 14, zerop 14, randp 14, kuperinp 8
28. 55. netp 9, onep 15, zerop 14, randp 14, kuperinp 8
29. 59. netp 10, onep 16, zerop 14, randp 15, kuperinp 9
30. 60. netp 10, onep 16, zerop 15, randp 16, kuperinp 9
31. 69. netp 11, onep 16, zerop 16, randp 17, kuperinp 9
32. 73. netp 12, onep 16, zerop 17, randp 18, kuperinp 10
33. 80. netp 13, onep 16, zerop 18, randp 18, kuperinp 10
34. 86. netp 13, onep 16, zerop 19, randp 19, kuperinp 11
35. 87. netp 14, onep 16, zerop 20, randp 19, kuperinp 12
36. 89. netp 14, onep 17, zerop 20, randp 19, kuperinp 12
37. 94. netp 14, onep 18, zerop 20, randp 19, kuperinp 12
38. 100. netp 15, onep 18, zerop 21, randp 20, kuperinp 13
39. 104. netp 15, onep 18, zerop 22, randp 21, kuperinp 14
40. 108. netp 16, onep 18, zerop 23, randp 22, kuperinp 14
41. 112. netp 16, onep 19, zerop 23, randp 23, kuperinp 15
42. 115. netp 17, onep 20, zerop 23, randp 23, kuperinp 16
43. 116. netp 18, onep 21, zerop 23, randp 24, kuperinp 17
44. 117. netp 19, onep 22, zerop 23, randp 25, kuperinp 18
45. 119. netp 19, onep 23, zerop 23, randp 25, kuperinp 19
46. 121. netp 19, onep 23, zerop 24, randp 25, kuperinp 19
47. 122. netp 19, onep 24, zerop 24, randp 25, kuperinp 19
48. 123. netp 20, onep 25, zerop 24, randp 26, kuperinp 20
49. 124. netp 20, onep 25, zerop 25, randp 27, kuperinp 20
50. 126. netp 21, onep 25, zerop 26, randp 28, kuperinp 20
51. 127. netp 21, onep 26, zerop 26, randp 28, kuperinp 20
52. 128. netp 22, onep 27, zerop 26, randp 28, kuperinp 21
53. 130. netp 23, onep 27, zerop 27, randp 28, kuperinp 22
54. 132. netp 23, onep 27, zerop 28, randp 29, kuperinp 22
55. 133. netp 23, onep 28, zerop 28, randp 30, kuperinp 22
56. 141. netp 23, onep 29, zerop 28, randp 30, kuperinp 22
57. 143. netp 23, onep 30, zerop 28, randp 30, kuperinp 22
58. 144. netp 24, onep 30, zerop 29, randp 31, kuperinp 22
59. 150. netp 25, onep 31, zerop 29, randp 31, kuperinp 23
60. 151. netp 26, onep 31, zerop 30, randp 32, kuperinp 23
61. 154. netp 26, onep 32, zerop 30, randp 32, kuperinp 23
62. 155. netp 26, onep 32, zerop 31, randp 32, kuperinp 23
63. 157. netp 26, onep 32, zerop 32, randp 33, kuperinp 23
64. 158. netp 27, onep 32, zerop 33, randp 34, kuperinp 24
65. 161. netp 28, onep 32, zerop 34, randp 34, kuperinp 25
66. 162. netp 29, onep 33, zerop 34, randp 34, kuperinp 25
67. 164. netp 30, onep 34, zerop 34, randp 34, kuperinp 25
68. 166. netp 31, onep 35, zerop 34, randp 35, kuperinp 26
69. 169. netp 31, onep 35, zerop 35, randp 36, kuperinp 26
70. 178. netp 31, onep 35, zerop 36, randp 36, kuperinp 26
71. 186. netp 32, onep 36, zerop 36, randp 36, kuperinp 26
72. 187. netp 32, onep 37, zerop 36, randp 36, kuperinp 27
73. 189. netp 32, onep 38, zerop 36, randp 37, kuperinp 27
74. 190. netp 32, onep 38, zerop 37, randp 38, kuperinp 27
75. 191. netp 32, onep 38, zerop 38, randp 38, kuperinp 28
76. 194. netp 32, onep 39, zerop 38, randp 39, kuperinp 29
77. 195. netp 33, onep 39, zerop 39, randp 40, kuperinp 29
78. 202. netp 34, onep 40, zerop 39, randp 41, kuperinp 29
79. 203. netp 35, onep 41, zerop 39, randp 42, kuperinp 30
80. 223. netp 36, onep 41, zerop 40, randp 42, kuperinp 31
81. 226. netp 37, onep 42, zerop 40, randp 43, kuperinp 32
82. 234. netp 38, onep 42, zerop 41, randp 43, kuperinp 32
83. 235. netp 39, onep 42, zerop 42, randp 43, kuperinp 33
84. 241. netp 40, onep 43, zerop 42, randp 43, kuperinp 34
85. 246. netp 40, onep 43, zerop 43, randp 43, kuperinp 34
86. 258. netp 40, onep 43, zerop 44, randp 44, kuperinp 34
87. 283. netp 40, onep 43, zerop 45, randp 45, kuperinp 34
88. 296. netp 40, onep 44, zerop 45, randp 46, kuperinp 35
89. 297. netp 40, onep 44, zerop 46, randp 47, kuperinp 35
90. 298. netp 41, onep 45, zerop 46, randp 47, kuperinp 35
91. 318. netp 42, onep 46, zerop 46, randp 47, kuperinp 36
92. 321. netp 42, onep 47, zerop 46, randp 47, kuperinp 37
93. 324. netp 42, onep 48, zerop 46, randp 48, kuperinp 38
94. 329. netp 43, onep 48, zerop 47, randp 48, kuperinp 39
95. 338. netp 44, onep 48, zerop 48, randp 49, kuperinp 40
96. 340. netp 45, onep 48, zerop 49, randp 50, kuperinp 41
97. 347. netp 46, onep 48, zerop 50, randp 50, kuperinp 42
98. 348. netp 47, onep 48, zerop 51, randp 51, kuperinp 43
99. 349. netp 48, onep 49, zerop 51, randp 52, kuperinp 43
100. 356. netp 48, onep 50, zerop 51, randp 52, kuperinp 44
101. 368. netp 49, onep 50, zerop 52, randp 52, kuperinp 44
